Log Name:      Microsoft-Windows-PowerShell/Operational
Source:        Microsoft-Windows-PowerShell
Date:          2/23/2025 5:35:56 PM
Event ID:      4103
Task Category: Executing Pipeline
Level:         Information
Keywords:      None
User:          SCCMLAB\vagrant
Computer:      DC.sccm.lab
Description:
CommandInvocation(Get-Content): "Get-Content"
ParameterBinding(Get-Content): name="Path"; value="output.txt"


Context:
        Severity = Informational
        Host Name = ConsoleHost
        Host Version = 5.1.17763.6893
        Host ID = bf93773c-a6cc-4917-b7e8-d5ea48de0af6
        Host Application = C:\Windows\System32\WindowsPowerShell\v1.0\powershell.exe -Command if((Get-ExecutionPolicy ) -ne 'AllSigned') { Set-ExecutionPolicy -Scope Process Bypass }; & 'C:\Users\vagrant\Downloads\Commands\ART1083\ListFolders.ps1'
        Engine Version = 5.1.17763.6893
        Runspace ID = 456e43fe-32d8-47ea-9d94-8bdb65f62a61
        Pipeline ID = 1
        Command Name = Get-Content
        Command Type = Cmdlet
        Script Name = C:\Users\vagrant\Downloads\Commands\ART1083\ListFolders.ps1
        Command Path = 
        Sequence Number = 61
        User = SCCMLAB\vagrant
        Connected User = 
        Shell ID = Microsoft.PowerShell


User Data:


Event Xml:
<Event xmlns="http://schemas.microsoft.com/win/2004/08/events/event">
  <System>
    <Provider Name="Microsoft-Windows-PowerShell" Guid="{a0c1853b-5c40-4b15-8766-3cf1c58f985a}" />
    <EventID>4103</EventID>
    <Version>1</Version>
    <Level>4</Level>
    <Task>106</Task>
    <Opcode>20</Opcode>
    <Keywords>0x0</Keywords>
    <TimeCreated SystemTime="2025-02-24T01:35:56.875677700Z" />
    <EventRecordID>14119</EventRecordID>
    <Correlation ActivityID="{181f2766-865c-0000-2734-1f185c86db01}" />
    <Execution ProcessID="7128" ThreadID="1932" />
    <Channel>Microsoft-Windows-PowerShell/Operational</Channel>
    <Computer>DC.sccm.lab</Computer>
    <Security UserID="S-1-5-21-1995092367-784345370-2199465104-1000" />
  </System>
  <EventData>
    <Data Name="ContextInfo">        Severity = Informational
        Host Name = ConsoleHost
        Host Version = 5.1.17763.6893
        Host ID = bf93773c-a6cc-4917-b7e8-d5ea48de0af6
        Host Application = C:\Windows\System32\WindowsPowerShell\v1.0\powershell.exe -Command if((Get-ExecutionPolicy ) -ne 'AllSigned') { Set-ExecutionPolicy -Scope Process Bypass }; &amp; 'C:\Users\vagrant\Downloads\Commands\ART1083\ListFolders.ps1'
        Engine Version = 5.1.17763.6893
        Runspace ID = 456e43fe-32d8-47ea-9d94-8bdb65f62a61
        Pipeline ID = 1
        Command Name = Get-Content
        Command Type = Cmdlet
        Script Name = C:\Users\vagrant\Downloads\Commands\ART1083\ListFolders.ps1
        Command Path = 
        Sequence Number = 61
        User = SCCMLAB\vagrant
        Connected User = 
        Shell ID = Microsoft.PowerShell
</Data>
    <Data Name="UserData">
    </Data>
    <Data Name="Payload">CommandInvocation(Get-Content): "Get-Content"
ParameterBinding(Get-Content): name="Path"; value="output.txt"
</Data>
  </EventData>
</Event>

Log Name:      Microsoft-Windows-PowerShell/Operational
Source:        Microsoft-Windows-PowerShell
Date:          2/23/2025 5:35:56 PM
Event ID:      4103
Task Category: Executing Pipeline
Level:         Information
Keywords:      None
User:          SCCMLAB\vagrant
Computer:      DC.sccm.lab
Description:
CommandInvocation(Get-ChildItem): "Get-ChildItem"
ParameterBinding(Get-ChildItem): name="Path"; value="C:\Users\/vagrant/AppData/Roaming"
ParameterBinding(Get-ChildItem): name="ErrorAction"; value="SilentlyContinue"
CommandInvocation(Out-File): "Out-File"
ParameterBinding(Out-File): name="Append"; value="True"
ParameterBinding(Out-File): name="FilePath"; value="output.txt"
ParameterBinding(Out-File): name="InputObject"; value="Adobe"
ParameterBinding(Out-File): name="InputObject"; value="IsolatedStorage"
ParameterBinding(Out-File): name="InputObject"; value="Microsoft"
ParameterBinding(Out-File): name="InputObject"; value="NuGet"


Context:
        Severity = Informational
        Host Name = ConsoleHost
        Host Version = 5.1.17763.6893
        Host ID = bf93773c-a6cc-4917-b7e8-d5ea48de0af6
        Host Application = C:\Windows\System32\WindowsPowerShell\v1.0\powershell.exe -Command if((Get-ExecutionPolicy ) -ne 'AllSigned') { Set-ExecutionPolicy -Scope Process Bypass }; & 'C:\Users\vagrant\Downloads\Commands\ART1083\ListFolders.ps1'
        Engine Version = 5.1.17763.6893
        Runspace ID = 456e43fe-32d8-47ea-9d94-8bdb65f62a61
        Pipeline ID = 1
        Command Name = Get-ChildItem
        Command Type = Cmdlet
        Script Name = C:\Users\vagrant\Downloads\Commands\ART1083\ListFolders.ps1
        Command Path = 
        Sequence Number = 59
        User = SCCMLAB\vagrant
        Connected User = 
        Shell ID = Microsoft.PowerShell


User Data:


Event Xml:
<Event xmlns="http://schemas.microsoft.com/win/2004/08/events/event">
  <System>
    <Provider Name="Microsoft-Windows-PowerShell" Guid="{a0c1853b-5c40-4b15-8766-3cf1c58f985a}" />
    <EventID>4103</EventID>
    <Version>1</Version>
    <Level>4</Level>
    <Task>106</Task>
    <Opcode>20</Opcode>
    <Keywords>0x0</Keywords>
    <TimeCreated SystemTime="2025-02-24T01:35:56.681961200Z" />
    <EventRecordID>14118</EventRecordID>
    <Correlation ActivityID="{181f2766-865c-0000-2434-1f185c86db01}" />
    <Execution ProcessID="7128" ThreadID="1932" />
    <Channel>Microsoft-Windows-PowerShell/Operational</Channel>
    <Computer>DC.sccm.lab</Computer>
    <Security UserID="S-1-5-21-1995092367-784345370-2199465104-1000" />
  </System>
  <EventData>
    <Data Name="ContextInfo">        Severity = Informational
        Host Name = ConsoleHost
        Host Version = 5.1.17763.6893
        Host ID = bf93773c-a6cc-4917-b7e8-d5ea48de0af6
        Host Application = C:\Windows\System32\WindowsPowerShell\v1.0\powershell.exe -Command if((Get-ExecutionPolicy ) -ne 'AllSigned') { Set-ExecutionPolicy -Scope Process Bypass }; &amp; 'C:\Users\vagrant\Downloads\Commands\ART1083\ListFolders.ps1'
        Engine Version = 5.1.17763.6893
        Runspace ID = 456e43fe-32d8-47ea-9d94-8bdb65f62a61
        Pipeline ID = 1
        Command Name = Get-ChildItem
        Command Type = Cmdlet
        Script Name = C:\Users\vagrant\Downloads\Commands\ART1083\ListFolders.ps1
        Command Path = 
        Sequence Number = 59
        User = SCCMLAB\vagrant
        Connected User = 
        Shell ID = Microsoft.PowerShell
</Data>
    <Data Name="UserData">
    </Data>
    <Data Name="Payload">CommandInvocation(Get-ChildItem): "Get-ChildItem"
ParameterBinding(Get-ChildItem): name="Path"; value="C:\Users\/vagrant/AppData/Roaming"
ParameterBinding(Get-ChildItem): name="ErrorAction"; value="SilentlyContinue"
CommandInvocation(Out-File): "Out-File"
ParameterBinding(Out-File): name="Append"; value="True"
ParameterBinding(Out-File): name="FilePath"; value="output.txt"
ParameterBinding(Out-File): name="InputObject"; value="Adobe"
ParameterBinding(Out-File): name="InputObject"; value="IsolatedStorage"
ParameterBinding(Out-File): name="InputObject"; value="Microsoft"
ParameterBinding(Out-File): name="InputObject"; value="NuGet"
</Data>
  </EventData>
</Event>

Log Name:      Microsoft-Windows-PowerShell/Operational
Source:        Microsoft-Windows-PowerShell
Date:          2/23/2025 5:35:56 PM
Event ID:      4103
Task Category: Executing Pipeline
Level:         Information
Keywords:      None
User:          SCCMLAB\vagrant
Computer:      DC.sccm.lab
Description:
CommandInvocation(Get-ChildItem): "Get-ChildItem"
ParameterBinding(Get-ChildItem): name="Path"; value="C:\Users\/vagrant/AppData/Local"
ParameterBinding(Get-ChildItem): name="ErrorAction"; value="SilentlyContinue"
CommandInvocation(Out-File): "Out-File"
ParameterBinding(Out-File): name="Append"; value="True"
ParameterBinding(Out-File): name="FilePath"; value="output.txt"
ParameterBinding(Out-File): name="InputObject"; value="ConnectedDevicesPlatform"
ParameterBinding(Out-File): name="InputObject"; value="D3DSCache"
ParameterBinding(Out-File): name="InputObject"; value="IsolatedStorage"
ParameterBinding(Out-File): name="InputObject"; value="Microsoft"
ParameterBinding(Out-File): name="InputObject"; value="Microsoft_Corporation"
ParameterBinding(Out-File): name="InputObject"; value="PackageManagement"
ParameterBinding(Out-File): name="InputObject"; value="Packages"
ParameterBinding(Out-File): name="InputObject"; value="PeerDistRepub"
ParameterBinding(Out-File): name="InputObject"; value="Temp"
ParameterBinding(Out-File): name="InputObject"; value="VirtualStore"


Context:
        Severity = Informational
        Host Name = ConsoleHost
        Host Version = 5.1.17763.6893
        Host ID = bf93773c-a6cc-4917-b7e8-d5ea48de0af6
        Host Application = C:\Windows\System32\WindowsPowerShell\v1.0\powershell.exe -Command if((Get-ExecutionPolicy ) -ne 'AllSigned') { Set-ExecutionPolicy -Scope Process Bypass }; & 'C:\Users\vagrant\Downloads\Commands\ART1083\ListFolders.ps1'
        Engine Version = 5.1.17763.6893
        Runspace ID = 456e43fe-32d8-47ea-9d94-8bdb65f62a61
        Pipeline ID = 1
        Command Name = Get-ChildItem
        Command Type = Cmdlet
        Script Name = C:\Users\vagrant\Downloads\Commands\ART1083\ListFolders.ps1
        Command Path = 
        Sequence Number = 57
        User = SCCMLAB\vagrant
        Connected User = 
        Shell ID = Microsoft.PowerShell


User Data:


Event Xml:
<Event xmlns="http://schemas.microsoft.com/win/2004/08/events/event">
  <System>
    <Provider Name="Microsoft-Windows-PowerShell" Guid="{a0c1853b-5c40-4b15-8766-3cf1c58f985a}" />
    <EventID>4103</EventID>
    <Version>1</Version>
    <Level>4</Level>
    <Task>106</Task>
    <Opcode>20</Opcode>
    <Keywords>0x0</Keywords>
    <TimeCreated SystemTime="2025-02-24T01:35:56.677998600Z" />
    <EventRecordID>14117</EventRecordID>
    <Correlation ActivityID="{181f2766-865c-0001-0438-1f185c86db01}" />
    <Execution ProcessID="7128" ThreadID="1932" />
    <Channel>Microsoft-Windows-PowerShell/Operational</Channel>
    <Computer>DC.sccm.lab</Computer>
    <Security UserID="S-1-5-21-1995092367-784345370-2199465104-1000" />
  </System>
  <EventData>
    <Data Name="ContextInfo">        Severity = Informational
        Host Name = ConsoleHost
        Host Version = 5.1.17763.6893
        Host ID = bf93773c-a6cc-4917-b7e8-d5ea48de0af6
        Host Application = C:\Windows\System32\WindowsPowerShell\v1.0\powershell.exe -Command if((Get-ExecutionPolicy ) -ne 'AllSigned') { Set-ExecutionPolicy -Scope Process Bypass }; &amp; 'C:\Users\vagrant\Downloads\Commands\ART1083\ListFolders.ps1'
        Engine Version = 5.1.17763.6893
        Runspace ID = 456e43fe-32d8-47ea-9d94-8bdb65f62a61
        Pipeline ID = 1
        Command Name = Get-ChildItem
        Command Type = Cmdlet
        Script Name = C:\Users\vagrant\Downloads\Commands\ART1083\ListFolders.ps1
        Command Path = 
        Sequence Number = 57
        User = SCCMLAB\vagrant
        Connected User = 
        Shell ID = Microsoft.PowerShell
</Data>
    <Data Name="UserData">
    </Data>
    <Data Name="Payload">CommandInvocation(Get-ChildItem): "Get-ChildItem"
ParameterBinding(Get-ChildItem): name="Path"; value="C:\Users\/vagrant/AppData/Local"
ParameterBinding(Get-ChildItem): name="ErrorAction"; value="SilentlyContinue"
CommandInvocation(Out-File): "Out-File"
ParameterBinding(Out-File): name="Append"; value="True"
ParameterBinding(Out-File): name="FilePath"; value="output.txt"
ParameterBinding(Out-File): name="InputObject"; value="ConnectedDevicesPlatform"
ParameterBinding(Out-File): name="InputObject"; value="D3DSCache"
ParameterBinding(Out-File): name="InputObject"; value="IsolatedStorage"
ParameterBinding(Out-File): name="InputObject"; value="Microsoft"
ParameterBinding(Out-File): name="InputObject"; value="Microsoft_Corporation"
ParameterBinding(Out-File): name="InputObject"; value="PackageManagement"
ParameterBinding(Out-File): name="InputObject"; value="Packages"
ParameterBinding(Out-File): name="InputObject"; value="PeerDistRepub"
ParameterBinding(Out-File): name="InputObject"; value="Temp"
ParameterBinding(Out-File): name="InputObject"; value="VirtualStore"
</Data>
  </EventData>
</Event>

Log Name:      Microsoft-Windows-PowerShell/Operational
Source:        Microsoft-Windows-PowerShell
Date:          2/23/2025 5:35:56 PM
Event ID:      4103
Task Category: Executing Pipeline
Level:         Information
Keywords:      None
User:          SCCMLAB\vagrant
Computer:      DC.sccm.lab
Description:
CommandInvocation(Get-ChildItem): "Get-ChildItem"
ParameterBinding(Get-ChildItem): name="Path"; value="C:\Users\/vagrant/Documents"
ParameterBinding(Get-ChildItem): name="ErrorAction"; value="SilentlyContinue"
CommandInvocation(Out-File): "Out-File"
ParameterBinding(Out-File): name="Append"; value="True"
ParameterBinding(Out-File): name="FilePath"; value="output.txt"
ParameterBinding(Out-File): name="InputObject"; value="WindowsPowerShell"


Context:
        Severity = Informational
        Host Name = ConsoleHost
        Host Version = 5.1.17763.6893
        Host ID = bf93773c-a6cc-4917-b7e8-d5ea48de0af6
        Host Application = C:\Windows\System32\WindowsPowerShell\v1.0\powershell.exe -Command if((Get-ExecutionPolicy ) -ne 'AllSigned') { Set-ExecutionPolicy -Scope Process Bypass }; & 'C:\Users\vagrant\Downloads\Commands\ART1083\ListFolders.ps1'
        Engine Version = 5.1.17763.6893
        Runspace ID = 456e43fe-32d8-47ea-9d94-8bdb65f62a61
        Pipeline ID = 1
        Command Name = Get-ChildItem
        Command Type = Cmdlet
        Script Name = C:\Users\vagrant\Downloads\Commands\ART1083\ListFolders.ps1
        Command Path = 
        Sequence Number = 55
        User = SCCMLAB\vagrant
        Connected User = 
        Shell ID = Microsoft.PowerShell


User Data:


Event Xml:
<Event xmlns="http://schemas.microsoft.com/win/2004/08/events/event">
  <System>
    <Provider Name="Microsoft-Windows-PowerShell" Guid="{a0c1853b-5c40-4b15-8766-3cf1c58f985a}" />
    <EventID>4103</EventID>
    <Version>1</Version>
    <Level>4</Level>
    <Task>106</Task>
    <Opcode>20</Opcode>
    <Keywords>0x0</Keywords>
    <TimeCreated SystemTime="2025-02-24T01:35:56.673507400Z" />
    <EventRecordID>14116</EventRecordID>
    <Correlation ActivityID="{181f2766-865c-0001-0038-1f185c86db01}" />
    <Execution ProcessID="7128" ThreadID="1932" />
    <Channel>Microsoft-Windows-PowerShell/Operational</Channel>
    <Computer>DC.sccm.lab</Computer>
    <Security UserID="S-1-5-21-1995092367-784345370-2199465104-1000" />
  </System>
  <EventData>
    <Data Name="ContextInfo">        Severity = Informational
        Host Name = ConsoleHost
        Host Version = 5.1.17763.6893
        Host ID = bf93773c-a6cc-4917-b7e8-d5ea48de0af6
        Host Application = C:\Windows\System32\WindowsPowerShell\v1.0\powershell.exe -Command if((Get-ExecutionPolicy ) -ne 'AllSigned') { Set-ExecutionPolicy -Scope Process Bypass }; &amp; 'C:\Users\vagrant\Downloads\Commands\ART1083\ListFolders.ps1'
        Engine Version = 5.1.17763.6893
        Runspace ID = 456e43fe-32d8-47ea-9d94-8bdb65f62a61
        Pipeline ID = 1
        Command Name = Get-ChildItem
        Command Type = Cmdlet
        Script Name = C:\Users\vagrant\Downloads\Commands\ART1083\ListFolders.ps1
        Command Path = 
        Sequence Number = 55
        User = SCCMLAB\vagrant
        Connected User = 
        Shell ID = Microsoft.PowerShell
</Data>
    <Data Name="UserData">
    </Data>
    <Data Name="Payload">CommandInvocation(Get-ChildItem): "Get-ChildItem"
ParameterBinding(Get-ChildItem): name="Path"; value="C:\Users\/vagrant/Documents"
ParameterBinding(Get-ChildItem): name="ErrorAction"; value="SilentlyContinue"
CommandInvocation(Out-File): "Out-File"
ParameterBinding(Out-File): name="Append"; value="True"
ParameterBinding(Out-File): name="FilePath"; value="output.txt"
ParameterBinding(Out-File): name="InputObject"; value="WindowsPowerShell"
</Data>
  </EventData>
</Event>

Log Name:      Microsoft-Windows-PowerShell/Operational
Source:        Microsoft-Windows-PowerShell
Date:          2/23/2025 5:35:56 PM
Event ID:      4103
Task Category: Executing Pipeline
Level:         Information
Keywords:      None
User:          SCCMLAB\vagrant
Computer:      DC.sccm.lab
Description:
CommandInvocation(Get-ChildItem): "Get-ChildItem"
ParameterBinding(Get-ChildItem): name="Path"; value="C:\Users\/vagrant/Downloads"
ParameterBinding(Get-ChildItem): name="ErrorAction"; value="SilentlyContinue"
CommandInvocation(Out-File): "Out-File"
ParameterBinding(Out-File): name="Append"; value="True"
ParameterBinding(Out-File): name="FilePath"; value="output.txt"
ParameterBinding(Out-File): name="InputObject"; value="Commands"
ParameterBinding(Out-File): name="InputObject"; value="!safe_command!_output.txt"
ParameterBinding(Out-File): name="InputObject"; value="Invoke-Rubeus.ps1"


Context:
        Severity = Informational
        Host Name = ConsoleHost
        Host Version = 5.1.17763.6893
        Host ID = bf93773c-a6cc-4917-b7e8-d5ea48de0af6
        Host Application = C:\Windows\System32\WindowsPowerShell\v1.0\powershell.exe -Command if((Get-ExecutionPolicy ) -ne 'AllSigned') { Set-ExecutionPolicy -Scope Process Bypass }; & 'C:\Users\vagrant\Downloads\Commands\ART1083\ListFolders.ps1'
        Engine Version = 5.1.17763.6893
        Runspace ID = 456e43fe-32d8-47ea-9d94-8bdb65f62a61
        Pipeline ID = 1
        Command Name = Get-ChildItem
        Command Type = Cmdlet
        Script Name = C:\Users\vagrant\Downloads\Commands\ART1083\ListFolders.ps1
        Command Path = 
        Sequence Number = 53
        User = SCCMLAB\vagrant
        Connected User = 
        Shell ID = Microsoft.PowerShell


User Data:


Event Xml:
<Event xmlns="http://schemas.microsoft.com/win/2004/08/events/event">
  <System>
    <Provider Name="Microsoft-Windows-PowerShell" Guid="{a0c1853b-5c40-4b15-8766-3cf1c58f985a}" />
    <EventID>4103</EventID>
    <Version>1</Version>
    <Level>4</Level>
    <Task>106</Task>
    <Opcode>20</Opcode>
    <Keywords>0x0</Keywords>
    <TimeCreated SystemTime="2025-02-24T01:35:56.671172600Z" />
    <EventRecordID>14115</EventRecordID>
    <Correlation ActivityID="{181f2766-865c-0001-fc37-1f185c86db01}" />
    <Execution ProcessID="7128" ThreadID="1932" />
    <Channel>Microsoft-Windows-PowerShell/Operational</Channel>
    <Computer>DC.sccm.lab</Computer>
    <Security UserID="S-1-5-21-1995092367-784345370-2199465104-1000" />
  </System>
  <EventData>
    <Data Name="ContextInfo">        Severity = Informational
        Host Name = ConsoleHost
        Host Version = 5.1.17763.6893
        Host ID = bf93773c-a6cc-4917-b7e8-d5ea48de0af6
        Host Application = C:\Windows\System32\WindowsPowerShell\v1.0\powershell.exe -Command if((Get-ExecutionPolicy ) -ne 'AllSigned') { Set-ExecutionPolicy -Scope Process Bypass }; &amp; 'C:\Users\vagrant\Downloads\Commands\ART1083\ListFolders.ps1'
        Engine Version = 5.1.17763.6893
        Runspace ID = 456e43fe-32d8-47ea-9d94-8bdb65f62a61
        Pipeline ID = 1
        Command Name = Get-ChildItem
        Command Type = Cmdlet
        Script Name = C:\Users\vagrant\Downloads\Commands\ART1083\ListFolders.ps1
        Command Path = 
        Sequence Number = 53
        User = SCCMLAB\vagrant
        Connected User = 
        Shell ID = Microsoft.PowerShell
</Data>
    <Data Name="UserData">
    </Data>
    <Data Name="Payload">CommandInvocation(Get-ChildItem): "Get-ChildItem"
ParameterBinding(Get-ChildItem): name="Path"; value="C:\Users\/vagrant/Downloads"
ParameterBinding(Get-ChildItem): name="ErrorAction"; value="SilentlyContinue"
CommandInvocation(Out-File): "Out-File"
ParameterBinding(Out-File): name="Append"; value="True"
ParameterBinding(Out-File): name="FilePath"; value="output.txt"
ParameterBinding(Out-File): name="InputObject"; value="Commands"
ParameterBinding(Out-File): name="InputObject"; value="!safe_command!_output.txt"
ParameterBinding(Out-File): name="InputObject"; value="Invoke-Rubeus.ps1"
</Data>
  </EventData>
</Event>

Log Name:      Microsoft-Windows-PowerShell/Operational
Source:        Microsoft-Windows-PowerShell
Date:          2/23/2025 5:35:56 PM
Event ID:      4103
Task Category: Executing Pipeline
Level:         Information
Keywords:      None
User:          SCCMLAB\vagrant
Computer:      DC.sccm.lab
Description:
CommandInvocation(Get-ChildItem): "Get-ChildItem"
ParameterBinding(Get-ChildItem): name="Path"; value="C:\Users\/vagrant/Desktop"
ParameterBinding(Get-ChildItem): name="ErrorAction"; value="SilentlyContinue"
CommandInvocation(Out-File): "Out-File"
ParameterBinding(Out-File): name="Append"; value="True"
ParameterBinding(Out-File): name="FilePath"; value="output.txt"


Context:
        Severity = Informational
        Host Name = ConsoleHost
        Host Version = 5.1.17763.6893
        Host ID = bf93773c-a6cc-4917-b7e8-d5ea48de0af6
        Host Application = C:\Windows\System32\WindowsPowerShell\v1.0\powershell.exe -Command if((Get-ExecutionPolicy ) -ne 'AllSigned') { Set-ExecutionPolicy -Scope Process Bypass }; & 'C:\Users\vagrant\Downloads\Commands\ART1083\ListFolders.ps1'
        Engine Version = 5.1.17763.6893
        Runspace ID = 456e43fe-32d8-47ea-9d94-8bdb65f62a61
        Pipeline ID = 1
        Command Name = Get-ChildItem
        Command Type = Cmdlet
        Script Name = C:\Users\vagrant\Downloads\Commands\ART1083\ListFolders.ps1
        Command Path = 
        Sequence Number = 51
        User = SCCMLAB\vagrant
        Connected User = 
        Shell ID = Microsoft.PowerShell


User Data:


Event Xml:
<Event xmlns="http://schemas.microsoft.com/win/2004/08/events/event">
  <System>
    <Provider Name="Microsoft-Windows-PowerShell" Guid="{a0c1853b-5c40-4b15-8766-3cf1c58f985a}" />
    <EventID>4103</EventID>
    <Version>1</Version>
    <Level>4</Level>
    <Task>106</Task>
    <Opcode>20</Opcode>
    <Keywords>0x0</Keywords>
    <TimeCreated SystemTime="2025-02-24T01:35:56.667607900Z" />
    <EventRecordID>14114</EventRecordID>
    <Correlation ActivityID="{181f2766-865c-0001-fa37-1f185c86db01}" />
    <Execution ProcessID="7128" ThreadID="1932" />
    <Channel>Microsoft-Windows-PowerShell/Operational</Channel>
    <Computer>DC.sccm.lab</Computer>
    <Security UserID="S-1-5-21-1995092367-784345370-2199465104-1000" />
  </System>
  <EventData>
    <Data Name="ContextInfo">        Severity = Informational
        Host Name = ConsoleHost
        Host Version = 5.1.17763.6893
        Host ID = bf93773c-a6cc-4917-b7e8-d5ea48de0af6
        Host Application = C:\Windows\System32\WindowsPowerShell\v1.0\powershell.exe -Command if((Get-ExecutionPolicy ) -ne 'AllSigned') { Set-ExecutionPolicy -Scope Process Bypass }; &amp; 'C:\Users\vagrant\Downloads\Commands\ART1083\ListFolders.ps1'
        Engine Version = 5.1.17763.6893
        Runspace ID = 456e43fe-32d8-47ea-9d94-8bdb65f62a61
        Pipeline ID = 1
        Command Name = Get-ChildItem
        Command Type = Cmdlet
        Script Name = C:\Users\vagrant\Downloads\Commands\ART1083\ListFolders.ps1
        Command Path = 
        Sequence Number = 51
        User = SCCMLAB\vagrant
        Connected User = 
        Shell ID = Microsoft.PowerShell
</Data>
    <Data Name="UserData">
    </Data>
    <Data Name="Payload">CommandInvocation(Get-ChildItem): "Get-ChildItem"
ParameterBinding(Get-ChildItem): name="Path"; value="C:\Users\/vagrant/Desktop"
ParameterBinding(Get-ChildItem): name="ErrorAction"; value="SilentlyContinue"
CommandInvocation(Out-File): "Out-File"
ParameterBinding(Out-File): name="Append"; value="True"
ParameterBinding(Out-File): name="FilePath"; value="output.txt"
</Data>
  </EventData>
</Event>

Log Name:      Microsoft-Windows-PowerShell/Operational
Source:        Microsoft-Windows-PowerShell
Date:          2/23/2025 5:35:56 PM
Event ID:      4103
Task Category: Executing Pipeline
Level:         Information
Keywords:      None
User:          SCCMLAB\vagrant
Computer:      DC.sccm.lab
Description:
CommandInvocation(Get-ChildItem): "Get-ChildItem"
ParameterBinding(Get-ChildItem): name="Path"; value="C:\Users\/Public/AppData/Roaming"
ParameterBinding(Get-ChildItem): name="ErrorAction"; value="SilentlyContinue"
CommandInvocation(Out-File): "Out-File"
ParameterBinding(Out-File): name="Append"; value="True"
ParameterBinding(Out-File): name="FilePath"; value="output.txt"
NonTerminatingError(Get-ChildItem): "Cannot find path 'C:\Users\Public\AppData\Roaming' because it does not exist."


Context:
        Severity = Informational
        Host Name = ConsoleHost
        Host Version = 5.1.17763.6893
        Host ID = bf93773c-a6cc-4917-b7e8-d5ea48de0af6
        Host Application = C:\Windows\System32\WindowsPowerShell\v1.0\powershell.exe -Command if((Get-ExecutionPolicy ) -ne 'AllSigned') { Set-ExecutionPolicy -Scope Process Bypass }; & 'C:\Users\vagrant\Downloads\Commands\ART1083\ListFolders.ps1'
        Engine Version = 5.1.17763.6893
        Runspace ID = 456e43fe-32d8-47ea-9d94-8bdb65f62a61
        Pipeline ID = 1
        Command Name = Get-ChildItem
        Command Type = Cmdlet
        Script Name = C:\Users\vagrant\Downloads\Commands\ART1083\ListFolders.ps1
        Command Path = 
        Sequence Number = 49
        User = SCCMLAB\vagrant
        Connected User = 
        Shell ID = Microsoft.PowerShell


User Data:


Event Xml:
<Event xmlns="http://schemas.microsoft.com/win/2004/08/events/event">
  <System>
    <Provider Name="Microsoft-Windows-PowerShell" Guid="{a0c1853b-5c40-4b15-8766-3cf1c58f985a}" />
    <EventID>4103</EventID>
    <Version>1</Version>
    <Level>4</Level>
    <Task>106</Task>
    <Opcode>20</Opcode>
    <Keywords>0x0</Keywords>
    <TimeCreated SystemTime="2025-02-24T01:35:56.667068200Z" />
    <EventRecordID>14113</EventRecordID>
    <Correlation ActivityID="{181f2766-865c-0001-f837-1f185c86db01}" />
    <Execution ProcessID="7128" ThreadID="1932" />
    <Channel>Microsoft-Windows-PowerShell/Operational</Channel>
    <Computer>DC.sccm.lab</Computer>
    <Security UserID="S-1-5-21-1995092367-784345370-2199465104-1000" />
  </System>
  <EventData>
    <Data Name="ContextInfo">        Severity = Informational
        Host Name = ConsoleHost
        Host Version = 5.1.17763.6893
        Host ID = bf93773c-a6cc-4917-b7e8-d5ea48de0af6
        Host Application = C:\Windows\System32\WindowsPowerShell\v1.0\powershell.exe -Command if((Get-ExecutionPolicy ) -ne 'AllSigned') { Set-ExecutionPolicy -Scope Process Bypass }; &amp; 'C:\Users\vagrant\Downloads\Commands\ART1083\ListFolders.ps1'
        Engine Version = 5.1.17763.6893
        Runspace ID = 456e43fe-32d8-47ea-9d94-8bdb65f62a61
        Pipeline ID = 1
        Command Name = Get-ChildItem
        Command Type = Cmdlet
        Script Name = C:\Users\vagrant\Downloads\Commands\ART1083\ListFolders.ps1
        Command Path = 
        Sequence Number = 49
        User = SCCMLAB\vagrant
        Connected User = 
        Shell ID = Microsoft.PowerShell
</Data>
    <Data Name="UserData">
    </Data>
    <Data Name="Payload">CommandInvocation(Get-ChildItem): "Get-ChildItem"
ParameterBinding(Get-ChildItem): name="Path"; value="C:\Users\/Public/AppData/Roaming"
ParameterBinding(Get-ChildItem): name="ErrorAction"; value="SilentlyContinue"
CommandInvocation(Out-File): "Out-File"
ParameterBinding(Out-File): name="Append"; value="True"
ParameterBinding(Out-File): name="FilePath"; value="output.txt"
NonTerminatingError(Get-ChildItem): "Cannot find path 'C:\Users\Public\AppData\Roaming' because it does not exist."
</Data>
  </EventData>
</Event>

Log Name:      Microsoft-Windows-PowerShell/Operational
Source:        Microsoft-Windows-PowerShell
Date:          2/23/2025 5:35:56 PM
Event ID:      4103
Task Category: Executing Pipeline
Level:         Information
Keywords:      None
User:          SCCMLAB\vagrant
Computer:      DC.sccm.lab
Description:
CommandInvocation(Get-ChildItem): "Get-ChildItem"
ParameterBinding(Get-ChildItem): name="Path"; value="C:\Users\/Public/AppData/Local"
ParameterBinding(Get-ChildItem): name="ErrorAction"; value="SilentlyContinue"
CommandInvocation(Out-File): "Out-File"
ParameterBinding(Out-File): name="Append"; value="True"
ParameterBinding(Out-File): name="FilePath"; value="output.txt"
NonTerminatingError(Get-ChildItem): "Cannot find path 'C:\Users\Public\AppData\Local' because it does not exist."


Context:
        Severity = Informational
        Host Name = ConsoleHost
        Host Version = 5.1.17763.6893
        Host ID = bf93773c-a6cc-4917-b7e8-d5ea48de0af6
        Host Application = C:\Windows\System32\WindowsPowerShell\v1.0\powershell.exe -Command if((Get-ExecutionPolicy ) -ne 'AllSigned') { Set-ExecutionPolicy -Scope Process Bypass }; & 'C:\Users\vagrant\Downloads\Commands\ART1083\ListFolders.ps1'
        Engine Version = 5.1.17763.6893
        Runspace ID = 456e43fe-32d8-47ea-9d94-8bdb65f62a61
        Pipeline ID = 1
        Command Name = Get-ChildItem
        Command Type = Cmdlet
        Script Name = C:\Users\vagrant\Downloads\Commands\ART1083\ListFolders.ps1
        Command Path = 
        Sequence Number = 47
        User = SCCMLAB\vagrant
        Connected User = 
        Shell ID = Microsoft.PowerShell


User Data:


Event Xml:
<Event xmlns="http://schemas.microsoft.com/win/2004/08/events/event">
  <System>
    <Provider Name="Microsoft-Windows-PowerShell" Guid="{a0c1853b-5c40-4b15-8766-3cf1c58f985a}" />
    <EventID>4103</EventID>
    <Version>1</Version>
    <Level>4</Level>
    <Task>106</Task>
    <Opcode>20</Opcode>
    <Keywords>0x0</Keywords>
    <TimeCreated SystemTime="2025-02-24T01:35:56.666597200Z" />
    <EventRecordID>14112</EventRecordID>
    <Correlation ActivityID="{181f2766-865c-0001-f637-1f185c86db01}" />
    <Execution ProcessID="7128" ThreadID="1932" />
    <Channel>Microsoft-Windows-PowerShell/Operational</Channel>
    <Computer>DC.sccm.lab</Computer>
    <Security UserID="S-1-5-21-1995092367-784345370-2199465104-1000" />
  </System>
  <EventData>
    <Data Name="ContextInfo">        Severity = Informational
        Host Name = ConsoleHost
        Host Version = 5.1.17763.6893
        Host ID = bf93773c-a6cc-4917-b7e8-d5ea48de0af6
        Host Application = C:\Windows\System32\WindowsPowerShell\v1.0\powershell.exe -Command if((Get-ExecutionPolicy ) -ne 'AllSigned') { Set-ExecutionPolicy -Scope Process Bypass }; &amp; 'C:\Users\vagrant\Downloads\Commands\ART1083\ListFolders.ps1'
        Engine Version = 5.1.17763.6893
        Runspace ID = 456e43fe-32d8-47ea-9d94-8bdb65f62a61
        Pipeline ID = 1
        Command Name = Get-ChildItem
        Command Type = Cmdlet
        Script Name = C:\Users\vagrant\Downloads\Commands\ART1083\ListFolders.ps1
        Command Path = 
        Sequence Number = 47
        User = SCCMLAB\vagrant
        Connected User = 
        Shell ID = Microsoft.PowerShell
</Data>
    <Data Name="UserData">
    </Data>
    <Data Name="Payload">CommandInvocation(Get-ChildItem): "Get-ChildItem"
ParameterBinding(Get-ChildItem): name="Path"; value="C:\Users\/Public/AppData/Local"
ParameterBinding(Get-ChildItem): name="ErrorAction"; value="SilentlyContinue"
CommandInvocation(Out-File): "Out-File"
ParameterBinding(Out-File): name="Append"; value="True"
ParameterBinding(Out-File): name="FilePath"; value="output.txt"
NonTerminatingError(Get-ChildItem): "Cannot find path 'C:\Users\Public\AppData\Local' because it does not exist."
</Data>
  </EventData>
</Event>

Log Name:      Microsoft-Windows-PowerShell/Operational
Source:        Microsoft-Windows-PowerShell
Date:          2/23/2025 5:35:56 PM
Event ID:      4103
Task Category: Executing Pipeline
Level:         Information
Keywords:      None
User:          SCCMLAB\vagrant
Computer:      DC.sccm.lab
Description:
CommandInvocation(Get-ChildItem): "Get-ChildItem"
ParameterBinding(Get-ChildItem): name="Path"; value="C:\Users\/Public/Documents"
ParameterBinding(Get-ChildItem): name="ErrorAction"; value="SilentlyContinue"
CommandInvocation(Out-File): "Out-File"
ParameterBinding(Out-File): name="Append"; value="True"
ParameterBinding(Out-File): name="FilePath"; value="output.txt"


Context:
        Severity = Informational
        Host Name = ConsoleHost
        Host Version = 5.1.17763.6893
        Host ID = bf93773c-a6cc-4917-b7e8-d5ea48de0af6
        Host Application = C:\Windows\System32\WindowsPowerShell\v1.0\powershell.exe -Command if((Get-ExecutionPolicy ) -ne 'AllSigned') { Set-ExecutionPolicy -Scope Process Bypass }; & 'C:\Users\vagrant\Downloads\Commands\ART1083\ListFolders.ps1'
        Engine Version = 5.1.17763.6893
        Runspace ID = 456e43fe-32d8-47ea-9d94-8bdb65f62a61
        Pipeline ID = 1
        Command Name = Get-ChildItem
        Command Type = Cmdlet
        Script Name = C:\Users\vagrant\Downloads\Commands\ART1083\ListFolders.ps1
        Command Path = 
        Sequence Number = 45
        User = SCCMLAB\vagrant
        Connected User = 
        Shell ID = Microsoft.PowerShell


User Data:


Event Xml:
<Event xmlns="http://schemas.microsoft.com/win/2004/08/events/event">
  <System>
    <Provider Name="Microsoft-Windows-PowerShell" Guid="{a0c1853b-5c40-4b15-8766-3cf1c58f985a}" />
    <EventID>4103</EventID>
    <Version>1</Version>
    <Level>4</Level>
    <Task>106</Task>
    <Opcode>20</Opcode>
    <Keywords>0x0</Keywords>
    <TimeCreated SystemTime="2025-02-24T01:35:56.666017700Z" />
    <EventRecordID>14111</EventRecordID>
    <Correlation ActivityID="{181f2766-865c-0000-2234-1f185c86db01}" />
    <Execution ProcessID="7128" ThreadID="1932" />
    <Channel>Microsoft-Windows-PowerShell/Operational</Channel>
    <Computer>DC.sccm.lab</Computer>
    <Security UserID="S-1-5-21-1995092367-784345370-2199465104-1000" />
  </System>
  <EventData>
    <Data Name="ContextInfo">        Severity = Informational
        Host Name = ConsoleHost
        Host Version = 5.1.17763.6893
        Host ID = bf93773c-a6cc-4917-b7e8-d5ea48de0af6
        Host Application = C:\Windows\System32\WindowsPowerShell\v1.0\powershell.exe -Command if((Get-ExecutionPolicy ) -ne 'AllSigned') { Set-ExecutionPolicy -Scope Process Bypass }; &amp; 'C:\Users\vagrant\Downloads\Commands\ART1083\ListFolders.ps1'
        Engine Version = 5.1.17763.6893
        Runspace ID = 456e43fe-32d8-47ea-9d94-8bdb65f62a61
        Pipeline ID = 1
        Command Name = Get-ChildItem
        Command Type = Cmdlet
        Script Name = C:\Users\vagrant\Downloads\Commands\ART1083\ListFolders.ps1
        Command Path = 
        Sequence Number = 45
        User = SCCMLAB\vagrant
        Connected User = 
        Shell ID = Microsoft.PowerShell
</Data>
    <Data Name="UserData">
    </Data>
    <Data Name="Payload">CommandInvocation(Get-ChildItem): "Get-ChildItem"
ParameterBinding(Get-ChildItem): name="Path"; value="C:\Users\/Public/Documents"
ParameterBinding(Get-ChildItem): name="ErrorAction"; value="SilentlyContinue"
CommandInvocation(Out-File): "Out-File"
ParameterBinding(Out-File): name="Append"; value="True"
ParameterBinding(Out-File): name="FilePath"; value="output.txt"
</Data>
  </EventData>
</Event>

Log Name:      Microsoft-Windows-PowerShell/Operational
Source:        Microsoft-Windows-PowerShell
Date:          2/23/2025 5:35:56 PM
Event ID:      4103
Task Category: Executing Pipeline
Level:         Information
Keywords:      None
User:          SCCMLAB\vagrant
Computer:      DC.sccm.lab
Description:
CommandInvocation(Get-ChildItem): "Get-ChildItem"
ParameterBinding(Get-ChildItem): name="Path"; value="C:\Users\/Public/Downloads"
ParameterBinding(Get-ChildItem): name="ErrorAction"; value="SilentlyContinue"
CommandInvocation(Out-File): "Out-File"
ParameterBinding(Out-File): name="Append"; value="True"
ParameterBinding(Out-File): name="FilePath"; value="output.txt"


Context:
        Severity = Informational
        Host Name = ConsoleHost
        Host Version = 5.1.17763.6893
        Host ID = bf93773c-a6cc-4917-b7e8-d5ea48de0af6
        Host Application = C:\Windows\System32\WindowsPowerShell\v1.0\powershell.exe -Command if((Get-ExecutionPolicy ) -ne 'AllSigned') { Set-ExecutionPolicy -Scope Process Bypass }; & 'C:\Users\vagrant\Downloads\Commands\ART1083\ListFolders.ps1'
        Engine Version = 5.1.17763.6893
        Runspace ID = 456e43fe-32d8-47ea-9d94-8bdb65f62a61
        Pipeline ID = 1
        Command Name = Get-ChildItem
        Command Type = Cmdlet
        Script Name = C:\Users\vagrant\Downloads\Commands\ART1083\ListFolders.ps1
        Command Path = 
        Sequence Number = 43
        User = SCCMLAB\vagrant
        Connected User = 
        Shell ID = Microsoft.PowerShell


User Data:


Event Xml:
<Event xmlns="http://schemas.microsoft.com/win/2004/08/events/event">
  <System>
    <Provider Name="Microsoft-Windows-PowerShell" Guid="{a0c1853b-5c40-4b15-8766-3cf1c58f985a}" />
    <EventID>4103</EventID>
    <Version>1</Version>
    <Level>4</Level>
    <Task>106</Task>
    <Opcode>20</Opcode>
    <Keywords>0x0</Keywords>
    <TimeCreated SystemTime="2025-02-24T01:35:56.665024100Z" />
    <EventRecordID>14110</EventRecordID>
    <Correlation ActivityID="{181f2766-865c-0000-2034-1f185c86db01}" />
    <Execution ProcessID="7128" ThreadID="1932" />
    <Channel>Microsoft-Windows-PowerShell/Operational</Channel>
    <Computer>DC.sccm.lab</Computer>
    <Security UserID="S-1-5-21-1995092367-784345370-2199465104-1000" />
  </System>
  <EventData>
    <Data Name="ContextInfo">        Severity = Informational
        Host Name = ConsoleHost
        Host Version = 5.1.17763.6893
        Host ID = bf93773c-a6cc-4917-b7e8-d5ea48de0af6
        Host Application = C:\Windows\System32\WindowsPowerShell\v1.0\powershell.exe -Command if((Get-ExecutionPolicy ) -ne 'AllSigned') { Set-ExecutionPolicy -Scope Process Bypass }; &amp; 'C:\Users\vagrant\Downloads\Commands\ART1083\ListFolders.ps1'
        Engine Version = 5.1.17763.6893
        Runspace ID = 456e43fe-32d8-47ea-9d94-8bdb65f62a61
        Pipeline ID = 1
        Command Name = Get-ChildItem
        Command Type = Cmdlet
        Script Name = C:\Users\vagrant\Downloads\Commands\ART1083\ListFolders.ps1
        Command Path = 
        Sequence Number = 43
        User = SCCMLAB\vagrant
        Connected User = 
        Shell ID = Microsoft.PowerShell
</Data>
    <Data Name="UserData">
    </Data>
    <Data Name="Payload">CommandInvocation(Get-ChildItem): "Get-ChildItem"
ParameterBinding(Get-ChildItem): name="Path"; value="C:\Users\/Public/Downloads"
ParameterBinding(Get-ChildItem): name="ErrorAction"; value="SilentlyContinue"
CommandInvocation(Out-File): "Out-File"
ParameterBinding(Out-File): name="Append"; value="True"
ParameterBinding(Out-File): name="FilePath"; value="output.txt"
</Data>
  </EventData>
</Event>

Log Name:      Microsoft-Windows-PowerShell/Operational
Source:        Microsoft-Windows-PowerShell
Date:          2/23/2025 5:35:56 PM
Event ID:      4103
Task Category: Executing Pipeline
Level:         Information
Keywords:      None
User:          SCCMLAB\vagrant
Computer:      DC.sccm.lab
Description:
CommandInvocation(Get-ChildItem): "Get-ChildItem"
ParameterBinding(Get-ChildItem): name="Path"; value="C:\Users\/Public/Desktop"
ParameterBinding(Get-ChildItem): name="ErrorAction"; value="SilentlyContinue"
CommandInvocation(Out-File): "Out-File"
ParameterBinding(Out-File): name="Append"; value="True"
ParameterBinding(Out-File): name="FilePath"; value="output.txt"
ParameterBinding(Out-File): name="InputObject"; value="VMware Shared Folders.lnk"


Context:
        Severity = Informational
        Host Name = ConsoleHost
        Host Version = 5.1.17763.6893
        Host ID = bf93773c-a6cc-4917-b7e8-d5ea48de0af6
        Host Application = C:\Windows\System32\WindowsPowerShell\v1.0\powershell.exe -Command if((Get-ExecutionPolicy ) -ne 'AllSigned') { Set-ExecutionPolicy -Scope Process Bypass }; & 'C:\Users\vagrant\Downloads\Commands\ART1083\ListFolders.ps1'
        Engine Version = 5.1.17763.6893
        Runspace ID = 456e43fe-32d8-47ea-9d94-8bdb65f62a61
        Pipeline ID = 1
        Command Name = Get-ChildItem
        Command Type = Cmdlet
        Script Name = C:\Users\vagrant\Downloads\Commands\ART1083\ListFolders.ps1
        Command Path = 
        Sequence Number = 41
        User = SCCMLAB\vagrant
        Connected User = 
        Shell ID = Microsoft.PowerShell


User Data:


Event Xml:
<Event xmlns="http://schemas.microsoft.com/win/2004/08/events/event">
  <System>
    <Provider Name="Microsoft-Windows-PowerShell" Guid="{a0c1853b-5c40-4b15-8766-3cf1c58f985a}" />
    <EventID>4103</EventID>
    <Version>1</Version>
    <Level>4</Level>
    <Task>106</Task>
    <Opcode>20</Opcode>
    <Keywords>0x0</Keywords>
    <TimeCreated SystemTime="2025-02-24T01:35:56.664048100Z" />
    <EventRecordID>14109</EventRecordID>
    <Correlation ActivityID="{181f2766-865c-0001-f237-1f185c86db01}" />
    <Execution ProcessID="7128" ThreadID="1932" />
    <Channel>Microsoft-Windows-PowerShell/Operational</Channel>
    <Computer>DC.sccm.lab</Computer>
    <Security UserID="S-1-5-21-1995092367-784345370-2199465104-1000" />
  </System>
  <EventData>
    <Data Name="ContextInfo">        Severity = Informational
        Host Name = ConsoleHost
        Host Version = 5.1.17763.6893
        Host ID = bf93773c-a6cc-4917-b7e8-d5ea48de0af6
        Host Application = C:\Windows\System32\WindowsPowerShell\v1.0\powershell.exe -Command if((Get-ExecutionPolicy ) -ne 'AllSigned') { Set-ExecutionPolicy -Scope Process Bypass }; &amp; 'C:\Users\vagrant\Downloads\Commands\ART1083\ListFolders.ps1'
        Engine Version = 5.1.17763.6893
        Runspace ID = 456e43fe-32d8-47ea-9d94-8bdb65f62a61
        Pipeline ID = 1
        Command Name = Get-ChildItem
        Command Type = Cmdlet
        Script Name = C:\Users\vagrant\Downloads\Commands\ART1083\ListFolders.ps1
        Command Path = 
        Sequence Number = 41
        User = SCCMLAB\vagrant
        Connected User = 
        Shell ID = Microsoft.PowerShell
</Data>
    <Data Name="UserData">
    </Data>
    <Data Name="Payload">CommandInvocation(Get-ChildItem): "Get-ChildItem"
ParameterBinding(Get-ChildItem): name="Path"; value="C:\Users\/Public/Desktop"
ParameterBinding(Get-ChildItem): name="ErrorAction"; value="SilentlyContinue"
CommandInvocation(Out-File): "Out-File"
ParameterBinding(Out-File): name="Append"; value="True"
ParameterBinding(Out-File): name="FilePath"; value="output.txt"
ParameterBinding(Out-File): name="InputObject"; value="VMware Shared Folders.lnk"
</Data>
  </EventData>
</Event>

Log Name:      Microsoft-Windows-PowerShell/Operational
Source:        Microsoft-Windows-PowerShell
Date:          2/23/2025 5:35:56 PM
Event ID:      4103
Task Category: Executing Pipeline
Level:         Information
Keywords:      None
User:          SCCMLAB\vagrant
Computer:      DC.sccm.lab
Description:
CommandInvocation(Get-ChildItem): "Get-ChildItem"
ParameterBinding(Get-ChildItem): name="Path"; value="C:\Users\/Administrator/AppData/Roaming"
ParameterBinding(Get-ChildItem): name="ErrorAction"; value="SilentlyContinue"
CommandInvocation(Out-File): "Out-File"
ParameterBinding(Out-File): name="Append"; value="True"
ParameterBinding(Out-File): name="FilePath"; value="output.txt"
NonTerminatingError(Get-ChildItem): "Access is denied"
NonTerminatingError(Get-ChildItem): "Cannot find path 'C:\Users\Administrator\AppData\Roaming' because it does not exist."


Context:
        Severity = Informational
        Host Name = ConsoleHost
        Host Version = 5.1.17763.6893
        Host ID = bf93773c-a6cc-4917-b7e8-d5ea48de0af6
        Host Application = C:\Windows\System32\WindowsPowerShell\v1.0\powershell.exe -Command if((Get-ExecutionPolicy ) -ne 'AllSigned') { Set-ExecutionPolicy -Scope Process Bypass }; & 'C:\Users\vagrant\Downloads\Commands\ART1083\ListFolders.ps1'
        Engine Version = 5.1.17763.6893
        Runspace ID = 456e43fe-32d8-47ea-9d94-8bdb65f62a61
        Pipeline ID = 1
        Command Name = Get-ChildItem
        Command Type = Cmdlet
        Script Name = C:\Users\vagrant\Downloads\Commands\ART1083\ListFolders.ps1
        Command Path = 
        Sequence Number = 39
        User = SCCMLAB\vagrant
        Connected User = 
        Shell ID = Microsoft.PowerShell


User Data:


Event Xml:
<Event xmlns="http://schemas.microsoft.com/win/2004/08/events/event">
  <System>
    <Provider Name="Microsoft-Windows-PowerShell" Guid="{a0c1853b-5c40-4b15-8766-3cf1c58f985a}" />
    <EventID>4103</EventID>
    <Version>1</Version>
    <Level>4</Level>
    <Task>106</Task>
    <Opcode>20</Opcode>
    <Keywords>0x0</Keywords>
    <TimeCreated SystemTime="2025-02-24T01:35:56.660704800Z" />
    <EventRecordID>14108</EventRecordID>
    <Correlation ActivityID="{181f2766-865c-0001-f037-1f185c86db01}" />
    <Execution ProcessID="7128" ThreadID="1932" />
    <Channel>Microsoft-Windows-PowerShell/Operational</Channel>
    <Computer>DC.sccm.lab</Computer>
    <Security UserID="S-1-5-21-1995092367-784345370-2199465104-1000" />
  </System>
  <EventData>
    <Data Name="ContextInfo">        Severity = Informational
        Host Name = ConsoleHost
        Host Version = 5.1.17763.6893
        Host ID = bf93773c-a6cc-4917-b7e8-d5ea48de0af6
        Host Application = C:\Windows\System32\WindowsPowerShell\v1.0\powershell.exe -Command if((Get-ExecutionPolicy ) -ne 'AllSigned') { Set-ExecutionPolicy -Scope Process Bypass }; &amp; 'C:\Users\vagrant\Downloads\Commands\ART1083\ListFolders.ps1'
        Engine Version = 5.1.17763.6893
        Runspace ID = 456e43fe-32d8-47ea-9d94-8bdb65f62a61
        Pipeline ID = 1
        Command Name = Get-ChildItem
        Command Type = Cmdlet
        Script Name = C:\Users\vagrant\Downloads\Commands\ART1083\ListFolders.ps1
        Command Path = 
        Sequence Number = 39
        User = SCCMLAB\vagrant
        Connected User = 
        Shell ID = Microsoft.PowerShell
</Data>
    <Data Name="UserData">
    </Data>
    <Data Name="Payload">CommandInvocation(Get-ChildItem): "Get-ChildItem"
ParameterBinding(Get-ChildItem): name="Path"; value="C:\Users\/Administrator/AppData/Roaming"
ParameterBinding(Get-ChildItem): name="ErrorAction"; value="SilentlyContinue"
CommandInvocation(Out-File): "Out-File"
ParameterBinding(Out-File): name="Append"; value="True"
ParameterBinding(Out-File): name="FilePath"; value="output.txt"
NonTerminatingError(Get-ChildItem): "Access is denied"
NonTerminatingError(Get-ChildItem): "Cannot find path 'C:\Users\Administrator\AppData\Roaming' because it does not exist."
</Data>
  </EventData>
</Event>

